  Determining projects to restore...
  All projects are up-to-date for restore.
C:\Alex\Soft\Demo\Jinja2.NET\Jinja2.NET\Template.cs(42,41): warning CS8625: Cannot convert null literal to non-nullable reference type. [C:\Alex\Soft\Demo\Jinja2.NET\Jinja2.NET\Jinja2.NET.csproj]
C:\Alex\Soft\Demo\Jinja2.NET\Jinja2.NET\Environment.cs(8,51): warning CS8625: Cannot convert null literal to non-nullable reference type. [C:\Alex\Soft\Demo\Jinja2.NET\Jinja2.NET\Jinja2.NET.csproj]
C:\Alex\Soft\Demo\Jinja2.NET\Jinja2.NET\Lexer.cs(14,54): warning CS8625: Cannot convert null literal to non-nullable reference type. [C:\Alex\Soft\Demo\Jinja2.NET\Jinja2.NET\Jinja2.NET.csproj]
C:\Alex\Soft\Demo\Jinja2.NET\Jinja2.NET\Nodes\Renderers\BinaryExpressionNodeRenderer.cs(124,25): warning CS0108: 'BinaryExpressionNodeRenderer.Equals(object, object)' hides inherited member 'object.Equals(object?, object?)'. Use the new keyword if hiding was intended. [C:\Alex\Soft\Demo\Jinja2.NET\Jinja2.NET\Jinja2.NET.csproj]
C:\Alex\Soft\Demo\Jinja2.NET\Jinja2.NET\TokenIterator.cs(15,10): warning CS8618: Non-nullable field '_lastConsumedMarker' must contain a non-null value when exiting constructor. Consider adding the 'required' modifier or declaring the field as nullable. [C:\Alex\Soft\Demo\Jinja2.NET\Jinja2.NET\Jinja2.NET.csproj]
C:\Alex\Soft\Demo\Jinja2.NET\Jinja2.NET\Renderer.cs(68,20): warning CS8603: Possible null reference return. [C:\Alex\Soft\Demo\Jinja2.NET\Jinja2.NET\Jinja2.NET.csproj]
C:\Alex\Soft\Demo\Jinja2.NET\Jinja2.NET\BuiltinFilters.cs(72,20): warning CS8603: Possible null reference return. [C:\Alex\Soft\Demo\Jinja2.NET\Jinja2.NET\Jinja2.NET.csproj]
C:\Alex\Soft\Demo\Jinja2.NET\Jinja2.NET\Parsers\TemplateBodyParser.cs(18,29): warning CS8600: Converting null literal or possible null value to non-nullable type. [C:\Alex\Soft\Demo\Jinja2.NET\Jinja2.NET\Jinja2.NET.csproj]
C:\Alex\Soft\Demo\Jinja2.NET\Jinja2.NET\Parsers\TemplateBodyParser.cs(48,26): warning CS8600: Converting null literal or possible null value to non-nullable type. [C:\Alex\Soft\Demo\Jinja2.NET\Jinja2.NET\Jinja2.NET.csproj]
C:\Alex\Soft\Demo\Jinja2.NET\Jinja2.NET\Parsers\TemplateBodyParser.cs(62,24): warning CS8600: Converting null literal or possible null value to non-nullable type. [C:\Alex\Soft\Demo\Jinja2.NET\Jinja2.NET\Jinja2.NET.csproj]
C:\Alex\Soft\Demo\Jinja2.NET\Jinja2.NET\Parsers\TagParserRegistry.cs(12,12): warning CS8603: Possible null reference return. [C:\Alex\Soft\Demo\Jinja2.NET\Jinja2.NET\Jinja2.NET.csproj]
C:\Alex\Soft\Demo\Jinja2.NET\Jinja2.NET\Nodes\Renderers\AttributeNodeRenderer.cs(18,20): warning CS8603: Possible null reference return. [C:\Alex\Soft\Demo\Jinja2.NET\Jinja2.NET\Jinja2.NET.csproj]
C:\Alex\Soft\Demo\Jinja2.NET\Jinja2.NET\Nodes\Renderers\AttributeNodeRenderer.cs(24,20): warning CS8603: Possible null reference return. [C:\Alex\Soft\Demo\Jinja2.NET\Jinja2.NET\Jinja2.NET.csproj]
C:\Alex\Soft\Demo\Jinja2.NET\Jinja2.NET\Nodes\Renderers\AttributeNodeRenderer.cs(29,20): warning CS8603: Possible null reference return. [C:\Alex\Soft\Demo\Jinja2.NET\Jinja2.NET\Jinja2.NET.csproj]
C:\Alex\Soft\Demo\Jinja2.NET\Jinja2.NET\Nodes\Renderers\AttributeNodeRenderer.cs(32,16): warning CS8603: Possible null reference return. [C:\Alex\Soft\Demo\Jinja2.NET\Jinja2.NET\Jinja2.NET.csproj]
C:\Alex\Soft\Demo\Jinja2.NET\Jinja2.NET\Parsers\EndTagParser.cs(21,12): warning CS8603: Possible null reference return. [C:\Alex\Soft\Demo\Jinja2.NET\Jinja2.NET\Jinja2.NET.csproj]
C:\Alex\Soft\Demo\Jinja2.NET\Jinja2.NET\TemplateContext.cs(26,16): warning CS8603: Possible null reference return. [C:\Alex\Soft\Demo\Jinja2.NET\Jinja2.NET\Jinja2.NET.csproj]
C:\Alex\Soft\Demo\Jinja2.NET\Jinja2.NET\TemplateContext.cs(67,28): warning CS8604: Possible null reference argument for parameter 'value' in 'void TemplateContext.Set(string name, object value)'. [C:\Alex\Soft\Demo\Jinja2.NET\Jinja2.NET\Jinja2.NET.csproj]
C:\Alex\Soft\Demo\Jinja2.NET\Jinja2.NET\OLdCode\Parsers\BlockParserHelper.cs(45,16): warning CS8603: Possible null reference return. [C:\Alex\Soft\Demo\Jinja2.NET\Jinja2.NET\Jinja2.NET.csproj]
C:\Alex\Soft\Demo\Jinja2.NET\Jinja2.NET\Nodes\Renderers\TemplateNodeRenderer.cs(19,16): warning CS8603: Possible null reference return. [C:\Alex\Soft\Demo\Jinja2.NET\Jinja2.NET\Jinja2.NET.csproj]
C:\Alex\Soft\Demo\Jinja2.NET\Jinja2.NET\Nodes\Renderers\IndexNodeRenderer.cs(20,20): warning CS8603: Possible null reference return. [C:\Alex\Soft\Demo\Jinja2.NET\Jinja2.NET\Jinja2.NET.csproj]
C:\Alex\Soft\Demo\Jinja2.NET\Jinja2.NET\Nodes\Renderers\IndexNodeRenderer.cs(25,20): warning CS8603: Possible null reference return. [C:\Alex\Soft\Demo\Jinja2.NET\Jinja2.NET\Jinja2.NET.csproj]
C:\Alex\Soft\Demo\Jinja2.NET\Jinja2.NET\Nodes\Renderers\IndexNodeRenderer.cs(30,20): warning CS8603: Possible null reference return. [C:\Alex\Soft\Demo\Jinja2.NET\Jinja2.NET\Jinja2.NET.csproj]
C:\Alex\Soft\Demo\Jinja2.NET\Jinja2.NET\Nodes\Renderers\VariableNodeRenderer.cs(34,16): warning CS8603: Possible null reference return. [C:\Alex\Soft\Demo\Jinja2.NET\Jinja2.NET\Jinja2.NET.csproj]
C:\Alex\Soft\Demo\Jinja2.NET\Jinja2.NET\Nodes\Renderers\BlockNodeRenderer.cs(32,16): warning CS8603: Possible null reference return. [C:\Alex\Soft\Demo\Jinja2.NET\Jinja2.NET\Jinja2.NET.csproj]
C:\Alex\Soft\Demo\Jinja2.NET\Jinja2.NET\Nodes\Renderers\TextNodeRenderer.cs(16,16): warning CS8603: Possible null reference return. [C:\Alex\Soft\Demo\Jinja2.NET\Jinja2.NET\Jinja2.NET.csproj]
C:\Alex\Soft\Demo\Jinja2.NET\Jinja2.NET\OLdCode\Parsers\BlockParserHelper.cs(72,16): warning CS8603: Possible null reference return. [C:\Alex\Soft\Demo\Jinja2.NET\Jinja2.NET\Jinja2.NET.csproj]
C:\Alex\Soft\Demo\Jinja2.NET\Jinja2.NET\Nodes\Renderers\BinaryExpressionNodeRenderer.cs(42,20): warning CS8603: Possible null reference return. [C:\Alex\Soft\Demo\Jinja2.NET\Jinja2.NET\Jinja2.NET.csproj]
C:\Alex\Soft\Demo\Jinja2.NET\Jinja2.NET\Parsers\StatementParser.cs(34,49): warning CS8619: Nullability of reference types in value of type '(ASTNode?, ETokenType Text)' doesn't match target type '(ASTNode, ETokenType)'. [C:\Alex\Soft\Demo\Jinja2.NET\Jinja2.NET\Jinja2.NET.csproj]
C:\Alex\Soft\Demo\Jinja2.NET\Jinja2.NET\Lexer.cs(140,24): warning CS8600: Converting null literal or possible null value to non-nullable type. [C:\Alex\Soft\Demo\Jinja2.NET\Jinja2.NET\Jinja2.NET.csproj]
C:\Alex\Soft\Demo\Jinja2.NET\Jinja2.NET\Lexer.cs(163,21): warning CS8625: Cannot convert null literal to non-nullable reference type. [C:\Alex\Soft\Demo\Jinja2.NET\Jinja2.NET\Jinja2.NET.csproj]
C:\Alex\Soft\Demo\Jinja2.NET\Jinja2.NET\Parsers\StatementParser.cs(62,12): warning CS8619: Nullability of reference types in value of type '(ASTNode?, ETokenType Type)' doesn't match target type '(ASTNode, ETokenType)'. [C:\Alex\Soft\Demo\Jinja2.NET\Jinja2.NET\Jinja2.NET.csproj]
C:\Alex\Soft\Demo\Jinja2.NET\Jinja2.NET\BuiltinFilters.cs(117,20): warning CS8603: Possible null reference return. [C:\Alex\Soft\Demo\Jinja2.NET\Jinja2.NET\Jinja2.NET.csproj]
C:\Alex\Soft\Demo\Jinja2.NET\Jinja2.NET\Nodes\Renderers\BinaryExpressionNodeRenderer.cs(113,20): warning CS8603: Possible null reference return. [C:\Alex\Soft\Demo\Jinja2.NET\Jinja2.NET\Jinja2.NET.csproj]
C:\Alex\Soft\Demo\Jinja2.NET\Jinja2.NET\Nodes\Renderers\BinaryExpressionNodeRenderer.cs(143,20): warning CS8603: Possible null reference return. [C:\Alex\Soft\Demo\Jinja2.NET\Jinja2.NET\Jinja2.NET.csproj]
C:\Alex\Soft\Demo\Jinja2.NET\Jinja2.NET\Nodes\Renderers\BinaryExpressionNodeRenderer.cs(204,20): warning CS8603: Possible null reference return. [C:\Alex\Soft\Demo\Jinja2.NET\Jinja2.NET\Jinja2.NET.csproj]
C:\Alex\Soft\Demo\Jinja2.NET\Jinja2.NET\Nodes\Renderers\BinaryExpressionNodeRenderer.cs(219,20): warning CS8603: Possible null reference return. [C:\Alex\Soft\Demo\Jinja2.NET\Jinja2.NET\Jinja2.NET.csproj]
C:\Alex\Soft\Demo\Jinja2.NET\Jinja2.NET\OLdCode\Parser_old.cs(317,16): warning CS8603: Possible null reference return. [C:\Alex\Soft\Demo\Jinja2.NET\Jinja2.NET\Jinja2.NET.csproj]
C:\Alex\Soft\Demo\Jinja2.NET\Jinja2.NET\BuiltinFilters.cs(28,46): warning CS8603: Possible null reference return. [C:\Alex\Soft\Demo\Jinja2.NET\Jinja2.NET\Jinja2.NET.csproj]
C:\Alex\Soft\Demo\Jinja2.NET\Jinja2.NET\BuiltinFilters.cs(29,46): warning CS8603: Possible null reference return. [C:\Alex\Soft\Demo\Jinja2.NET\Jinja2.NET\Jinja2.NET.csproj]
C:\Alex\Soft\Demo\Jinja2.NET\Jinja2.NET\BuiltinFilters.cs(32,62): warning CS8604: Possible null reference argument for parameter 'value' in 'string BuiltinFilters.Capitalize(string value)'. [C:\Alex\Soft\Demo\Jinja2.NET\Jinja2.NET\Jinja2.NET.csproj]
C:\Alex\Soft\Demo\Jinja2.NET\Jinja2.NET\BuiltinFilters.cs(33,58): warning CS8604: Possible null reference argument for parameter 'value' in 'string BuiltinFilters.ToTitleCase(string value)'. [C:\Alex\Soft\Demo\Jinja2.NET\Jinja2.NET\Jinja2.NET.csproj]
C:\Alex\Soft\Demo\Jinja2.NET\Jinja2.NET\BuiltinFilters.cs(34,45): warning CS8603: Possible null reference return. [C:\Alex\Soft\Demo\Jinja2.NET\Jinja2.NET\Jinja2.NET.csproj]
C:\Alex\Soft\Demo\Jinja2.NET\Jinja2.NET\BuiltinFilters.cs(35,64): warning CS8604: Possible null reference argument for parameter 'value' in 'string BuiltinFilters.DoReplaceFilter(string value, object[] args)'. [C:\Alex\Soft\Demo\Jinja2.NET\Jinja2.NET\Jinja2.NET.csproj]
C:\Alex\Soft\Demo\Jinja2.NET\Jinja2.NET\Nodes\Renderers\BlockNodeRenderer.cs(118,16): warning CS8603: Possible null reference return. [C:\Alex\Soft\Demo\Jinja2.NET\Jinja2.NET\Jinja2.NET.csproj]
C:\Alex\Soft\Demo\Jinja2.NET\Jinja2.NET\Nodes\Renderers\BinaryExpressionNodeRenderer.cs(234,20): warning CS8603: Possible null reference return. [C:\Alex\Soft\Demo\Jinja2.NET\Jinja2.NET\Jinja2.NET.csproj]
C:\Alex\Soft\Demo\Jinja2.NET\Jinja2.NET\OLdCode\Parser_old.cs(331,16): warning CS8603: Possible null reference return. [C:\Alex\Soft\Demo\Jinja2.NET\Jinja2.NET\Jinja2.NET.csproj]
C:\Alex\Soft\Demo\Jinja2.NET\Jinja2.NET\OLdCode\Parser_old.cs(346,20): warning CS8603: Possible null reference return. [C:\Alex\Soft\Demo\Jinja2.NET\Jinja2.NET\Jinja2.NET.csproj]
C:\Alex\Soft\Demo\Jinja2.NET\Jinja2.NET\Nodes\Renderers\BlockNodeRenderer.cs(142,20): warning CS8603: Possible null reference return. [C:\Alex\Soft\Demo\Jinja2.NET\Jinja2.NET\Jinja2.NET.csproj]
C:\Alex\Soft\Demo\Jinja2.NET\Jinja2.NET\Nodes\Renderers\BlockNodeRenderer.cs(170,32): warning CS8603: Possible null reference return. [C:\Alex\Soft\Demo\Jinja2.NET\Jinja2.NET\Jinja2.NET.csproj]
C:\Alex\Soft\Demo\Jinja2.NET\Jinja2.NET\Nodes\Renderers\BlockNodeRenderer.cs(180,28): warning CS8603: Possible null reference return. [C:\Alex\Soft\Demo\Jinja2.NET\Jinja2.NET\Jinja2.NET.csproj]
C:\Alex\Soft\Demo\Jinja2.NET\Jinja2.NET\Nodes\Renderers\BlockNodeRenderer.cs(185,16): warning CS8603: Possible null reference return. [C:\Alex\Soft\Demo\Jinja2.NET\Jinja2.NET\Jinja2.NET.csproj]
C:\Alex\Soft\Demo\Jinja2.NET\Jinja2.NET\Nodes\Renderers\BlockNodeRenderer.cs(202,16): warning CS8603: Possible null reference return. [C:\Alex\Soft\Demo\Jinja2.NET\Jinja2.NET\Jinja2.NET.csproj]
C:\Alex\Soft\Demo\Jinja2.NET\Jinja2.NET\Nodes\Renderers\BlockNodeRenderer.cs(220,47): warning CS8604: Possible null reference argument for parameter 'value' in 'void TemplateContext.Set(string name, object value)'. [C:\Alex\Soft\Demo\Jinja2.NET\Jinja2.NET\Jinja2.NET.csproj]
C:\Alex\Soft\Demo\Jinja2.NET\Jinja2.NET\Nodes\Renderers\BlockNodeRenderer.cs(223,16): warning CS8603: Possible null reference return. [C:\Alex\Soft\Demo\Jinja2.NET\Jinja2.NET\Jinja2.NET.csproj]
  Jinja2.NET -> C:\Alex\Soft\Demo\Jinja2.NET\Jinja2.NET\bin\Debug\net9.0\Jinja2.NET.dll
C:\Alex\Soft\Demo\Jinja2.NET\Jinja2.NET.Tests\BuiltinFiltersTests.cs(10,79): warning CS8625: Cannot convert null literal to non-nullable reference type. [C:\Alex\Soft\Demo\Jinja2.NET\Jinja2.NET.Tests\Jinja2.NET.Tests.csproj]
C:\Alex\Soft\Demo\Jinja2.NET\Jinja2.NET.Tests\IntegrationTests.cs(158,55): warning CS8602: Dereference of a possibly null reference. [C:\Alex\Soft\Demo\Jinja2.NET\Jinja2.NET.Tests\Jinja2.NET.Tests.csproj]
  Jinja2.NET.Tests -> C:\Alex\Soft\Demo\Jinja2.NET\Jinja2.NET.Tests\bin\Debug\net9.0\Jinja2.NET.Tests.dll
Test run for C:\Alex\Soft\Demo\Jinja2.NET\Jinja2.NET.Tests\bin\Debug\net9.0\Jinja2.NET.Tests.dll (.NETCoreApp,Version=v9.0)
VSTest version 17.14.0 (x64)

Starting test execution, please wait...
A total of 1 test files matched the specified pattern.
C:\Alex\Soft\Demo\Jinja2.NET\Jinja2.NET.Tests\bin\Debug\net9.0\Jinja2.NET.Tests.dll
[xUnit.net 00:00:00.00] xUnit.net VSTest Adapter v2.8.2+699d445a1a (64-bit .NET 9.0.6)
[xUnit.net 00:00:00.10]   Discovering: Jinja2.NET.Tests
[xUnit.net 00:00:00.18]   Discovered:  Jinja2.NET.Tests
[xUnit.net 00:00:00.19]   Starting:    Jinja2.NET.Tests
     Warning:
     The component "Fluent Assertions" is governed by the rules defined in the Xceed License Agreement and
     the Xceed Fluent Assertions Community License. You may use Fluent Assertions free of charge for
     non-commercial use only. An active subscription is required to use Fluent Assertions for commercial use.
     Please contact Xceed Sales mailto:sales@xceed.com to acquire a subscription at a very low cost.
     A paid commercial license supports the development and continued increasing support of
     Fluent Assertions users under both commercial and community licenses. Help us
     keep Fluent Assertions at the forefront of unit testing.
     For more information, visit https://xceed.com/products/unit-testing/fluent-assertions/
Warning: '{% for x items %}' is deprecated. Use '{% for x in items %}' instead.
  Passed Jinja2.NET.Tests.BuiltinFiltersTests.Lower_Filter_Should_Lowercase_String [14 ms]
  Passed Jinja2.NET.Tests.TemplateContextTests.Scope_Push_And_Pop_Should_Work [14 ms]
  Passed Jinja2.NET.Tests.BuiltinFiltersTests.Length_Filter_Should_Return_Length [< 1 ms]
  Passed Jinja2.NET.Tests.TemplateContextTests.Set_And_Get_Should_Work [< 1 ms]
  Passed Jinja2.NET.Tests.TemplateContextTests.SetAll_Should_Set_Dictionary [< 1 ms]
  Passed Jinja2.NET.Tests.BuiltinFiltersTests.Join_Filter_Should_Join_Enumerable [< 1 ms]
  Passed Jinja2.NET.Tests.TemplateContextTests.SetAll_Should_Set_Properties [< 1 ms]
  Passed Jinja2.NET.Tests.BuiltinFiltersTests.Upper_Filter_Should_Uppercase_String [< 1 ms]
  Passed Jinja2.NET.Tests.BuiltinFiltersTests.Default_Filter_Should_Return_Default_If_Null [< 1 ms]
  Passed Jinja2.NET.Tests.LexerTests.Lexer_Should_Tokenize_RightDash_Whitespace_Control(template: "Hello {{ name -}}!", expectedEndType: VariableEnd, expectedEndValue: "-}}", expectedTrimLeft: False, expectedTrimRight: True) [26 ms]
  Passed Jinja2.NET.Tests.ParserTests.Parser_Should_Parse_FilterNode [32 ms]
[xUnit.net 00:00:00.32]       System.InvalidOperationException : Expected Identifier at line 3, column 4
[xUnit.net 00:00:00.32]       Stack Trace:
[xUnit.net 00:00:00.32]         C:\Alex\Soft\Demo\Jinja2.NET\Jinja2.NET\TokenIterator.cs(25,0): at Jinja2.NET.TokenIterator.Consume(ETokenType expectedType)
[xUnit.net 00:00:00.32]         C:\Alex\Soft\Demo\Jinja2.NET\Jinja2.NET\Parsers\StatementParser.cs(50,0): at Jinja2.NET.Parsers.StatementParser.ParseBlock(TokenIterator tokens)
[xUnit.net 00:00:00.32]         C:\Alex\Soft\Demo\Jinja2.NET\Jinja2.NET\Parsers\StatementParser.cs(24,0): at Jinja2.NET.Parsers.StatementParser.Parse(TokenIterator tokens)
[xUnit.net 00:00:00.32]         C:\Alex\Soft\Demo\Jinja2.NET\Jinja2.NET\Parsers\TemplateBodyParser.cs(23,0): at Jinja2.NET.Parsers.TemplateBodyParser.Parse(TokenIterator tokens)
[xUnit.net 00:00:00.32]         C:\Alex\Soft\Demo\Jinja2.NET\Jinja2.NET\MainParser.cs(37,0): at Jinja2.NET.MainParser.Parse(String source)
[xUnit.net 00:00:00.32]         C:\Alex\Soft\Demo\Jinja2.NET\Jinja2.NET\Template.cs(24,0): at Jinja2.NET.Template..ctor(String source, Func`2 rendererFactory)
[xUnit.net 00:00:00.32]         C:\Alex\Soft\Demo\Jinja2.NET\Jinja2.NET.Tests\IntegrationOllamaTests.cs(10,0): at Jinja2.NET.Tests.IntegrationOllamaTests.Should_Render_Ollama_GGUF_Style()
[xUnit.net 00:00:00.32]            at System.RuntimeMethodHandle.InvokeMethod(Object target, Void** arguments, Signature sig, Boolean isConstructor)
[xUnit.net 00:00:00.32]            at System.Reflection.MethodBaseInvoker.InvokeWithNoArgs(Object obj, BindingFlags invokeAttr)
[xUnit.net 00:00:00.32]       System.InvalidOperationException : Expected Identifier at line 1, column 14
[xUnit.net 00:00:00.32]       Stack Trace:
[xUnit.net 00:00:00.33]         C:\Alex\Soft\Demo\Jinja2.NET\Jinja2.NET\TokenIterator.cs(25,0): at Jinja2.NET.TokenIterator.Consume(ETokenType expectedType)
[xUnit.net 00:00:00.33]         C:\Alex\Soft\Demo\Jinja2.NET\Jinja2.NET\Parsers\ExpressionParser.cs(100,0): at Jinja2.NET.Parsers.ExpressionParser.ParsePrimary(TokenIterator tokens)
[xUnit.net 00:00:00.33]         C:\Alex\Soft\Demo\Jinja2.NET\Jinja2.NET\Parsers\ExpressionParser.cs(53,0): at Jinja2.NET.Parsers.ExpressionParser.ParseAttribute(TokenIterator tokens)
[xUnit.net 00:00:00.33]         C:\Alex\Soft\Demo\Jinja2.NET\Jinja2.NET\Parsers\ExpressionParser.cs(76,0): at Jinja2.NET.Parsers.ExpressionParser.ParseBinary(TokenIterator tokens, Int32 parentPrecedence)
[xUnit.net 00:00:00.33]         C:\Alex\Soft\Demo\Jinja2.NET\Jinja2.NET\Parsers\ExpressionParser.cs(10,0): at Jinja2.NET.Parsers.ExpressionParser.Parse(TokenIterator tokens)
[xUnit.net 00:00:00.33]         C:\Alex\Soft\Demo\Jinja2.NET\Jinja2.NET\Parsers\StatementParser.cs(41,0): at Jinja2.NET.Parsers.StatementParser.ParseVariable(TokenIterator tokens)
[xUnit.net 00:00:00.33]         C:\Alex\Soft\Demo\Jinja2.NET\Jinja2.NET\Parsers\StatementParser.cs(23,0): at Jinja2.NET.Parsers.StatementParser.Parse(TokenIterator tokens)
[xUnit.net 00:00:00.33]         C:\Alex\Soft\Demo\Jinja2.NET\Jinja2.NET\Parsers\TemplateBodyParser.cs(23,0): at Jinja2.NET.Parsers.TemplateBodyParser.Parse(TokenIterator tokens)
[xUnit.net 00:00:00.33]         C:\Alex\Soft\Demo\Jinja2.NET\Jinja2.NET\MainParser.cs(37,0): at Jinja2.NET.MainParser.Parse(String source)
[xUnit.net 00:00:00.33]         C:\Alex\Soft\Demo\Jinja2.NET\Jinja2.NET\Template.cs(24,0): at Jinja2.NET.Template..ctor(String source, Func`2 rendererFactory)
[xUnit.net 00:00:00.33]         C:\Alex\Soft\Demo\Jinja2.NET\Jinja2.NET.Tests\IntegrationTests.cs(12,0): at Jinja2.NET.Tests.IntegrationTests.Should_Render_Attribute_Access()
[xUnit.net 00:00:00.33]            at System.RuntimeMethodHandle.InvokeMethod(Object target, Void** arguments, Signature sig, Boolean isConstructor)
[xUnit.net 00:00:00.33]            at System.Reflection.MethodBaseInvoker.InvokeWithNoArgs(Object obj, BindingFlags invokeAttr)
[xUnit.net 00:00:00.33]       System.InvalidOperationException : Expected Identifier at line 1, column 16
[xUnit.net 00:00:00.33]       Stack Trace:
[xUnit.net 00:00:00.33]         C:\Alex\Soft\Demo\Jinja2.NET\Jinja2.NET\TokenIterator.cs(25,0): at Jinja2.NET.TokenIterator.Consume(ETokenType expectedType)
[xUnit.net 00:00:00.33]         C:\Alex\Soft\Demo\Jinja2.NET\Jinja2.NET\Parsers\ExpressionParser.cs(100,0): at Jinja2.NET.Parsers.ExpressionParser.ParsePrimary(TokenIterator tokens)
[xUnit.net 00:00:00.33]         C:\Alex\Soft\Demo\Jinja2.NET\Jinja2.NET\Parsers\ExpressionParser.cs(53,0): at Jinja2.NET.Parsers.ExpressionParser.ParseAttribute(TokenIterator tokens)
[xUnit.net 00:00:00.33]         C:\Alex\Soft\Demo\Jinja2.NET\Jinja2.NET\Parsers\ExpressionParser.cs(76,0): at Jinja2.NET.Parsers.ExpressionParser.ParseBinary(TokenIterator tokens, Int32 parentPrecedence)
[xUnit.net 00:00:00.33]         C:\Alex\Soft\Demo\Jinja2.NET\Jinja2.NET\Parsers\ExpressionParser.cs(10,0): at Jinja2.NET.Parsers.ExpressionParser.Parse(TokenIterator tokens)
[xUnit.net 00:00:00.33]         C:\Alex\Soft\Demo\Jinja2.NET\Jinja2.NET\Parsers\StatementParser.cs(41,0): at Jinja2.NET.Parsers.StatementParser.ParseVariable(TokenIterator tokens)
[xUnit.net 00:00:00.33]         C:\Alex\Soft\Demo\Jinja2.NET\Jinja2.NET\Parsers\StatementParser.cs(23,0): at Jinja2.NET.Parsers.StatementParser.Parse(TokenIterator tokens)
[xUnit.net 00:00:00.33]         C:\Alex\Soft\Demo\Jinja2.NET\Jinja2.NET\Parsers\TemplateBodyParser.cs(23,0): at Jinja2.NET.Parsers.TemplateBodyParser.Parse(TokenIterator tokens)
[xUnit.net 00:00:00.33]         C:\Alex\Soft\Demo\Jinja2.NET\Jinja2.NET\MainParser.cs(37,0): at Jinja2.NET.MainParser.Parse(String source)
[xUnit.net 00:00:00.33]         C:\Alex\Soft\Demo\Jinja2.NET\Jinja2.NET\Template.cs(24,0): at Jinja2.NET.Template..ctor(String source, Func`2 rendererFactory)
[xUnit.net 00:00:00.33]         C:\Alex\Soft\Demo\Jinja2.NET\Jinja2.NET.Tests\TemplateTests.cs(82,0): at Jinja2.NET.Tests.TemplateTests.Template_Should_Render_Dictionary_Context()
[xUnit.net 00:00:00.33]            at System.RuntimeMethodHandle.InvokeMethod(Object target, Void** arguments, Signature sig, Boolean isConstructor)
[xUnit.net 00:00:00.33]            at System.Reflection.MethodBaseInvoker.InvokeWithNoArgs(Object obj, BindingFlags invokeAttr)
  Passed Jinja2.NET.Tests.RendererTests.Renderer_Should_Render_For_With_Else_Empty [34 ms]
  Passed Jinja2.NET.Tests.LexerTests.Lexer_Should_Tokenize_RightDash_Whitespace_Control(template: "{% if true -%}yes{% endif %}", expectedEndType: BlockEnd, expectedEndValue: "-%}", expectedTrimLeft: False, expectedTrimRight: True) [8 ms]
  Failed Jinja2.NET.Tests.IntegrationOllamaTests.Should_Render_Ollama_GGUF_Style [31 ms]
  Error Message:
   System.InvalidOperationException : Expected Identifier at line 3, column 4
  Stack Trace:
     at Jinja2.NET.TokenIterator.Consume(ETokenType expectedType) in C:\Alex\Soft\Demo\Jinja2.NET\Jinja2.NET\TokenIterator.cs:line 25
   at Jinja2.NET.Parsers.StatementParser.ParseBlock(TokenIterator tokens) in C:\Alex\Soft\Demo\Jinja2.NET\Jinja2.NET\Parsers\StatementParser.cs:line 50
   at Jinja2.NET.Parsers.StatementParser.Parse(TokenIterator tokens) in C:\Alex\Soft\Demo\Jinja2.NET\Jinja2.NET\Parsers\StatementParser.cs:line 24
   at Jinja2.NET.Parsers.TemplateBodyParser.Parse(TokenIterator tokens) in C:\Alex\Soft\Demo\Jinja2.NET\Jinja2.NET\Parsers\TemplateBodyParser.cs:line 23
   at Jinja2.NET.MainParser.Parse(String source) in C:\Alex\Soft\Demo\Jinja2.NET\Jinja2.NET\MainParser.cs:line 37
   at Jinja2.NET.Template..ctor(String source, Func`2 rendererFactory) in C:\Alex\Soft\Demo\Jinja2.NET\Jinja2.NET\Template.cs:line 24
   at Jinja2.NET.Tests.IntegrationOllamaTests.Should_Render_Ollama_GGUF_Style() in C:\Alex\Soft\Demo\Jinja2.NET\Jinja2.NET.Tests\IntegrationOllamaTests.cs:line 10
   at System.RuntimeMethodHandle.InvokeMethod(Object target, Void** arguments, Signature sig, Boolean isConstructor)
   at System.Reflection.MethodBaseInvoker.InvokeWithNoArgs(Object obj, BindingFlags invokeAttr)
  Failed Jinja2.NET.Tests.IntegrationTests.Should_Render_Attribute_Access [31 ms]
  Error Message:
   System.InvalidOperationException : Expected Identifier at line 1, column 14
  Stack Trace:
     at Jinja2.NET.TokenIterator.Consume(ETokenType expectedType) in C:\Alex\Soft\Demo\Jinja2.NET\Jinja2.NET\TokenIterator.cs:line 25
   at Jinja2.NET.Parsers.ExpressionParser.ParsePrimary(TokenIterator tokens) in C:\Alex\Soft\Demo\Jinja2.NET\Jinja2.NET\Parsers\ExpressionParser.cs:line 100
   at Jinja2.NET.Parsers.ExpressionParser.ParseAttribute(TokenIterator tokens) in C:\Alex\Soft\Demo\Jinja2.NET\Jinja2.NET\Parsers\ExpressionParser.cs:line 53
   at Jinja2.NET.Parsers.ExpressionParser.ParseBinary(TokenIterator tokens, Int32 parentPrecedence) in C:\Alex\Soft\Demo\Jinja2.NET\Jinja2.NET\Parsers\ExpressionParser.cs:line 76
   at Jinja2.NET.Parsers.ExpressionParser.Parse(TokenIterator tokens) in C:\Alex\Soft\Demo\Jinja2.NET\Jinja2.NET\Parsers\ExpressionParser.cs:line 10
   at Jinja2.NET.Parsers.StatementParser.ParseVariable(TokenIterator tokens) in C:\Alex\Soft\Demo\Jinja2.NET\Jinja2.NET\Parsers\StatementParser.cs:line 41
   at Jinja2.NET.Parsers.StatementParser.Parse(TokenIterator tokens) in C:\Alex\Soft\Demo\Jinja2.NET\Jinja2.NET\Parsers\StatementParser.cs:line 23
   at Jinja2.NET.Parsers.TemplateBodyParser.Parse(TokenIterator tokens) in C:\Alex\Soft\Demo\Jinja2.NET\Jinja2.NET\Parsers\TemplateBodyParser.cs:line 23
   at Jinja2.NET.MainParser.Parse(String source) in C:\Alex\Soft\Demo\Jinja2.NET\Jinja2.NET\MainParser.cs:line 37
   at Jinja2.NET.Template..ctor(String source, Func`2 rendererFactory) in C:\Alex\Soft\Demo\Jinja2.NET\Jinja2.NET\Template.cs:line 24
   at Jinja2.NET.Tests.IntegrationTests.Should_Render_Attribute_Access() in C:\Alex\Soft\Demo\Jinja2.NET\Jinja2.NET.Tests\IntegrationTests.cs:line 12
   at System.RuntimeMethodHandle.InvokeMethod(Object target, Void** arguments, Signature sig, Boolean isConstructor)
   at System.Reflection.MethodBaseInvoker.InvokeWithNoArgs(Object obj, BindingFlags invokeAttr)
  Failed Jinja2.NET.Tests.TemplateTests.Template_Should_Render_Dictionary_Context [31 ms]
  Error Message:
   System.InvalidOperationException : Expected Identifier at line 1, column 16
  Stack Trace:
     at Jinja2.NET.TokenIterator.Consume(ETokenType expectedType) in C:\Alex\Soft\Demo\Jinja2.NET\Jinja2.NET\TokenIterator.cs:line 25
   at Jinja2.NET.Parsers.ExpressionParser.ParsePrimary(TokenIterator tokens) in C:\Alex\Soft\Demo\Jinja2.NET\Jinja2.NET\Parsers\ExpressionParser.cs:line 100
   at Jinja2.NET.Parsers.ExpressionParser.ParseAttribute(TokenIterator tokens) in C:\Alex\Soft\Demo\Jinja2.NET\Jinja2.NET\Parsers\ExpressionParser.cs:line 53
   at Jinja2.NET.Parsers.ExpressionParser.ParseBinary(TokenIterator tokens, Int32 parentPrecedence) in C:\Alex\Soft\Demo\Jinja2.NET\Jinja2.NET\Parsers\ExpressionParser.cs:line 76
   at Jinja2.NET.Parsers.ExpressionParser.Parse(TokenIterator tokens) in C:\Alex\Soft\Demo\Jinja2.NET\Jinja2.NET\Parsers\ExpressionParser.cs:line 10
   at Jinja2.NET.Parsers.StatementParser.ParseVariable(TokenIterator tokens) in C:\Alex\Soft\Demo\Jinja2.NET\Jinja2.NET\Parsers\StatementParser.cs:line 41
   at Jinja2.NET.Parsers.StatementParser.Parse(TokenIterator tokens) in C:\Alex\Soft\Demo\Jinja2.NET\Jinja2.NET\Parsers\StatementParser.cs:line 23
   at Jinja2.NET.Parsers.TemplateBodyParser.Parse(TokenIterator tokens) in C:\Alex\Soft\Demo\Jinja2.NET\Jinja2.NET\Parsers\TemplateBodyParser.cs:line 23
   at Jinja2.NET.MainParser.Parse(String source) in C:\Alex\Soft\Demo\Jinja2.NET\Jinja2.NET\MainParser.cs:line 37
   at Jinja2.NET.Template..ctor(String source, Func`2 rendererFactory) in C:\Alex\Soft\Demo\Jinja2.NET\Jinja2.NET\Template.cs:line 24
   at Jinja2.NET.Tests.TemplateTests.Template_Should_Render_Dictionary_Context() in C:\Alex\Soft\Demo\Jinja2.NET\Jinja2.NET.Tests\TemplateTests.cs:line 82
   at System.RuntimeMethodHandle.InvokeMethod(Object target, Void** arguments, Signature sig, Boolean isConstructor)
   at System.Reflection.MethodBaseInvoker.InvokeWithNoArgs(Object obj, BindingFlags invokeAttr)
[xUnit.net 00:00:00.33]       System.InvalidOperationException : Expected Identifier at line 1, column 14
[xUnit.net 00:00:00.33]       Stack Trace:
[xUnit.net 00:00:00.33]         C:\Alex\Soft\Demo\Jinja2.NET\Jinja2.NET\TokenIterator.cs(25,0): at Jinja2.NET.TokenIterator.Consume(ETokenType expectedType)
[xUnit.net 00:00:00.33]         C:\Alex\Soft\Demo\Jinja2.NET\Jinja2.NET\Parsers\ExpressionParser.cs(100,0): at Jinja2.NET.Parsers.ExpressionParser.ParsePrimary(TokenIterator tokens)
[xUnit.net 00:00:00.33]         C:\Alex\Soft\Demo\Jinja2.NET\Jinja2.NET\Parsers\ExpressionParser.cs(53,0): at Jinja2.NET.Parsers.ExpressionParser.ParseAttribute(TokenIterator tokens)
[xUnit.net 00:00:00.33]         C:\Alex\Soft\Demo\Jinja2.NET\Jinja2.NET\Parsers\ExpressionParser.cs(76,0): at Jinja2.NET.Parsers.ExpressionParser.ParseBinary(TokenIterator tokens, Int32 parentPrecedence)
[xUnit.net 00:00:00.33]         C:\Alex\Soft\Demo\Jinja2.NET\Jinja2.NET\Parsers\ExpressionParser.cs(10,0): at Jinja2.NET.Parsers.ExpressionParser.Parse(TokenIterator tokens)
[xUnit.net 00:00:00.33]         C:\Alex\Soft\Demo\Jinja2.NET\Jinja2.NET\Parsers\StatementParser.cs(41,0): at Jinja2.NET.Parsers.StatementParser.ParseVariable(TokenIterator tokens)
[xUnit.net 00:00:00.33]         C:\Alex\Soft\Demo\Jinja2.NET\Jinja2.NET\Parsers\StatementParser.cs(23,0): at Jinja2.NET.Parsers.StatementParser.Parse(TokenIterator tokens)
[xUnit.net 00:00:00.33]         C:\Alex\Soft\Demo\Jinja2.NET\Jinja2.NET\Parsers\TemplateBodyParser.cs(23,0): at Jinja2.NET.Parsers.TemplateBodyParser.Parse(TokenIterator tokens)
[xUnit.net 00:00:00.33]         C:\Alex\Soft\Demo\Jinja2.NET\Jinja2.NET\MainParser.cs(37,0): at Jinja2.NET.MainParser.Parse(String source)
[xUnit.net 00:00:00.33]         C:\Alex\Soft\Demo\Jinja2.NET\Jinja2.NET\Template.cs(24,0): at Jinja2.NET.Template..ctor(String source, Func`2 rendererFactory)
[xUnit.net 00:00:00.33]         C:\Alex\Soft\Demo\Jinja2.NET\Jinja2.NET.Tests\IntegrationTests.cs(28,0): at Jinja2.NET.Tests.IntegrationTests.Should_Render_Basic_Variables()
[xUnit.net 00:00:00.33]            at System.RuntimeMethodHandle.InvokeMethod(Object target, Void** arguments, Signature sig, Boolean isConstructor)
[xUnit.net 00:00:00.33]            at System.Reflection.MethodBaseInvoker.InvokeWithNoArgs(Object obj, BindingFlags invokeAttr)
[xUnit.net 00:00:00.33]       System.InvalidOperationException : Expected Identifier at line 1, column 14
[xUnit.net 00:00:00.33]       Stack Trace:
[xUnit.net 00:00:00.33]         C:\Alex\Soft\Demo\Jinja2.NET\Jinja2.NET\TokenIterator.cs(25,0): at Jinja2.NET.TokenIterator.Consume(ETokenType expectedType)
[xUnit.net 00:00:00.33]         C:\Alex\Soft\Demo\Jinja2.NET\Jinja2.NET\Parsers\ExpressionParser.cs(100,0): at Jinja2.NET.Parsers.ExpressionParser.ParsePrimary(TokenIterator tokens)
[xUnit.net 00:00:00.33]         C:\Alex\Soft\Demo\Jinja2.NET\Jinja2.NET\Parsers\ExpressionParser.cs(53,0): at Jinja2.NET.Parsers.ExpressionParser.ParseAttribute(TokenIterator tokens)
[xUnit.net 00:00:00.33]         C:\Alex\Soft\Demo\Jinja2.NET\Jinja2.NET\Parsers\ExpressionParser.cs(76,0): at Jinja2.NET.Parsers.ExpressionParser.ParseBinary(TokenIterator tokens, Int32 parentPrecedence)
[xUnit.net 00:00:00.33]         C:\Alex\Soft\Demo\Jinja2.NET\Jinja2.NET\Parsers\ExpressionParser.cs(10,0): at Jinja2.NET.Parsers.ExpressionParser.Parse(TokenIterator tokens)
[xUnit.net 00:00:00.33]         C:\Alex\Soft\Demo\Jinja2.NET\Jinja2.NET\Parsers\StatementParser.cs(41,0): at Jinja2.NET.Parsers.StatementParser.ParseVariable(TokenIterator tokens)
[xUnit.net 00:00:00.33]         C:\Alex\Soft\Demo\Jinja2.NET\Jinja2.NET\Parsers\StatementParser.cs(23,0): at Jinja2.NET.Parsers.StatementParser.Parse(TokenIterator tokens)
[xUnit.net 00:00:00.33]         C:\Alex\Soft\Demo\Jinja2.NET\Jinja2.NET\Parsers\TemplateBodyParser.cs(23,0): at Jinja2.NET.Parsers.TemplateBodyParser.Parse(TokenIterator tokens)
[xUnit.net 00:00:00.33]         C:\Alex\Soft\Demo\Jinja2.NET\Jinja2.NET\MainParser.cs(37,0): at Jinja2.NET.MainParser.Parse(String source)
[xUnit.net 00:00:00.33]         C:\Alex\Soft\Demo\Jinja2.NET\Jinja2.NET\Template.cs(24,0): at Jinja2.NET.Template..ctor(String source, Func`2 rendererFactory)
[xUnit.net 00:00:00.33]         C:\Alex\Soft\Demo\Jinja2.NET\Jinja2.NET.Tests\TemplateTests.cs(18,0): at Jinja2.NET.Tests.TemplateTests.Template_Should_Render_Attribute_Access()
[xUnit.net 00:00:00.33]            at System.RuntimeMethodHandle.InvokeMethod(Object target, Void** arguments, Signature sig, Boolean isConstructor)
[xUnit.net 00:00:00.33]            at System.Reflection.MethodBaseInvoker.InvokeWithNoArgs(Object obj, BindingFlags invokeAttr)
[xUnit.net 00:00:00.33]       System.InvalidOperationException : Expected Identifier at line 1, column 3
[xUnit.net 00:00:00.33]       Stack Trace:
[xUnit.net 00:00:00.33]         C:\Alex\Soft\Demo\Jinja2.NET\Jinja2.NET\TokenIterator.cs(25,0): at Jinja2.NET.TokenIterator.Consume(ETokenType expectedType)
[xUnit.net 00:00:00.33]         C:\Alex\Soft\Demo\Jinja2.NET\Jinja2.NET\Parsers\StatementParser.cs(50,0): at Jinja2.NET.Parsers.StatementParser.ParseBlock(TokenIterator tokens)
[xUnit.net 00:00:00.33]         C:\Alex\Soft\Demo\Jinja2.NET\Jinja2.NET\Parsers\StatementParser.cs(24,0): at Jinja2.NET.Parsers.StatementParser.Parse(TokenIterator tokens)
[xUnit.net 00:00:00.33]         C:\Alex\Soft\Demo\Jinja2.NET\Jinja2.NET\Parsers\TemplateBodyParser.cs(23,0): at Jinja2.NET.Parsers.TemplateBodyParser.Parse(TokenIterator tokens)
[xUnit.net 00:00:00.33]         C:\Alex\Soft\Demo\Jinja2.NET\Jinja2.NET\MainParser.cs(37,0): at Jinja2.NET.MainParser.Parse(String source)
[xUnit.net 00:00:00.33]         C:\Alex\Soft\Demo\Jinja2.NET\Jinja2.NET\Template.cs(24,0): at Jinja2.NET.Template..ctor(String source, Func`2 rendererFactory)
[xUnit.net 00:00:00.33]         C:\Alex\Soft\Demo\Jinja2.NET\Jinja2.NET.Tests\RendererTests.cs(122,0): at Jinja2.NET.Tests.RendererTests.Renderer_Should_Render_For_Loop_With_Newlines()
[xUnit.net 00:00:00.33]            at System.RuntimeMethodHandle.InvokeMethod(Object target, Void** arguments, Signature sig, Boolean isConstructor)
[xUnit.net 00:00:00.33]            at System.Reflection.MethodBaseInvoker.InvokeWithNoArgs(Object obj, BindingFlags invokeAttr)
[xUnit.net 00:00:00.33]       Output:
[xUnit.net 00:00:00.33]         Tokens for For Loop Template:
[xUnit.net 00:00:00.33]         Token: BlockStart [{%]
[xUnit.net 00:00:00.33]         Token: Text [ ]
[xUnit.net 00:00:00.33]         Token: Identifier [for]
[xUnit.net 00:00:00.33]         Token: Text [ ]
[xUnit.net 00:00:00.33]         Token: Identifier [item]
[xUnit.net 00:00:00.33]         Token: Text [ ]
[xUnit.net 00:00:00.33]         Token: Identifier [in]
[xUnit.net 00:00:00.33]         Token: Text [ ]
[xUnit.net 00:00:00.33]         Token: Identifier [items]
[xUnit.net 00:00:00.33]         Token: Text [ ]
[xUnit.net 00:00:00.33]         Token: BlockEnd [%}]
[xUnit.net 00:00:00.33]         Token: Text [- ]
[xUnit.net 00:00:00.33]         Token: VariableStart [{{]
[xUnit.net 00:00:00.33]         Token: Text [ ]
[xUnit.net 00:00:00.33]         Token: Identifier [item]
[xUnit.net 00:00:00.33]         Token: Text [ ]
[xUnit.net 00:00:00.33]         Token: VariableEnd [}}]
[xUnit.net 00:00:00.33]         Token: Text [\r\n]
[xUnit.net 00:00:00.33]         Token: BlockStart [{%]
[xUnit.net 00:00:00.33]         Token: Text [ ]
[xUnit.net 00:00:00.33]         Token: Identifier [endfor]
[xUnit.net 00:00:00.33]         Token: Text [ ]
[xUnit.net 00:00:00.33]         Token: BlockEnd [%}]
[xUnit.net 00:00:00.33]         Token: EOF []
[xUnit.net 00:00:00.33]         
[xUnit.net 00:00:00.33]       System.InvalidOperationException : Expected Identifier at line 1, column 11
[xUnit.net 00:00:00.33]       Stack Trace:
[xUnit.net 00:00:00.33]         C:\Alex\Soft\Demo\Jinja2.NET\Jinja2.NET\TokenIterator.cs(25,0): at Jinja2.NET.TokenIterator.Consume(ETokenType expectedType)
[xUnit.net 00:00:00.33]         C:\Alex\Soft\Demo\Jinja2.NET\Jinja2.NET\Parsers\ExpressionParser.cs(100,0): at Jinja2.NET.Parsers.ExpressionParser.ParsePrimary(TokenIterator tokens)
[xUnit.net 00:00:00.33]         C:\Alex\Soft\Demo\Jinja2.NET\Jinja2.NET\Parsers\ExpressionParser.cs(53,0): at Jinja2.NET.Parsers.ExpressionParser.ParseAttribute(TokenIterator tokens)
[xUnit.net 00:00:00.33]         C:\Alex\Soft\Demo\Jinja2.NET\Jinja2.NET\Parsers\ExpressionParser.cs(76,0): at Jinja2.NET.Parsers.ExpressionParser.ParseBinary(TokenIterator tokens, Int32 parentPrecedence)
[xUnit.net 00:00:00.33]         C:\Alex\Soft\Demo\Jinja2.NET\Jinja2.NET\Parsers\ExpressionParser.cs(10,0): at Jinja2.NET.Parsers.ExpressionParser.Parse(TokenIterator tokens)
[xUnit.net 00:00:00.33]         C:\Alex\Soft\Demo\Jinja2.NET\Jinja2.NET\Parsers\StatementParser.cs(41,0): at Jinja2.NET.Parsers.StatementParser.ParseVariable(TokenIterator tokens)
[xUnit.net 00:00:00.33]         C:\Alex\Soft\Demo\Jinja2.NET\Jinja2.NET\Parsers\StatementParser.cs(23,0): at Jinja2.NET.Parsers.StatementParser.Parse(TokenIterator tokens)
[xUnit.net 00:00:00.33]         C:\Alex\Soft\Demo\Jinja2.NET\Jinja2.NET\Parsers\TemplateBodyParser.cs(23,0): at Jinja2.NET.Parsers.TemplateBodyParser.Parse(TokenIterator tokens)
[xUnit.net 00:00:00.33]         C:\Alex\Soft\Demo\Jinja2.NET\Jinja2.NET\MainParser.cs(37,0): at Jinja2.NET.MainParser.Parse(String source)
[xUnit.net 00:00:00.33]         C:\Alex\Soft\Demo\Jinja2.NET\Jinja2.NET\Template.cs(24,0): at Jinja2.NET.Template..ctor(String source, Func`2 rendererFactory)
[xUnit.net 00:00:00.33]         C:\Alex\Soft\Demo\Jinja2.NET\Jinja2.NET.Tests\IntegrationTests.cs(145,0): at Jinja2.NET.Tests.IntegrationTests.Should_Render_With_Filters()
[xUnit.net 00:00:00.33]            at System.RuntimeMethodHandle.InvokeMethod(Object target, Void** arguments, Signature sig, Boolean isConstructor)
[xUnit.net 00:00:00.33]            at System.Reflection.MethodBaseInvoker.InvokeWithNoArgs(Object obj, BindingFlags invokeAttr)
  Passed Jinja2.NET.Tests.LexerTests.Lexer_Should_Tokenize_RightDash_Whitespace_Control(template: "{# comment -#}", expectedEndType: CommentEnd, expectedEndValue: "-#}", expectedTrimLeft: False, expectedTrimRight: True) [7 ms]
  Failed Jinja2.NET.Tests.IntegrationTests.Should_Render_Basic_Variables [7 ms]
  Error Message:
   System.InvalidOperationException : Expected Identifier at line 1, column 14
  Stack Trace:
     at Jinja2.NET.TokenIterator.Consume(ETokenType expectedType) in C:\Alex\Soft\Demo\Jinja2.NET\Jinja2.NET\TokenIterator.cs:line 25
   at Jinja2.NET.Parsers.ExpressionParser.ParsePrimary(TokenIterator tokens) in C:\Alex\Soft\Demo\Jinja2.NET\Jinja2.NET\Parsers\ExpressionParser.cs:line 100
   at Jinja2.NET.Parsers.ExpressionParser.ParseAttribute(TokenIterator tokens) in C:\Alex\Soft\Demo\Jinja2.NET\Jinja2.NET\Parsers\ExpressionParser.cs:line 53
   at Jinja2.NET.Parsers.ExpressionParser.ParseBinary(TokenIterator tokens, Int32 parentPrecedence) in C:\Alex\Soft\Demo\Jinja2.NET\Jinja2.NET\Parsers\ExpressionParser.cs:line 76
   at Jinja2.NET.Parsers.ExpressionParser.Parse(TokenIterator tokens) in C:\Alex\Soft\Demo\Jinja2.NET\Jinja2.NET\Parsers\ExpressionParser.cs:line 10
   at Jinja2.NET.Parsers.StatementParser.ParseVariable(TokenIterator tokens) in C:\Alex\Soft\Demo\Jinja2.NET\Jinja2.NET\Parsers\StatementParser.cs:line 41
   at Jinja2.NET.Parsers.StatementParser.Parse(TokenIterator tokens) in C:\Alex\Soft\Demo\Jinja2.NET\Jinja2.NET\Parsers\StatementParser.cs:line 23
   at Jinja2.NET.Parsers.TemplateBodyParser.Parse(TokenIterator tokens) in C:\Alex\Soft\Demo\Jinja2.NET\Jinja2.NET\Parsers\TemplateBodyParser.cs:line 23
   at Jinja2.NET.MainParser.Parse(String source) in C:\Alex\Soft\Demo\Jinja2.NET\Jinja2.NET\MainParser.cs:line 37
   at Jinja2.NET.Template..ctor(String source, Func`2 rendererFactory) in C:\Alex\Soft\Demo\Jinja2.NET\Jinja2.NET\Template.cs:line 24
   at Jinja2.NET.Tests.IntegrationTests.Should_Render_Basic_Variables() in C:\Alex\Soft\Demo\Jinja2.NET\Jinja2.NET.Tests\IntegrationTests.cs:line 28
   at System.RuntimeMethodHandle.InvokeMethod(Object target, Void** arguments, Signature sig, Boolean isConstructor)
   at System.Reflection.MethodBaseInvoker.InvokeWithNoArgs(Object obj, BindingFlags invokeAttr)
  Failed Jinja2.NET.Tests.TemplateTests.Template_Should_Render_Attribute_Access [7 ms]
  Error Message:
   System.InvalidOperationException : Expected Identifier at line 1, column 14
  Stack Trace:
     at Jinja2.NET.TokenIterator.Consume(ETokenType expectedType) in C:\Alex\Soft\Demo\Jinja2.NET\Jinja2.NET\TokenIterator.cs:line 25
   at Jinja2.NET.Parsers.ExpressionParser.ParsePrimary(TokenIterator tokens) in C:\Alex\Soft\Demo\Jinja2.NET\Jinja2.NET\Parsers\ExpressionParser.cs:line 100
   at Jinja2.NET.Parsers.ExpressionParser.ParseAttribute(TokenIterator tokens) in C:\Alex\Soft\Demo\Jinja2.NET\Jinja2.NET\Parsers\ExpressionParser.cs:line 53
   at Jinja2.NET.Parsers.ExpressionParser.ParseBinary(TokenIterator tokens, Int32 parentPrecedence) in C:\Alex\Soft\Demo\Jinja2.NET\Jinja2.NET\Parsers\ExpressionParser.cs:line 76
   at Jinja2.NET.Parsers.ExpressionParser.Parse(TokenIterator tokens) in C:\Alex\Soft\Demo\Jinja2.NET\Jinja2.NET\Parsers\ExpressionParser.cs:line 10
   at Jinja2.NET.Parsers.StatementParser.ParseVariable(TokenIterator tokens) in C:\Alex\Soft\Demo\Jinja2.NET\Jinja2.NET\Parsers\StatementParser.cs:line 41
   at Jinja2.NET.Parsers.StatementParser.Parse(TokenIterator tokens) in C:\Alex\Soft\Demo\Jinja2.NET\Jinja2.NET\Parsers\StatementParser.cs:line 23
   at Jinja2.NET.Parsers.TemplateBodyParser.Parse(TokenIterator tokens) in C:\Alex\Soft\Demo\Jinja2.NET\Jinja2.NET\Parsers\TemplateBodyParser.cs:line 23
   at Jinja2.NET.MainParser.Parse(String source) in C:\Alex\Soft\Demo\Jinja2.NET\Jinja2.NET\MainParser.cs:line 37
   at Jinja2.NET.Template..ctor(String source, Func`2 rendererFactory) in C:\Alex\Soft\Demo\Jinja2.NET\Jinja2.NET\Template.cs:line 24
   at Jinja2.NET.Tests.TemplateTests.Template_Should_Render_Attribute_Access() in C:\Alex\Soft\Demo\Jinja2.NET\Jinja2.NET.Tests\TemplateTests.cs:line 18
   at System.RuntimeMethodHandle.InvokeMethod(Object target, Void** arguments, Signature sig, Boolean isConstructor)
   at System.Reflection.MethodBaseInvoker.InvokeWithNoArgs(Object obj, BindingFlags invokeAttr)
  Failed Jinja2.NET.Tests.RendererTests.Renderer_Should_Render_For_Loop_With_Newlines [17 ms]
  Error Message:
   System.InvalidOperationException : Expected Identifier at line 1, column 3
  Stack Trace:
     at Jinja2.NET.TokenIterator.Consume(ETokenType expectedType) in C:\Alex\Soft\Demo\Jinja2.NET\Jinja2.NET\TokenIterator.cs:line 25
   at Jinja2.NET.Parsers.StatementParser.ParseBlock(TokenIterator tokens) in C:\Alex\Soft\Demo\Jinja2.NET\Jinja2.NET\Parsers\StatementParser.cs:line 50
   at Jinja2.NET.Parsers.StatementParser.Parse(TokenIterator tokens) in C:\Alex\Soft\Demo\Jinja2.NET\Jinja2.NET\Parsers\StatementParser.cs:line 24
   at Jinja2.NET.Parsers.TemplateBodyParser.Parse(TokenIterator tokens) in C:\Alex\Soft\Demo\Jinja2.NET\Jinja2.NET\Parsers\TemplateBodyParser.cs:line 23
   at Jinja2.NET.MainParser.Parse(String source) in C:\Alex\Soft\Demo\Jinja2.NET\Jinja2.NET\MainParser.cs:line 37
   at Jinja2.NET.Template..ctor(String source, Func`2 rendererFactory) in C:\Alex\Soft\Demo\Jinja2.NET\Jinja2.NET\Template.cs:line 24
   at Jinja2.NET.Tests.RendererTests.Renderer_Should_Render_For_Loop_With_Newlines() in C:\Alex\Soft\Demo\Jinja2.NET\Jinja2.NET.Tests\RendererTests.cs:line 122
   at System.RuntimeMethodHandle.InvokeMethod(Object target, Void** arguments, Signature sig, Boolean isConstructor)
   at System.Reflection.MethodBaseInvoker.InvokeWithNoArgs(Object obj, BindingFlags invokeAttr)
  Standard Output Messages:
 Tokens for For Loop Template:
 Token: BlockStart [{%]
 Token: Text [ ]
 Token: Identifier [for]
 Token: Text [ ]
 Token: Identifier [item]
 Token: Text [ ]
 Token: Identifier [in]
 Token: Text [ ]
 Token: Identifier [items]
 Token: Text [ ]
 Token: BlockEnd [%}]
 Token: Text [- ]
 Token: VariableStart [{{]
 Token: Text [ ]
 Token: Identifier [item]
 Token: Text [ ]
 Token: VariableEnd [}}]
 Token: Text [\r\n]
 Token: BlockStart [{%]
 Token: Text [ ]
 Token: Identifier [endfor]
 Token: Text [ ]
 Token: BlockEnd [%}]
 Token: EOF []
 


  Passed Jinja2.NET.Tests.LexerTests.Should_Tokenize_Whitespace_Control_Dashes_Correctly [9 ms]
  Failed Jinja2.NET.Tests.IntegrationTests.Should_Render_With_Filters [7 ms]
  Error Message:
   System.InvalidOperationException : Expected Identifier at line 1, column 11
  Stack Trace:
     at Jinja2.NET.TokenIterator.Consume(ETokenType expectedType) in C:\Alex\Soft\Demo\Jinja2.NET\Jinja2.NET\TokenIterator.cs:line 25
   at Jinja2.NET.Parsers.ExpressionParser.ParsePrimary(TokenIterator tokens) in C:\Alex\Soft\Demo\Jinja2.NET\Jinja2.NET\Parsers\ExpressionParser.cs:line 100
   at Jinja2.NET.Parsers.ExpressionParser.ParseAttribute(TokenIterator tokens) in C:\Alex\Soft\Demo\Jinja2.NET\Jinja2.NET\Parsers\ExpressionParser.cs:line 53
   at Jinja2.NET.Parsers.ExpressionParser.ParseBinary(TokenIterator tokens, Int32 parentPrecedence) in C:\Alex\Soft\Demo\Jinja2.NET\Jinja2.NET\Parsers\ExpressionParser.cs:line 76
   at Jinja2.NET.Parsers.ExpressionParser.Parse(TokenIterator tokens) in C:\Alex\Soft\Demo\Jinja2.NET\Jinja2.NET\Parsers\ExpressionParser.cs:line 10
   at Jinja2.NET.Parsers.StatementParser.ParseVariable(TokenIterator tokens) in C:\Alex\Soft\Demo\Jinja2.NET\Jinja2.NET\Parsers\StatementParser.cs:line 41
   at Jinja2.NET.Parsers.StatementParser.Parse(TokenIterator tokens) in C:\Alex\Soft\Demo\Jinja2.NET\Jinja2.NET\Parsers\StatementParser.cs:line 23
   at Jinja2.NET.Parsers.TemplateBodyParser.Parse(TokenIterator tokens) in C:\Alex\Soft\Demo\Jinja2.NET\Jinja2.NET\Parsers\TemplateBodyParser.cs:line 23
   at Jinja2.NET.MainParser.Parse(String source) in C:\Alex\Soft\Demo\Jinja2.NET\Jinja2.NET\MainParser.cs:line 37
   at Jinja2.NET.Template..ctor(String source, Func`2 rendererFactory) in C:\Alex\Soft\Demo\Jinja2.NET\Jinja2.NET\Template.cs:line 24
   at Jinja2.NET.Tests.IntegrationTests.Should_Render_With_Filters() in C:\Alex\Soft\Demo\Jinja2.NET\Jinja2.NET.Tests\IntegrationTests.cs:line 145
   at System.RuntimeMethodHandle.InvokeMethod(Object target, Void** arguments, Signature sig, Boolean isConstructor)
   at System.Reflection.MethodBaseInvoker.InvokeWithNoArgs(Object obj, BindingFlags invokeAttr)
[xUnit.net 00:00:00.34]       System.InvalidOperationException : Expected Identifier at line 2, column 3
[xUnit.net 00:00:00.34]       Stack Trace:
[xUnit.net 00:00:00.34]         C:\Alex\Soft\Demo\Jinja2.NET\Jinja2.NET\TokenIterator.cs(25,0): at Jinja2.NET.TokenIterator.Consume(ETokenType expectedType)
[xUnit.net 00:00:00.34]         C:\Alex\Soft\Demo\Jinja2.NET\Jinja2.NET\Parsers\StatementParser.cs(50,0): at Jinja2.NET.Parsers.StatementParser.ParseBlock(TokenIterator tokens)
[xUnit.net 00:00:00.34]         C:\Alex\Soft\Demo\Jinja2.NET\Jinja2.NET\Parsers\StatementParser.cs(24,0): at Jinja2.NET.Parsers.StatementParser.Parse(TokenIterator tokens)
[xUnit.net 00:00:00.34]         C:\Alex\Soft\Demo\Jinja2.NET\Jinja2.NET\Parsers\TemplateBodyParser.cs(23,0): at Jinja2.NET.Parsers.TemplateBodyParser.Parse(TokenIterator tokens)
[xUnit.net 00:00:00.34]         C:\Alex\Soft\Demo\Jinja2.NET\Jinja2.NET\MainParser.cs(37,0): at Jinja2.NET.MainParser.Parse(String source)
[xUnit.net 00:00:00.34]         C:\Alex\Soft\Demo\Jinja2.NET\Jinja2.NET\Template.cs(24,0): at Jinja2.NET.Template..ctor(String source, Func`2 rendererFactory)
[xUnit.net 00:00:00.34]         C:\Alex\Soft\Demo\Jinja2.NET\Jinja2.NET.Tests\TemplateTests.cs(101,0): at Jinja2.NET.Tests.TemplateTests.Template_Should_Render_Set_And_Concat()
[xUnit.net 00:00:00.34]            at System.RuntimeMethodHandle.InvokeMethod(Object target, Void** arguments, Signature sig, Boolean isConstructor)
[xUnit.net 00:00:00.34]            at System.Reflection.MethodBaseInvoker.InvokeWithNoArgs(Object obj, BindingFlags invokeAttr)
[xUnit.net 00:00:00.34]       System.InvalidOperationException : Expected Identifier at line 1, column 3
[xUnit.net 00:00:00.34]       Stack Trace:
[xUnit.net 00:00:00.34]         C:\Alex\Soft\Demo\Jinja2.NET\Jinja2.NET\TokenIterator.cs(25,0): at Jinja2.NET.TokenIterator.Consume(ETokenType expectedType)
[xUnit.net 00:00:00.34]         C:\Alex\Soft\Demo\Jinja2.NET\Jinja2.NET\Parsers\StatementParser.cs(50,0): at Jinja2.NET.Parsers.StatementParser.ParseBlock(TokenIterator tokens)
[xUnit.net 00:00:00.34]         C:\Alex\Soft\Demo\Jinja2.NET\Jinja2.NET\Parsers\StatementParser.cs(24,0): at Jinja2.NET.Parsers.StatementParser.Parse(TokenIterator tokens)
[xUnit.net 00:00:00.34]         C:\Alex\Soft\Demo\Jinja2.NET\Jinja2.NET\Parsers\TemplateBodyParser.cs(23,0): at Jinja2.NET.Parsers.TemplateBodyParser.Parse(TokenIterator tokens)
[xUnit.net 00:00:00.34]         C:\Alex\Soft\Demo\Jinja2.NET\Jinja2.NET\MainParser.cs(37,0): at Jinja2.NET.MainParser.Parse(String source)
[xUnit.net 00:00:00.34]         C:\Alex\Soft\Demo\Jinja2.NET\Jinja2.NET\Template.cs(24,0): at Jinja2.NET.Template..ctor(String source, Func`2 rendererFactory)
[xUnit.net 00:00:00.34]         C:\Alex\Soft\Demo\Jinja2.NET\Jinja2.NET.Tests\IntegrationTests.cs(88,0): at Jinja2.NET.Tests.IntegrationTests.Should_Render_For_Loop()
[xUnit.net 00:00:00.34]            at System.RuntimeMethodHandle.InvokeMethod(Object target, Void** arguments, Signature sig, Boolean isConstructor)
[xUnit.net 00:00:00.34]            at System.Reflection.MethodBaseInvoker.InvokeWithNoArgs(Object obj, BindingFlags invokeAttr)
[xUnit.net 00:00:00.34]       System.InvalidOperationException : Expected Identifier at line 1, column 14
[xUnit.net 00:00:00.34]       Stack Trace:
[xUnit.net 00:00:00.34]         C:\Alex\Soft\Demo\Jinja2.NET\Jinja2.NET\TokenIterator.cs(25,0): at Jinja2.NET.TokenIterator.Consume(ETokenType expectedType)
[xUnit.net 00:00:00.34]         C:\Alex\Soft\Demo\Jinja2.NET\Jinja2.NET\Parsers\ExpressionParser.cs(100,0): at Jinja2.NET.Parsers.ExpressionParser.ParsePrimary(TokenIterator tokens)
[xUnit.net 00:00:00.34]         C:\Alex\Soft\Demo\Jinja2.NET\Jinja2.NET\Parsers\ExpressionParser.cs(53,0): at Jinja2.NET.Parsers.ExpressionParser.ParseAttribute(TokenIterator tokens)
[xUnit.net 00:00:00.34]         C:\Alex\Soft\Demo\Jinja2.NET\Jinja2.NET\Parsers\ExpressionParser.cs(76,0): at Jinja2.NET.Parsers.ExpressionParser.ParseBinary(TokenIterator tokens, Int32 parentPrecedence)
[xUnit.net 00:00:00.34]         C:\Alex\Soft\Demo\Jinja2.NET\Jinja2.NET\Parsers\ExpressionParser.cs(10,0): at Jinja2.NET.Parsers.ExpressionParser.Parse(TokenIterator tokens)
[xUnit.net 00:00:00.34]         C:\Alex\Soft\Demo\Jinja2.NET\Jinja2.NET\Parsers\StatementParser.cs(41,0): at Jinja2.NET.Parsers.StatementParser.ParseVariable(TokenIterator tokens)
[xUnit.net 00:00:00.34]         C:\Alex\Soft\Demo\Jinja2.NET\Jinja2.NET\Parsers\StatementParser.cs(23,0): at Jinja2.NET.Parsers.StatementParser.Parse(TokenIterator tokens)
[xUnit.net 00:00:00.34]         C:\Alex\Soft\Demo\Jinja2.NET\Jinja2.NET\Parsers\TemplateBodyParser.cs(23,0): at Jinja2.NET.Parsers.TemplateBodyParser.Parse(TokenIterator tokens)
[xUnit.net 00:00:00.34]         C:\Alex\Soft\Demo\Jinja2.NET\Jinja2.NET\MainParser.cs(37,0): at Jinja2.NET.MainParser.Parse(String source)
[xUnit.net 00:00:00.34]         C:\Alex\Soft\Demo\Jinja2.NET\Jinja2.NET\Template.cs(24,0): at Jinja2.NET.Template..ctor(String source, Func`2 rendererFactory)
[xUnit.net 00:00:00.34]         C:\Alex\Soft\Demo\Jinja2.NET\Jinja2.NET.Tests\TemplateTests.cs(29,0): at Jinja2.NET.Tests.TemplateTests.Template_Should_Render_Basic_Variables()
[xUnit.net 00:00:00.34]            at System.RuntimeMethodHandle.InvokeMethod(Object target, Void** arguments, Signature sig, Boolean isConstructor)
[xUnit.net 00:00:00.34]            at System.Reflection.MethodBaseInvoker.InvokeWithNoArgs(Object obj, BindingFlags invokeAttr)
  Failed Jinja2.NET.Tests.TemplateTests.Template_Should_Render_Set_And_Concat [11 ms]
  Error Message:
   System.InvalidOperationException : Expected Identifier at line 2, column 3
  Stack Trace:
     at Jinja2.NET.TokenIterator.Consume(ETokenType expectedType) in C:\Alex\Soft\Demo\Jinja2.NET\Jinja2.NET\TokenIterator.cs:line 25
   at Jinja2.NET.Parsers.StatementParser.ParseBlock(TokenIterator tokens) in C:\Alex\Soft\Demo\Jinja2.NET\Jinja2.NET\Parsers\StatementParser.cs:line 50
   at Jinja2.NET.Parsers.StatementParser.Parse(TokenIterator tokens) in C:\Alex\Soft\Demo\Jinja2.NET\Jinja2.NET\Parsers\StatementParser.cs:line 24
   at Jinja2.NET.Parsers.TemplateBodyParser.Parse(TokenIterator tokens) in C:\Alex\Soft\Demo\Jinja2.NET\Jinja2.NET\Parsers\TemplateBodyParser.cs:line 23
   at Jinja2.NET.MainParser.Parse(String source) in C:\Alex\Soft\Demo\Jinja2.NET\Jinja2.NET\MainParser.cs:line 37
   at Jinja2.NET.Template..ctor(String source, Func`2 rendererFactory) in C:\Alex\Soft\Demo\Jinja2.NET\Jinja2.NET\Template.cs:line 24
   at Jinja2.NET.Tests.TemplateTests.Template_Should_Render_Set_And_Concat() in C:\Alex\Soft\Demo\Jinja2.NET\Jinja2.NET.Tests\TemplateTests.cs:line 101
   at System.RuntimeMethodHandle.InvokeMethod(Object target, Void** arguments, Signature sig, Boolean isConstructor)
   at System.Reflection.MethodBaseInvoker.InvokeWithNoArgs(Object obj, BindingFlags invokeAttr)
  Passed Jinja2.NET.Tests.ParserTests.Parser_Should_Parse_Nested_If_In_For [26 ms]
  Failed Jinja2.NET.Tests.IntegrationTests.Should_Render_For_Loop [9 ms]
  Error Message:
   System.InvalidOperationException : Expected Identifier at line 1, column 3
  Stack Trace:
     at Jinja2.NET.TokenIterator.Consume(ETokenType expectedType) in C:\Alex\Soft\Demo\Jinja2.NET\Jinja2.NET\TokenIterator.cs:line 25
   at Jinja2.NET.Parsers.StatementParser.ParseBlock(TokenIterator tokens) in C:\Alex\Soft\Demo\Jinja2.NET\Jinja2.NET\Parsers\StatementParser.cs:line 50
   at Jinja2.NET.Parsers.StatementParser.Parse(TokenIterator tokens) in C:\Alex\Soft\Demo\Jinja2.NET\Jinja2.NET\Parsers\StatementParser.cs:line 24
   at Jinja2.NET.Parsers.TemplateBodyParser.Parse(TokenIterator tokens) in C:\Alex\Soft\Demo\Jinja2.NET\Jinja2.NET\Parsers\TemplateBodyParser.cs:line 23
   at Jinja2.NET.MainParser.Parse(String source) in C:\Alex\Soft\Demo\Jinja2.NET\Jinja2.NET\MainParser.cs:line 37
   at Jinja2.NET.Template..ctor(String source, Func`2 rendererFactory) in C:\Alex\Soft\Demo\Jinja2.NET\Jinja2.NET\Template.cs:line 24
   at Jinja2.NET.Tests.IntegrationTests.Should_Render_For_Loop() in C:\Alex\Soft\Demo\Jinja2.NET\Jinja2.NET.Tests\IntegrationTests.cs:line 88
   at System.RuntimeMethodHandle.InvokeMethod(Object target, Void** arguments, Signature sig, Boolean isConstructor)
   at System.Reflection.MethodBaseInvoker.InvokeWithNoArgs(Object obj, BindingFlags invokeAttr)
  Passed Jinja2.NET.Tests.LexerTests.Lexer_Should_Tokenize_Text_With_Newlines [13 ms]
  Failed Jinja2.NET.Tests.TemplateTests.Template_Should_Render_Basic_Variables [7 ms]
  Error Message:
   System.InvalidOperationException : Expected Identifier at line 1, column 14
  Stack Trace:
     at Jinja2.NET.TokenIterator.Consume(ETokenType expectedType) in C:\Alex\Soft\Demo\Jinja2.NET\Jinja2.NET\TokenIterator.cs:line 25
   at Jinja2.NET.Parsers.ExpressionParser.ParsePrimary(TokenIterator tokens) in C:\Alex\Soft\Demo\Jinja2.NET\Jinja2.NET\Parsers\ExpressionParser.cs:line 100
   at Jinja2.NET.Parsers.ExpressionParser.ParseAttribute(TokenIterator tokens) in C:\Alex\Soft\Demo\Jinja2.NET\Jinja2.NET\Parsers\ExpressionParser.cs:line 53
   at Jinja2.NET.Parsers.ExpressionParser.ParseBinary(TokenIterator tokens, Int32 parentPrecedence) in C:\Alex\Soft\Demo\Jinja2.NET\Jinja2.NET\Parsers\ExpressionParser.cs:line 76
   at Jinja2.NET.Parsers.ExpressionParser.Parse(TokenIterator tokens) in C:\Alex\Soft\Demo\Jinja2.NET\Jinja2.NET\Parsers\ExpressionParser.cs:line 10
   at Jinja2.NET.Parsers.StatementParser.ParseVariable(TokenIterator tokens) in C:\Alex\Soft\Demo\Jinja2.NET\Jinja2.NET\Parsers\StatementParser.cs:line 41
   at Jinja2.NET.Parsers.StatementParser.Parse(TokenIterator tokens) in C:\Alex\Soft\Demo\Jinja2.NET\Jinja2.NET\Parsers\StatementParser.cs:line 23
   at Jinja2.NET.Parsers.TemplateBodyParser.Parse(TokenIterator tokens) in C:\Alex\Soft\Demo\Jinja2.NET\Jinja2.NET\Parsers\TemplateBodyParser.cs:line 23
   at Jinja2.NET.MainParser.Parse(String source) in C:\Alex\Soft\Demo\Jinja2.NET\Jinja2.NET\MainParser.cs:line 37
   at Jinja2.NET.Template..ctor(String source, Func`2 rendererFactory) in C:\Alex\Soft\Demo\Jinja2.NET\Jinja2.NET\Template.cs:line 24
   at Jinja2.NET.Tests.TemplateTests.Template_Should_Render_Basic_Variables() in C:\Alex\Soft\Demo\Jinja2.NET\Jinja2.NET.Tests\TemplateTests.cs:line 29
   at System.RuntimeMethodHandle.InvokeMethod(Object target, Void** arguments, Signature sig, Boolean isConstructor)
   at System.Reflection.MethodBaseInvoker.InvokeWithNoArgs(Object obj, BindingFlags invokeAttr)
  Passed Jinja2.NET.Tests.RendererTests.Renderer_Should_Render_If_Else [14 ms]
  Standard Output Messages:
 Tokens:
 Token: BlockStart [{%]
 Token: Text [ ]
 Token: Identifier [if]
 Token: Text [ ]
 Token: Identifier [foo]
 Token: Text [ ]
 Token: BlockEnd [%}]
 Token: Text [yes]
 Token: BlockStart [{%]
 Token: Text [ ]
 Token: Identifier [else]
 Token: Text [ ]
 Token: BlockEnd [%}]
 Token: Text [no]
 Token: BlockStart [{%]
 Token: Text [ ]
 Token: Identifier [endif]
 Token: Text [ ]
 Token: BlockEnd [%}]
 Token: EOF []
 
 AST:
 TemplateNode
   BlockNode: if
     TextNode: "yes"
     BlockNode: else
       TextNode: "no"
 


[xUnit.net 00:00:00.35]       System.InvalidOperationException : Expected Identifier at line 1, column 8
[xUnit.net 00:00:00.35]       Stack Trace:
[xUnit.net 00:00:00.35]         C:\Alex\Soft\Demo\Jinja2.NET\Jinja2.NET\TokenIterator.cs(25,0): at Jinja2.NET.TokenIterator.Consume(ETokenType expectedType)
[xUnit.net 00:00:00.35]         C:\Alex\Soft\Demo\Jinja2.NET\Jinja2.NET\Parsers\ExpressionParser.cs(100,0): at Jinja2.NET.Parsers.ExpressionParser.ParsePrimary(TokenIterator tokens)
[xUnit.net 00:00:00.35]         C:\Alex\Soft\Demo\Jinja2.NET\Jinja2.NET\Parsers\ExpressionParser.cs(53,0): at Jinja2.NET.Parsers.ExpressionParser.ParseAttribute(TokenIterator tokens)
[xUnit.net 00:00:00.35]         C:\Alex\Soft\Demo\Jinja2.NET\Jinja2.NET\Parsers\ExpressionParser.cs(76,0): at Jinja2.NET.Parsers.ExpressionParser.ParseBinary(TokenIterator tokens, Int32 parentPrecedence)
[xUnit.net 00:00:00.35]         C:\Alex\Soft\Demo\Jinja2.NET\Jinja2.NET\Parsers\ExpressionParser.cs(10,0): at Jinja2.NET.Parsers.ExpressionParser.Parse(TokenIterator tokens)
[xUnit.net 00:00:00.35]         C:\Alex\Soft\Demo\Jinja2.NET\Jinja2.NET\Parsers\StatementParser.cs(41,0): at Jinja2.NET.Parsers.StatementParser.ParseVariable(TokenIterator tokens)
[xUnit.net 00:00:00.35]         C:\Alex\Soft\Demo\Jinja2.NET\Jinja2.NET\Parsers\StatementParser.cs(23,0): at Jinja2.NET.Parsers.StatementParser.Parse(TokenIterator tokens)
[xUnit.net 00:00:00.35]         C:\Alex\Soft\Demo\Jinja2.NET\Jinja2.NET\Parsers\TemplateBodyParser.cs(23,0): at Jinja2.NET.Parsers.TemplateBodyParser.Parse(TokenIterator tokens)
[xUnit.net 00:00:00.35]         C:\Alex\Soft\Demo\Jinja2.NET\Jinja2.NET\MainParser.cs(37,0): at Jinja2.NET.MainParser.Parse(String source)
[xUnit.net 00:00:00.35]         C:\Alex\Soft\Demo\Jinja2.NET\Jinja2.NET\Template.cs(24,0): at Jinja2.NET.Template..ctor(String source, Func`2 rendererFactory)
[xUnit.net 00:00:00.35]         C:\Alex\Soft\Demo\Jinja2.NET\Jinja2.NET.Tests\IntegrationTests.cs(41,0): at Jinja2.NET.Tests.IntegrationTests.Should_Render_Chained_Filters()
[xUnit.net 00:00:00.35]            at System.RuntimeMethodHandle.InvokeMethod(Object target, Void** arguments, Signature sig, Boolean isConstructor)
[xUnit.net 00:00:00.35]            at System.Reflection.MethodBaseInvoker.InvokeWithNoArgs(Object obj, BindingFlags invokeAttr)
[xUnit.net 00:00:00.35]       System.InvalidOperationException : Expected Identifier at line 2, column 14
[xUnit.net 00:00:00.35]       Stack Trace:
[xUnit.net 00:00:00.35]         C:\Alex\Soft\Demo\Jinja2.NET\Jinja2.NET\TokenIterator.cs(25,0): at Jinja2.NET.TokenIterator.Consume(ETokenType expectedType)
[xUnit.net 00:00:00.35]         C:\Alex\Soft\Demo\Jinja2.NET\Jinja2.NET\Parsers\ExpressionParser.cs(100,0): at Jinja2.NET.Parsers.ExpressionParser.ParsePrimary(TokenIterator tokens)
[xUnit.net 00:00:00.35]         C:\Alex\Soft\Demo\Jinja2.NET\Jinja2.NET\Parsers\ExpressionParser.cs(53,0): at Jinja2.NET.Parsers.ExpressionParser.ParseAttribute(TokenIterator tokens)
[xUnit.net 00:00:00.35]         C:\Alex\Soft\Demo\Jinja2.NET\Jinja2.NET\Parsers\ExpressionParser.cs(76,0): at Jinja2.NET.Parsers.ExpressionParser.ParseBinary(TokenIterator tokens, Int32 parentPrecedence)
[xUnit.net 00:00:00.35]         C:\Alex\Soft\Demo\Jinja2.NET\Jinja2.NET\Parsers\ExpressionParser.cs(10,0): at Jinja2.NET.Parsers.ExpressionParser.Parse(TokenIterator tokens)
[xUnit.net 00:00:00.35]         C:\Alex\Soft\Demo\Jinja2.NET\Jinja2.NET\Parsers\StatementParser.cs(41,0): at Jinja2.NET.Parsers.StatementParser.ParseVariable(TokenIterator tokens)
[xUnit.net 00:00:00.35]         C:\Alex\Soft\Demo\Jinja2.NET\Jinja2.NET\Parsers\StatementParser.cs(23,0): at Jinja2.NET.Parsers.StatementParser.Parse(TokenIterator tokens)
[xUnit.net 00:00:00.35]         C:\Alex\Soft\Demo\Jinja2.NET\Jinja2.NET\Parsers\TemplateBodyParser.cs(23,0): at Jinja2.NET.Parsers.TemplateBodyParser.Parse(TokenIterator tokens)
[xUnit.net 00:00:00.35]         C:\Alex\Soft\Demo\Jinja2.NET\Jinja2.NET\MainParser.cs(37,0): at Jinja2.NET.MainParser.Parse(String source)
[xUnit.net 00:00:00.35]         C:\Alex\Soft\Demo\Jinja2.NET\Jinja2.NET\Template.cs(24,0): at Jinja2.NET.Template..ctor(String source, Func`2 rendererFactory)
[xUnit.net 00:00:00.35]         C:\Alex\Soft\Demo\Jinja2.NET\Jinja2.NET.Tests\TemplateTests.cs(45,0): at Jinja2.NET.Tests.TemplateTests.Template_Should_Render_Complex_Nested_Substitution()
[xUnit.net 00:00:00.35]            at System.RuntimeMethodHandle.InvokeMethod(Object target, Void** arguments, Signature sig, Boolean isConstructor)
[xUnit.net 00:00:00.35]            at System.Reflection.MethodBaseInvoker.InvokeWithNoArgs(Object obj, BindingFlags invokeAttr)
  Passed Jinja2.NET.Tests.ParserTests.Parser_Should_Parse_If_Else_Block [8 ms]
  Passed Jinja2.NET.Tests.LexerTests.Lexer_Validate_Should_Return_Syntax_Error_On_Only_Opening_Delimiter(template: "{#", expectedError: "Unclosed tag") [2 ms]
  Failed Jinja2.NET.Tests.IntegrationTests.Should_Render_Chained_Filters [28 ms]
  Error Message:
   System.InvalidOperationException : Expected Identifier at line 1, column 8
  Stack Trace:
     at Jinja2.NET.TokenIterator.Consume(ETokenType expectedType) in C:\Alex\Soft\Demo\Jinja2.NET\Jinja2.NET\TokenIterator.cs:line 25
   at Jinja2.NET.Parsers.ExpressionParser.ParsePrimary(TokenIterator tokens) in C:\Alex\Soft\Demo\Jinja2.NET\Jinja2.NET\Parsers\ExpressionParser.cs:line 100
   at Jinja2.NET.Parsers.ExpressionParser.ParseAttribute(TokenIterator tokens) in C:\Alex\Soft\Demo\Jinja2.NET\Jinja2.NET\Parsers\ExpressionParser.cs:line 53
   at Jinja2.NET.Parsers.ExpressionParser.ParseBinary(TokenIterator tokens, Int32 parentPrecedence) in C:\Alex\Soft\Demo\Jinja2.NET\Jinja2.NET\Parsers\ExpressionParser.cs:line 76
   at Jinja2.NET.Parsers.ExpressionParser.Parse(TokenIterator tokens) in C:\Alex\Soft\Demo\Jinja2.NET\Jinja2.NET\Parsers\ExpressionParser.cs:line 10
   at Jinja2.NET.Parsers.StatementParser.ParseVariable(TokenIterator tokens) in C:\Alex\Soft\Demo\Jinja2.NET\Jinja2.NET\Parsers\StatementParser.cs:line 41
   at Jinja2.NET.Parsers.StatementParser.Parse(TokenIterator tokens) in C:\Alex\Soft\Demo\Jinja2.NET\Jinja2.NET\Parsers\StatementParser.cs:line 23
   at Jinja2.NET.Parsers.TemplateBodyParser.Parse(TokenIterator tokens) in C:\Alex\Soft\Demo\Jinja2.NET\Jinja2.NET\Parsers\TemplateBodyParser.cs:line 23
   at Jinja2.NET.MainParser.Parse(String source) in C:\Alex\Soft\Demo\Jinja2.NET\Jinja2.NET\MainParser.cs:line 37
   at Jinja2.NET.Template..ctor(String source, Func`2 rendererFactory) in C:\Alex\Soft\Demo\Jinja2.NET\Jinja2.NET\Template.cs:line 24
   at Jinja2.NET.Tests.IntegrationTests.Should_Render_Chained_Filters() in C:\Alex\Soft\Demo\Jinja2.NET\Jinja2.NET.Tests\IntegrationTests.cs:line 41
   at System.RuntimeMethodHandle.InvokeMethod(Object target, Void** arguments, Signature sig, Boolean isConstructor)
   at System.Reflection.MethodBaseInvoker.InvokeWithNoArgs(Object obj, BindingFlags invokeAttr)
  Passed Jinja2.NET.Tests.LexerTests.Lexer_Validate_Should_Return_Syntax_Error_On_Only_Opening_Delimiter(template: "{%", expectedError: "Unclosed tag") [25 ms]
  Passed Jinja2.NET.Tests.LexerTests.Lexer_Validate_Should_Return_Syntax_Error_On_Only_Opening_Delimiter(template: "{{", expectedError: "Unclosed tag") [< 1 ms]
  Failed Jinja2.NET.Tests.TemplateTests.Template_Should_Render_Complex_Nested_Substitution [31 ms]
  Error Message:
   System.InvalidOperationException : Expected Identifier at line 2, column 14
  Stack Trace:
     at Jinja2.NET.TokenIterator.Consume(ETokenType expectedType) in C:\Alex\Soft\Demo\Jinja2.NET\Jinja2.NET\TokenIterator.cs:line 25
   at Jinja2.NET.Parsers.ExpressionParser.ParsePrimary(TokenIterator tokens) in C:\Alex\Soft\Demo\Jinja2.NET\Jinja2.NET\Parsers\ExpressionParser.cs:line 100
   at Jinja2.NET.Parsers.ExpressionParser.ParseAttribute(TokenIterator tokens) in C:\Alex\Soft\Demo\Jinja2.NET\Jinja2.NET\Parsers\ExpressionParser.cs:line 53
   at Jinja2.NET.Parsers.ExpressionParser.ParseBinary(TokenIterator tokens, Int32 parentPrecedence) in C:\Alex\Soft\Demo\Jinja2.NET\Jinja2.NET\Parsers\ExpressionParser.cs:line 76
   at Jinja2.NET.Parsers.ExpressionParser.Parse(TokenIterator tokens) in C:\Alex\Soft\Demo\Jinja2.NET\Jinja2.NET\Parsers\ExpressionParser.cs:line 10
   at Jinja2.NET.Parsers.StatementParser.ParseVariable(TokenIterator tokens) in C:\Alex\Soft\Demo\Jinja2.NET\Jinja2.NET\Parsers\StatementParser.cs:line 41
   at Jinja2.NET.Parsers.StatementParser.Parse(TokenIterator tokens) in C:\Alex\Soft\Demo\Jinja2.NET\Jinja2.NET\Parsers\StatementParser.cs:line 23
   at Jinja2.NET.Parsers.TemplateBodyParser.Parse(TokenIterator tokens) in C:\Alex\Soft\Demo\Jinja2.NET\Jinja2.NET\Parsers\TemplateBodyParser.cs:line 23
   at Jinja2.NET.MainParser.Parse(String source) in C:\Alex\Soft\Demo\Jinja2.NET\Jinja2.NET\MainParser.cs:line 37
   at Jinja2.NET.Template..ctor(String source, Func`2 rendererFactory) in C:\Alex\Soft\Demo\Jinja2.NET\Jinja2.NET\Template.cs:line 24
   at Jinja2.NET.Tests.TemplateTests.Template_Should_Render_Complex_Nested_Substitution() in C:\Alex\Soft\Demo\Jinja2.NET\Jinja2.NET.Tests\TemplateTests.cs:line 45
   at System.RuntimeMethodHandle.InvokeMethod(Object target, Void** arguments, Signature sig, Boolean isConstructor)
   at System.Reflection.MethodBaseInvoker.InvokeWithNoArgs(Object obj, BindingFlags invokeAttr)
[xUnit.net 00:00:00.35]       System.InvalidOperationException : Expected 'in' keyword (at line 1, column 15, token: Text, value: ' ')
[xUnit.net 00:00:00.35]       Stack Trace:
[xUnit.net 00:00:00.35]         C:\Alex\Soft\Demo\Jinja2.NET\Jinja2.NET\OLdCode\Parsers\ForBlockParser.cs(20,0): at Jinja2.NET.Parsers.ForBlockParser.Parse(Parser_old parser, BlockNode block)
[xUnit.net 00:00:00.35]         C:\Alex\Soft\Demo\Jinja2.NET\Jinja2.NET\OLdCode\Parser_old.cs(310,0): at Jinja2.NET.Parser_old.ParseBlock()
[xUnit.net 00:00:00.35]         C:\Alex\Soft\Demo\Jinja2.NET\Jinja2.NET\OLdCode\Parser_old.cs(352,0): at Jinja2.NET.Parser_old.ParseNode()
[xUnit.net 00:00:00.35]         C:\Alex\Soft\Demo\Jinja2.NET\Jinja2.NET\OLdCode\Parser_old.cs(103,0): at Jinja2.NET.Parser_old.Parse()
[xUnit.net 00:00:00.35]         C:\Alex\Soft\Demo\Jinja2.NET\Jinja2.NET.Tests\RendererTests.cs(176,0): at Jinja2.NET.Tests.RendererTests.Renderer_Should_Render_For_Two_Arguments()
[xUnit.net 00:00:00.35]            at System.RuntimeMethodHandle.InvokeMethod(Object target, Void** arguments, Signature sig, Boolean isConstructor)
[xUnit.net 00:00:00.35]            at System.Reflection.MethodBaseInvoker.InvokeWithNoArgs(Object obj, BindingFlags invokeAttr)
[xUnit.net 00:00:00.35]       System.InvalidOperationException : Expected String at line 1, column 11
[xUnit.net 00:00:00.35]       Stack Trace:
[xUnit.net 00:00:00.35]         C:\Alex\Soft\Demo\Jinja2.NET\Jinja2.NET\TokenIterator.cs(25,0): at Jinja2.NET.TokenIterator.Consume(ETokenType expectedType)
[xUnit.net 00:00:00.35]         C:\Alex\Soft\Demo\Jinja2.NET\Jinja2.NET\Parsers\ExpressionParser.cs(122,0): at Jinja2.NET.Parsers.ExpressionParser.ParsePrimary(TokenIterator tokens)
[xUnit.net 00:00:00.35]         C:\Alex\Soft\Demo\Jinja2.NET\Jinja2.NET\Parsers\ExpressionParser.cs(53,0): at Jinja2.NET.Parsers.ExpressionParser.ParseAttribute(TokenIterator tokens)
[xUnit.net 00:00:00.35]         C:\Alex\Soft\Demo\Jinja2.NET\Jinja2.NET\Parsers\ExpressionParser.cs(76,0): at Jinja2.NET.Parsers.ExpressionParser.ParseBinary(TokenIterator tokens, Int32 parentPrecedence)
[xUnit.net 00:00:00.35]         C:\Alex\Soft\Demo\Jinja2.NET\Jinja2.NET\Parsers\ExpressionParser.cs(10,0): at Jinja2.NET.Parsers.ExpressionParser.Parse(TokenIterator tokens)
[xUnit.net 00:00:00.35]         C:\Alex\Soft\Demo\Jinja2.NET\Jinja2.NET\Parsers\StatementParser.cs(41,0): at Jinja2.NET.Parsers.StatementParser.ParseVariable(TokenIterator tokens)
[xUnit.net 00:00:00.35]         C:\Alex\Soft\Demo\Jinja2.NET\Jinja2.NET\Parsers\StatementParser.cs(23,0): at Jinja2.NET.Parsers.StatementParser.Parse(TokenIterator tokens)
[xUnit.net 00:00:00.35]         C:\Alex\Soft\Demo\Jinja2.NET\Jinja2.NET\Parsers\TemplateBodyParser.cs(23,0): at Jinja2.NET.Parsers.TemplateBodyParser.Parse(TokenIterator tokens)
[xUnit.net 00:00:00.35]         C:\Alex\Soft\Demo\Jinja2.NET\Jinja2.NET\MainParser.cs(37,0): at Jinja2.NET.MainParser.Parse(String source)
[xUnit.net 00:00:00.35]         C:\Alex\Soft\Demo\Jinja2.NET\Jinja2.NET\Template.cs(24,0): at Jinja2.NET.Template..ctor(String source, Func`2 rendererFactory)
[xUnit.net 00:00:00.35]         C:\Alex\Soft\Demo\Jinja2.NET\Jinja2.NET.Tests\IntegrationTests.cs(157,0): at Jinja2.NET.Tests.IntegrationTests.Should_Use_Custom_Filter()
[xUnit.net 00:00:00.35]            at System.RuntimeMethodHandle.InvokeMethod(Object target, Void** arguments, Signature sig, Boolean isConstructor)
[xUnit.net 00:00:00.35]            at System.Reflection.MethodBaseInvoker.InvokeWithNoArgs(Object obj, BindingFlags invokeAttr)
  Failed Jinja2.NET.Tests.RendererTests.Renderer_Should_Render_For_Two_Arguments [30 ms]
  Error Message:
   System.InvalidOperationException : Expected 'in' keyword (at line 1, column 15, token: Text, value: ' ')
  Stack Trace:
     at Jinja2.NET.Parsers.ForBlockParser.Parse(Parser_old parser, BlockNode block) in C:\Alex\Soft\Demo\Jinja2.NET\Jinja2.NET\OLdCode\Parsers\ForBlockParser.cs:line 20
   at Jinja2.NET.Parser_old.ParseBlock() in C:\Alex\Soft\Demo\Jinja2.NET\Jinja2.NET\OLdCode\Parser_old.cs:line 310
   at Jinja2.NET.Parser_old.ParseNode() in C:\Alex\Soft\Demo\Jinja2.NET\Jinja2.NET\OLdCode\Parser_old.cs:line 352
   at Jinja2.NET.Parser_old.Parse() in C:\Alex\Soft\Demo\Jinja2.NET\Jinja2.NET\OLdCode\Parser_old.cs:line 103
   at Jinja2.NET.Tests.RendererTests.Renderer_Should_Render_For_Two_Arguments() in C:\Alex\Soft\Demo\Jinja2.NET\Jinja2.NET.Tests\RendererTests.cs:line 176
   at System.RuntimeMethodHandle.InvokeMethod(Object target, Void** arguments, Signature sig, Boolean isConstructor)
   at System.Reflection.MethodBaseInvoker.InvokeWithNoArgs(Object obj, BindingFlags invokeAttr)
  Passed Jinja2.NET.Tests.ParserTests.Parser_Should_Parse_If_Else_Block_With_Whitespace [30 ms]
  Passed Jinja2.NET.Tests.RendererTests.Renderer_Should_Render_LiteralNode [1 ms]
  Failed Jinja2.NET.Tests.IntegrationTests.Should_Use_Custom_Filter [7 ms]
  Error Message:
   System.InvalidOperationException : Expected String at line 1, column 11
  Stack Trace:
     at Jinja2.NET.TokenIterator.Consume(ETokenType expectedType) in C:\Alex\Soft\Demo\Jinja2.NET\Jinja2.NET\TokenIterator.cs:line 25
   at Jinja2.NET.Parsers.ExpressionParser.ParsePrimary(TokenIterator tokens) in C:\Alex\Soft\Demo\Jinja2.NET\Jinja2.NET\Parsers\ExpressionParser.cs:line 122
   at Jinja2.NET.Parsers.ExpressionParser.ParseAttribute(TokenIterator tokens) in C:\Alex\Soft\Demo\Jinja2.NET\Jinja2.NET\Parsers\ExpressionParser.cs:line 53
   at Jinja2.NET.Parsers.ExpressionParser.ParseBinary(TokenIterator tokens, Int32 parentPrecedence) in C:\Alex\Soft\Demo\Jinja2.NET\Jinja2.NET\Parsers\ExpressionParser.cs:line 76
   at Jinja2.NET.Parsers.ExpressionParser.Parse(TokenIterator tokens) in C:\Alex\Soft\Demo\Jinja2.NET\Jinja2.NET\Parsers\ExpressionParser.cs:line 10
   at Jinja2.NET.Parsers.StatementParser.ParseVariable(TokenIterator tokens) in C:\Alex\Soft\Demo\Jinja2.NET\Jinja2.NET\Parsers\StatementParser.cs:line 41
   at Jinja2.NET.Parsers.StatementParser.Parse(TokenIterator tokens) in C:\Alex\Soft\Demo\Jinja2.NET\Jinja2.NET\Parsers\StatementParser.cs:line 23
   at Jinja2.NET.Parsers.TemplateBodyParser.Parse(TokenIterator tokens) in C:\Alex\Soft\Demo\Jinja2.NET\Jinja2.NET\Parsers\TemplateBodyParser.cs:line 23
   at Jinja2.NET.MainParser.Parse(String source) in C:\Alex\Soft\Demo\Jinja2.NET\Jinja2.NET\MainParser.cs:line 37
   at Jinja2.NET.Template..ctor(String source, Func`2 rendererFactory) in C:\Alex\Soft\Demo\Jinja2.NET\Jinja2.NET\Template.cs:line 24
   at Jinja2.NET.Tests.IntegrationTests.Should_Use_Custom_Filter() in C:\Alex\Soft\Demo\Jinja2.NET\Jinja2.NET.Tests\IntegrationTests.cs:line 157
   at System.RuntimeMethodHandle.InvokeMethod(Object target, Void** arguments, Signature sig, Boolean isConstructor)
   at System.Reflection.MethodBaseInvoker.InvokeWithNoArgs(Object obj, BindingFlags invokeAttr)
  Passed Jinja2.NET.Tests.LexerTests.Lexer_Validate_Should_Return_No_Error_On_Valid_Template [12 ms]
[xUnit.net 00:00:00.35]       System.InvalidOperationException : Expected Identifier at line 1, column 16
[xUnit.net 00:00:00.35]       Stack Trace:
[xUnit.net 00:00:00.35]         C:\Alex\Soft\Demo\Jinja2.NET\Jinja2.NET\TokenIterator.cs(25,0): at Jinja2.NET.TokenIterator.Consume(ETokenType expectedType)
[xUnit.net 00:00:00.35]         C:\Alex\Soft\Demo\Jinja2.NET\Jinja2.NET\Parsers\ExpressionParser.cs(100,0): at Jinja2.NET.Parsers.ExpressionParser.ParsePrimary(TokenIterator tokens)
[xUnit.net 00:00:00.35]         C:\Alex\Soft\Demo\Jinja2.NET\Jinja2.NET\Parsers\ExpressionParser.cs(53,0): at Jinja2.NET.Parsers.ExpressionParser.ParseAttribute(TokenIterator tokens)
[xUnit.net 00:00:00.35]         C:\Alex\Soft\Demo\Jinja2.NET\Jinja2.NET\Parsers\ExpressionParser.cs(76,0): at Jinja2.NET.Parsers.ExpressionParser.ParseBinary(TokenIterator tokens, Int32 parentPrecedence)
[xUnit.net 00:00:00.35]         C:\Alex\Soft\Demo\Jinja2.NET\Jinja2.NET\Parsers\ExpressionParser.cs(10,0): at Jinja2.NET.Parsers.ExpressionParser.Parse(TokenIterator tokens)
[xUnit.net 00:00:00.35]         C:\Alex\Soft\Demo\Jinja2.NET\Jinja2.NET\Parsers\StatementParser.cs(41,0): at Jinja2.NET.Parsers.StatementParser.ParseVariable(TokenIterator tokens)
[xUnit.net 00:00:00.35]         C:\Alex\Soft\Demo\Jinja2.NET\Jinja2.NET\Parsers\StatementParser.cs(23,0): at Jinja2.NET.Parsers.StatementParser.Parse(TokenIterator tokens)
[xUnit.net 00:00:00.35]         C:\Alex\Soft\Demo\Jinja2.NET\Jinja2.NET\Parsers\TemplateBodyParser.cs(23,0): at Jinja2.NET.Parsers.TemplateBodyParser.Parse(TokenIterator tokens)
[xUnit.net 00:00:00.35]         C:\Alex\Soft\Demo\Jinja2.NET\Jinja2.NET\MainParser.cs(37,0): at Jinja2.NET.MainParser.Parse(String source)
[xUnit.net 00:00:00.35]         C:\Alex\Soft\Demo\Jinja2.NET\Jinja2.NET\Template.cs(24,0): at Jinja2.NET.Template..ctor(String source, Func`2 rendererFactory)
[xUnit.net 00:00:00.35]         C:\Alex\Soft\Demo\Jinja2.NET\Jinja2.NET.Tests\IntegrationTests.cs(54,0): at Jinja2.NET.Tests.IntegrationTests.Should_Render_Dictionary_Context()
[xUnit.net 00:00:00.35]            at System.RuntimeMethodHandle.InvokeMethod(Object target, Void** arguments, Signature sig, Boolean isConstructor)
[xUnit.net 00:00:00.35]            at System.Reflection.MethodBaseInvoker.InvokeWithNoArgs(Object obj, BindingFlags invokeAttr)
[xUnit.net 00:00:00.35]       System.InvalidOperationException : Expected Identifier at line 1, column 13
[xUnit.net 00:00:00.35]       Stack Trace:
[xUnit.net 00:00:00.35]         C:\Alex\Soft\Demo\Jinja2.NET\Jinja2.NET\TokenIterator.cs(25,0): at Jinja2.NET.TokenIterator.Consume(ETokenType expectedType)
[xUnit.net 00:00:00.35]         C:\Alex\Soft\Demo\Jinja2.NET\Jinja2.NET\Parsers\StatementParser.cs(50,0): at Jinja2.NET.Parsers.StatementParser.ParseBlock(TokenIterator tokens)
[xUnit.net 00:00:00.35]         C:\Alex\Soft\Demo\Jinja2.NET\Jinja2.NET\Parsers\StatementParser.cs(24,0): at Jinja2.NET.Parsers.StatementParser.Parse(TokenIterator tokens)
[xUnit.net 00:00:00.35]         C:\Alex\Soft\Demo\Jinja2.NET\Jinja2.NET\Parsers\TemplateBodyParser.cs(23,0): at Jinja2.NET.Parsers.TemplateBodyParser.Parse(TokenIterator tokens)
[xUnit.net 00:00:00.35]         C:\Alex\Soft\Demo\Jinja2.NET\Jinja2.NET\MainParser.cs(37,0): at Jinja2.NET.MainParser.Parse(String source)
[xUnit.net 00:00:00.35]         C:\Alex\Soft\Demo\Jinja2.NET\Jinja2.NET\Template.cs(24,0): at Jinja2.NET.Template..ctor(String source, Func`2 rendererFactory)
[xUnit.net 00:00:00.35]         C:\Alex\Soft\Demo\Jinja2.NET\Jinja2.NET.Tests\TemplateTests.cs(147,0): at Jinja2.NET.Tests.TemplateTests.Template_Should_Trim_Whitespace_With_Tag_Dash()
[xUnit.net 00:00:00.35]            at System.RuntimeMethodHandle.InvokeMethod(Object target, Void** arguments, Signature sig, Boolean isConstructor)
[xUnit.net 00:00:00.35]            at System.Reflection.MethodBaseInvoker.InvokeWithNoArgs(Object obj, BindingFlags invokeAttr)
[xUnit.net 00:00:00.35]       Output:
[xUnit.net 00:00:00.35]         Lexer Tokens:
[xUnit.net 00:00:00.35]         0: Text "Hello    " TrimLeft=False TrimRight=False
[xUnit.net 00:00:00.35]         1: BlockStart "{%-" TrimLeft=True TrimRight=False
[xUnit.net 00:00:00.35]         2: Text " " TrimLeft=False TrimRight=False
[xUnit.net 00:00:00.35]         3: Identifier "if" TrimLeft=False TrimRight=False
[xUnit.net 00:00:00.35]         4: Text " " TrimLeft=False TrimRight=False
[xUnit.net 00:00:00.35]         5: Identifier "true" TrimLeft=False TrimRight=False
[xUnit.net 00:00:00.35]         6: Text " " TrimLeft=False TrimRight=False
[xUnit.net 00:00:00.35]         7: BlockEnd "-%}" TrimLeft=False TrimRight=True
[xUnit.net 00:00:00.35]         8: Text " World" TrimLeft=False TrimRight=False
[xUnit.net 00:00:00.35]         9: BlockStart "{%-" TrimLeft=True TrimRight=False
[xUnit.net 00:00:00.35]         10: Text " " TrimLeft=False TrimRight=False
[xUnit.net 00:00:00.35]         11: Identifier "endif" TrimLeft=False TrimRight=False
[xUnit.net 00:00:00.36]         12: Text " " TrimLeft=False TrimRight=False
[xUnit.net 00:00:00.36]         13: BlockEnd "-%}" TrimLeft=False TrimRight=True
[xUnit.net 00:00:00.36]         14: Text "    !" TrimLeft=False TrimRight=False
[xUnit.net 00:00:00.36]         15: EOF "" TrimLeft=False TrimRight=False
[xUnit.net 00:00:00.36]       System.InvalidOperationException : Expected Identifier at line 2, column 3
[xUnit.net 00:00:00.36]       Stack Trace:
[xUnit.net 00:00:00.36]         C:\Alex\Soft\Demo\Jinja2.NET\Jinja2.NET\TokenIterator.cs(25,0): at Jinja2.NET.TokenIterator.Consume(ETokenType expectedType)
[xUnit.net 00:00:00.36]         C:\Alex\Soft\Demo\Jinja2.NET\Jinja2.NET\Parsers\StatementParser.cs(50,0): at Jinja2.NET.Parsers.StatementParser.ParseBlock(TokenIterator tokens)
[xUnit.net 00:00:00.36]         C:\Alex\Soft\Demo\Jinja2.NET\Jinja2.NET\Parsers\StatementParser.cs(24,0): at Jinja2.NET.Parsers.StatementParser.Parse(TokenIterator tokens)
[xUnit.net 00:00:00.36]         C:\Alex\Soft\Demo\Jinja2.NET\Jinja2.NET\Parsers\TemplateBodyParser.cs(23,0): at Jinja2.NET.Parsers.TemplateBodyParser.Parse(TokenIterator tokens)
[xUnit.net 00:00:00.36]         C:\Alex\Soft\Demo\Jinja2.NET\Jinja2.NET\MainParser.cs(37,0): at Jinja2.NET.MainParser.Parse(String source)
[xUnit.net 00:00:00.36]         C:\Alex\Soft\Demo\Jinja2.NET\Jinja2.NET\Template.cs(24,0): at Jinja2.NET.Template..ctor(String source, Func`2 rendererFactory)
[xUnit.net 00:00:00.36]         C:\Alex\Soft\Demo\Jinja2.NET\Jinja2.NET.Tests\IntegrationTests.cs(115,0): at Jinja2.NET.Tests.IntegrationTests.Should_Render_If_Else_Branch()
[xUnit.net 00:00:00.36]            at System.RuntimeMethodHandle.InvokeMethod(Object target, Void** arguments, Signature sig, Boolean isConstructor)
[xUnit.net 00:00:00.36]            at System.Reflection.MethodBaseInvoker.InvokeWithNoArgs(Object obj, BindingFlags invokeAttr)
[xUnit.net 00:00:00.36]       System.InvalidOperationException : Expected Identifier at line 2, column 3
[xUnit.net 00:00:00.36]       Stack Trace:
[xUnit.net 00:00:00.36]         C:\Alex\Soft\Demo\Jinja2.NET\Jinja2.NET\TokenIterator.cs(25,0): at Jinja2.NET.TokenIterator.Consume(ETokenType expectedType)
[xUnit.net 00:00:00.36]         C:\Alex\Soft\Demo\Jinja2.NET\Jinja2.NET\Parsers\StatementParser.cs(50,0): at Jinja2.NET.Parsers.StatementParser.ParseBlock(TokenIterator tokens)
[xUnit.net 00:00:00.36]         C:\Alex\Soft\Demo\Jinja2.NET\Jinja2.NET\Parsers\StatementParser.cs(24,0): at Jinja2.NET.Parsers.StatementParser.Parse(TokenIterator tokens)
[xUnit.net 00:00:00.36]         C:\Alex\Soft\Demo\Jinja2.NET\Jinja2.NET\Parsers\TemplateBodyParser.cs(23,0): at Jinja2.NET.Parsers.TemplateBodyParser.Parse(TokenIterator tokens)
[xUnit.net 00:00:00.36]         C:\Alex\Soft\Demo\Jinja2.NET\Jinja2.NET\MainParser.cs(37,0): at Jinja2.NET.MainParser.Parse(String source)
[xUnit.net 00:00:00.36]         C:\Alex\Soft\Demo\Jinja2.NET\Jinja2.NET\Template.cs(24,0): at Jinja2.NET.Template..ctor(String source, Func`2 rendererFactory)
[xUnit.net 00:00:00.36]         C:\Alex\Soft\Demo\Jinja2.NET\Jinja2.NET.Tests\TemplateTests.cs(112,0): at Jinja2.NET.Tests.TemplateTests.Template_Should_Render_Set_Inside_Loop()
[xUnit.net 00:00:00.36]            at System.RuntimeMethodHandle.InvokeMethod(Object target, Void** arguments, Signature sig, Boolean isConstructor)
[xUnit.net 00:00:00.36]            at System.Reflection.MethodBaseInvoker.InvokeWithNoArgs(Object obj, BindingFlags invokeAttr)
[xUnit.net 00:00:00.36]       System.InvalidOperationException : Expected Identifier at line 2, column 3
[xUnit.net 00:00:00.36]       Stack Trace:
[xUnit.net 00:00:00.36]         C:\Alex\Soft\Demo\Jinja2.NET\Jinja2.NET\TokenIterator.cs(25,0): at Jinja2.NET.TokenIterator.Consume(ETokenType expectedType)
[xUnit.net 00:00:00.36]         C:\Alex\Soft\Demo\Jinja2.NET\Jinja2.NET\Parsers\StatementParser.cs(50,0): at Jinja2.NET.Parsers.StatementParser.ParseBlock(TokenIterator tokens)
[xUnit.net 00:00:00.36]         C:\Alex\Soft\Demo\Jinja2.NET\Jinja2.NET\Parsers\StatementParser.cs(24,0): at Jinja2.NET.Parsers.StatementParser.Parse(TokenIterator tokens)
[xUnit.net 00:00:00.36]         C:\Alex\Soft\Demo\Jinja2.NET\Jinja2.NET\Parsers\TemplateBodyParser.cs(23,0): at Jinja2.NET.Parsers.TemplateBodyParser.Parse(TokenIterator tokens)
[xUnit.net 00:00:00.36]         C:\Alex\Soft\Demo\Jinja2.NET\Jinja2.NET\MainParser.cs(37,0): at Jinja2.NET.MainParser.Parse(String source)
[xUnit.net 00:00:00.36]         C:\Alex\Soft\Demo\Jinja2.NET\Jinja2.NET\Template.cs(24,0): at Jinja2.NET.Template..ctor(String source, Func`2 rendererFactory)
[xUnit.net 00:00:00.36]         C:\Alex\Soft\Demo\Jinja2.NET\Jinja2.NET.Tests\IntegrationTests.cs(133,0): at Jinja2.NET.Tests.IntegrationTests.Should_Render_Set_Assignment()
[xUnit.net 00:00:00.36]            at System.RuntimeMethodHandle.InvokeMethod(Object target, Void** arguments, Signature sig, Boolean isConstructor)
[xUnit.net 00:00:00.36]            at System.Reflection.MethodBaseInvoker.InvokeWithNoArgs(Object obj, BindingFlags invokeAttr)
  Failed Jinja2.NET.Tests.IntegrationTests.Should_Render_Dictionary_Context [8 ms]
  Error Message:
   System.InvalidOperationException : Expected Identifier at line 1, column 16
  Stack Trace:
     at Jinja2.NET.TokenIterator.Consume(ETokenType expectedType) in C:\Alex\Soft\Demo\Jinja2.NET\Jinja2.NET\TokenIterator.cs:line 25
   at Jinja2.NET.Parsers.ExpressionParser.ParsePrimary(TokenIterator tokens) in C:\Alex\Soft\Demo\Jinja2.NET\Jinja2.NET\Parsers\ExpressionParser.cs:line 100
   at Jinja2.NET.Parsers.ExpressionParser.ParseAttribute(TokenIterator tokens) in C:\Alex\Soft\Demo\Jinja2.NET\Jinja2.NET\Parsers\ExpressionParser.cs:line 53
   at Jinja2.NET.Parsers.ExpressionParser.ParseBinary(TokenIterator tokens, Int32 parentPrecedence) in C:\Alex\Soft\Demo\Jinja2.NET\Jinja2.NET\Parsers\ExpressionParser.cs:line 76
   at Jinja2.NET.Parsers.ExpressionParser.Parse(TokenIterator tokens) in C:\Alex\Soft\Demo\Jinja2.NET\Jinja2.NET\Parsers\ExpressionParser.cs:line 10
   at Jinja2.NET.Parsers.StatementParser.ParseVariable(TokenIterator tokens) in C:\Alex\Soft\Demo\Jinja2.NET\Jinja2.NET\Parsers\StatementParser.cs:line 41
   at Jinja2.NET.Parsers.StatementParser.Parse(TokenIterator tokens) in C:\Alex\Soft\Demo\Jinja2.NET\Jinja2.NET\Parsers\StatementParser.cs:line 23
   at Jinja2.NET.Parsers.TemplateBodyParser.Parse(TokenIterator tokens) in C:\Alex\Soft\Demo\Jinja2.NET\Jinja2.NET\Parsers\TemplateBodyParser.cs:line 23
   at Jinja2.NET.MainParser.Parse(String source) in C:\Alex\Soft\Demo\Jinja2.NET\Jinja2.NET\MainParser.cs:line 37
   at Jinja2.NET.Template..ctor(String source, Func`2 rendererFactory) in C:\Alex\Soft\Demo\Jinja2.NET\Jinja2.NET\Template.cs:line 24
   at Jinja2.NET.Tests.IntegrationTests.Should_Render_Dictionary_Context() in C:\Alex\Soft\Demo\Jinja2.NET\Jinja2.NET.Tests\IntegrationTests.cs:line 54
   at System.RuntimeMethodHandle.InvokeMethod(Object target, Void** arguments, Signature sig, Boolean isConstructor)
   at System.Reflection.MethodBaseInvoker.InvokeWithNoArgs(Object obj, BindingFlags invokeAttr)
  Passed Jinja2.NET.Tests.RendererTests.Renderer_Should_Render_BinaryExpressionNode [11 ms]
  Failed Jinja2.NET.Tests.TemplateTests.Template_Should_Trim_Whitespace_With_Tag_Dash [17 ms]
  Error Message:
   System.InvalidOperationException : Expected Identifier at line 1, column 13
  Stack Trace:
     at Jinja2.NET.TokenIterator.Consume(ETokenType expectedType) in C:\Alex\Soft\Demo\Jinja2.NET\Jinja2.NET\TokenIterator.cs:line 25
   at Jinja2.NET.Parsers.StatementParser.ParseBlock(TokenIterator tokens) in C:\Alex\Soft\Demo\Jinja2.NET\Jinja2.NET\Parsers\StatementParser.cs:line 50
   at Jinja2.NET.Parsers.StatementParser.Parse(TokenIterator tokens) in C:\Alex\Soft\Demo\Jinja2.NET\Jinja2.NET\Parsers\StatementParser.cs:line 24
   at Jinja2.NET.Parsers.TemplateBodyParser.Parse(TokenIterator tokens) in C:\Alex\Soft\Demo\Jinja2.NET\Jinja2.NET\Parsers\TemplateBodyParser.cs:line 23
   at Jinja2.NET.MainParser.Parse(String source) in C:\Alex\Soft\Demo\Jinja2.NET\Jinja2.NET\MainParser.cs:line 37
   at Jinja2.NET.Template..ctor(String source, Func`2 rendererFactory) in C:\Alex\Soft\Demo\Jinja2.NET\Jinja2.NET\Template.cs:line 24
   at Jinja2.NET.Tests.TemplateTests.Template_Should_Trim_Whitespace_With_Tag_Dash() in C:\Alex\Soft\Demo\Jinja2.NET\Jinja2.NET.Tests\TemplateTests.cs:line 147
   at System.RuntimeMethodHandle.InvokeMethod(Object target, Void** arguments, Signature sig, Boolean isConstructor)
   at System.Reflection.MethodBaseInvoker.InvokeWithNoArgs(Object obj, BindingFlags invokeAttr)
  Standard Output Messages:
 Lexer Tokens:
 0: Text "Hello    " TrimLeft=False TrimRight=False
 1: BlockStart "{%-" TrimLeft=True TrimRight=False
 2: Text " " TrimLeft=False TrimRight=False
 3: Identifier "if" TrimLeft=False TrimRight=False
 4: Text " " TrimLeft=False TrimRight=False
 5: Identifier "true" TrimLeft=False TrimRight=False
 6: Text " " TrimLeft=False TrimRight=False
 7: BlockEnd "-%}" TrimLeft=False TrimRight=True
 8: Text " World" TrimLeft=False TrimRight=False
 9: BlockStart "{%-" TrimLeft=True TrimRight=False
 10: Text " " TrimLeft=False TrimRight=False
 11: Identifier "endif" TrimLeft=False TrimRight=False
 12: Text " " TrimLeft=False TrimRight=False
 13: BlockEnd "-%}" TrimLeft=False TrimRight=True
 14: Text "    !" TrimLeft=False TrimRight=False
 15: EOF "" TrimLeft=False TrimRight=False


  Failed Jinja2.NET.Tests.IntegrationTests.Should_Render_If_Else_Branch [8 ms]
  Error Message:
   System.InvalidOperationException : Expected Identifier at line 2, column 3
  Stack Trace:
     at Jinja2.NET.TokenIterator.Consume(ETokenType expectedType) in C:\Alex\Soft\Demo\Jinja2.NET\Jinja2.NET\TokenIterator.cs:line 25
   at Jinja2.NET.Parsers.StatementParser.ParseBlock(TokenIterator tokens) in C:\Alex\Soft\Demo\Jinja2.NET\Jinja2.NET\Parsers\StatementParser.cs:line 50
   at Jinja2.NET.Parsers.StatementParser.Parse(TokenIterator tokens) in C:\Alex\Soft\Demo\Jinja2.NET\Jinja2.NET\Parsers\StatementParser.cs:line 24
   at Jinja2.NET.Parsers.TemplateBodyParser.Parse(TokenIterator tokens) in C:\Alex\Soft\Demo\Jinja2.NET\Jinja2.NET\Parsers\TemplateBodyParser.cs:line 23
   at Jinja2.NET.MainParser.Parse(String source) in C:\Alex\Soft\Demo\Jinja2.NET\Jinja2.NET\MainParser.cs:line 37
   at Jinja2.NET.Template..ctor(String source, Func`2 rendererFactory) in C:\Alex\Soft\Demo\Jinja2.NET\Jinja2.NET\Template.cs:line 24
   at Jinja2.NET.Tests.IntegrationTests.Should_Render_If_Else_Branch() in C:\Alex\Soft\Demo\Jinja2.NET\Jinja2.NET.Tests\IntegrationTests.cs:line 115
   at System.RuntimeMethodHandle.InvokeMethod(Object target, Void** arguments, Signature sig, Boolean isConstructor)
   at System.Reflection.MethodBaseInvoker.InvokeWithNoArgs(Object obj, BindingFlags invokeAttr)
  Failed Jinja2.NET.Tests.TemplateTests.Template_Should_Render_Set_Inside_Loop [7 ms]
  Error Message:
   System.InvalidOperationException : Expected Identifier at line 2, column 3
  Stack Trace:
     at Jinja2.NET.TokenIterator.Consume(ETokenType expectedType) in C:\Alex\Soft\Demo\Jinja2.NET\Jinja2.NET\TokenIterator.cs:line 25
   at Jinja2.NET.Parsers.StatementParser.ParseBlock(TokenIterator tokens) in C:\Alex\Soft\Demo\Jinja2.NET\Jinja2.NET\Parsers\StatementParser.cs:line 50
   at Jinja2.NET.Parsers.StatementParser.Parse(TokenIterator tokens) in C:\Alex\Soft\Demo\Jinja2.NET\Jinja2.NET\Parsers\StatementParser.cs:line 24
   at Jinja2.NET.Parsers.TemplateBodyParser.Parse(TokenIterator tokens) in C:\Alex\Soft\Demo\Jinja2.NET\Jinja2.NET\Parsers\TemplateBodyParser.cs:line 23
   at Jinja2.NET.MainParser.Parse(String source) in C:\Alex\Soft\Demo\Jinja2.NET\Jinja2.NET\MainParser.cs:line 37
   at Jinja2.NET.Template..ctor(String source, Func`2 rendererFactory) in C:\Alex\Soft\Demo\Jinja2.NET\Jinja2.NET\Template.cs:line 24
   at Jinja2.NET.Tests.TemplateTests.Template_Should_Render_Set_Inside_Loop() in C:\Alex\Soft\Demo\Jinja2.NET\Jinja2.NET.Tests\TemplateTests.cs:line 112
   at System.RuntimeMethodHandle.InvokeMethod(Object target, Void** arguments, Signature sig, Boolean isConstructor)
   at System.Reflection.MethodBaseInvoker.InvokeWithNoArgs(Object obj, BindingFlags invokeAttr)
  Failed Jinja2.NET.Tests.IntegrationTests.Should_Render_Set_Assignment [7 ms]
  Error Message:
   System.InvalidOperationException : Expected Identifier at line 2, column 3
  Stack Trace:
     at Jinja2.NET.TokenIterator.Consume(ETokenType expectedType) in C:\Alex\Soft\Demo\Jinja2.NET\Jinja2.NET\TokenIterator.cs:line 25
   at Jinja2.NET.Parsers.StatementParser.ParseBlock(TokenIterator tokens) in C:\Alex\Soft\Demo\Jinja2.NET\Jinja2.NET\Parsers\StatementParser.cs:line 50
   at Jinja2.NET.Parsers.StatementParser.Parse(TokenIterator tokens) in C:\Alex\Soft\Demo\Jinja2.NET\Jinja2.NET\Parsers\StatementParser.cs:line 24
   at Jinja2.NET.Parsers.TemplateBodyParser.Parse(TokenIterator tokens) in C:\Alex\Soft\Demo\Jinja2.NET\Jinja2.NET\Parsers\TemplateBodyParser.cs:line 23
   at Jinja2.NET.MainParser.Parse(String source) in C:\Alex\Soft\Demo\Jinja2.NET\Jinja2.NET\MainParser.cs:line 37
   at Jinja2.NET.Template..ctor(String source, Func`2 rendererFactory) in C:\Alex\Soft\Demo\Jinja2.NET\Jinja2.NET\Template.cs:line 24
   at Jinja2.NET.Tests.IntegrationTests.Should_Render_Set_Assignment() in C:\Alex\Soft\Demo\Jinja2.NET\Jinja2.NET.Tests\IntegrationTests.cs:line 133
   at System.RuntimeMethodHandle.InvokeMethod(Object target, Void** arguments, Signature sig, Boolean isConstructor)
   at System.Reflection.MethodBaseInvoker.InvokeWithNoArgs(Object obj, BindingFlags invokeAttr)
  Passed Jinja2.NET.Tests.LexerTests.Lexer_Should_Throw_On_Unclosed_Tag [20 ms]
[xUnit.net 00:00:00.36]       System.InvalidOperationException : Expected Identifier at line 1, column 3
[xUnit.net 00:00:00.36]       Stack Trace:
[xUnit.net 00:00:00.36]         C:\Alex\Soft\Demo\Jinja2.NET\Jinja2.NET\TokenIterator.cs(25,0): at Jinja2.NET.TokenIterator.Consume(ETokenType expectedType)
[xUnit.net 00:00:00.36]         C:\Alex\Soft\Demo\Jinja2.NET\Jinja2.NET\Parsers\StatementParser.cs(50,0): at Jinja2.NET.Parsers.StatementParser.ParseBlock(TokenIterator tokens)
[xUnit.net 00:00:00.36]         C:\Alex\Soft\Demo\Jinja2.NET\Jinja2.NET\Parsers\StatementParser.cs(24,0): at Jinja2.NET.Parsers.StatementParser.Parse(TokenIterator tokens)
[xUnit.net 00:00:00.36]         C:\Alex\Soft\Demo\Jinja2.NET\Jinja2.NET\Parsers\TemplateBodyParser.cs(23,0): at Jinja2.NET.Parsers.TemplateBodyParser.Parse(TokenIterator tokens)
[xUnit.net 00:00:00.36]         C:\Alex\Soft\Demo\Jinja2.NET\Jinja2.NET\MainParser.cs(37,0): at Jinja2.NET.MainParser.Parse(String source)
[xUnit.net 00:00:00.36]         C:\Alex\Soft\Demo\Jinja2.NET\Jinja2.NET\Template.cs(24,0): at Jinja2.NET.Template..ctor(String source, Func`2 rendererFactory)
[xUnit.net 00:00:00.36]         C:\Alex\Soft\Demo\Jinja2.NET\Jinja2.NET.Tests\IntegrationTests.cs(103,0): at Jinja2.NET.Tests.IntegrationTests.Should_Render_For_Loop_NoNewLines()
[xUnit.net 00:00:00.36]            at System.RuntimeMethodHandle.InvokeMethod(Object target, Void** arguments, Signature sig, Boolean isConstructor)
[xUnit.net 00:00:00.36]            at System.Reflection.MethodBaseInvoker.InvokeWithNoArgs(Object obj, BindingFlags invokeAttr)
[xUnit.net 00:00:00.36]       System.InvalidOperationException : Expected Identifier at line 2, column 12
[xUnit.net 00:00:00.36]       Stack Trace:
[xUnit.net 00:00:00.36]         C:\Alex\Soft\Demo\Jinja2.NET\Jinja2.NET\TokenIterator.cs(25,0): at Jinja2.NET.TokenIterator.Consume(ETokenType expectedType)
[xUnit.net 00:00:00.36]         C:\Alex\Soft\Demo\Jinja2.NET\Jinja2.NET\Parsers\ExpressionParser.cs(100,0): at Jinja2.NET.Parsers.ExpressionParser.ParsePrimary(TokenIterator tokens)
[xUnit.net 00:00:00.36]         C:\Alex\Soft\Demo\Jinja2.NET\Jinja2.NET\Parsers\ExpressionParser.cs(53,0): at Jinja2.NET.Parsers.ExpressionParser.ParseAttribute(TokenIterator tokens)
[xUnit.net 00:00:00.36]         C:\Alex\Soft\Demo\Jinja2.NET\Jinja2.NET\Parsers\ExpressionParser.cs(76,0): at Jinja2.NET.Parsers.ExpressionParser.ParseBinary(TokenIterator tokens, Int32 parentPrecedence)
[xUnit.net 00:00:00.36]         C:\Alex\Soft\Demo\Jinja2.NET\Jinja2.NET\Parsers\ExpressionParser.cs(10,0): at Jinja2.NET.Parsers.ExpressionParser.Parse(TokenIterator tokens)
[xUnit.net 00:00:00.36]         C:\Alex\Soft\Demo\Jinja2.NET\Jinja2.NET\Parsers\StatementParser.cs(41,0): at Jinja2.NET.Parsers.StatementParser.ParseVariable(TokenIterator tokens)
[xUnit.net 00:00:00.36]         C:\Alex\Soft\Demo\Jinja2.NET\Jinja2.NET\Parsers\StatementParser.cs(23,0): at Jinja2.NET.Parsers.StatementParser.Parse(TokenIterator tokens)
[xUnit.net 00:00:00.36]         C:\Alex\Soft\Demo\Jinja2.NET\Jinja2.NET\Parsers\TemplateBodyParser.cs(23,0): at Jinja2.NET.Parsers.TemplateBodyParser.Parse(TokenIterator tokens)
[xUnit.net 00:00:00.36]         C:\Alex\Soft\Demo\Jinja2.NET\Jinja2.NET\MainParser.cs(37,0): at Jinja2.NET.MainParser.Parse(String source)
[xUnit.net 00:00:00.36]         C:\Alex\Soft\Demo\Jinja2.NET\Jinja2.NET\Template.cs(24,0): at Jinja2.NET.Template..ctor(String source, Func`2 rendererFactory)
[xUnit.net 00:00:00.36]         C:\Alex\Soft\Demo\Jinja2.NET\Jinja2.NET.Tests\TemplateTests.cs(164,0): at Jinja2.NET.Tests.TemplateTests.Template_Should_Trim_Whitespace_With_Variable_Dash()
[xUnit.net 00:00:00.36]            at System.RuntimeMethodHandle.InvokeMethod(Object target, Void** arguments, Signature sig, Boolean isConstructor)
[xUnit.net 00:00:00.36]            at System.Reflection.MethodBaseInvoker.InvokeWithNoArgs(Object obj, BindingFlags invokeAttr)
[xUnit.net 00:00:00.37]       System.InvalidOperationException : Expected Identifier at line 1, column 3
[xUnit.net 00:00:00.37]       Stack Trace:
[xUnit.net 00:00:00.37]         C:\Alex\Soft\Demo\Jinja2.NET\Jinja2.NET\TokenIterator.cs(25,0): at Jinja2.NET.TokenIterator.Consume(ETokenType expectedType)
[xUnit.net 00:00:00.37]         C:\Alex\Soft\Demo\Jinja2.NET\Jinja2.NET\Parsers\StatementParser.cs(50,0): at Jinja2.NET.Parsers.StatementParser.ParseBlock(TokenIterator tokens)
[xUnit.net 00:00:00.37]         C:\Alex\Soft\Demo\Jinja2.NET\Jinja2.NET\Parsers\StatementParser.cs(24,0): at Jinja2.NET.Parsers.StatementParser.Parse(TokenIterator tokens)
[xUnit.net 00:00:00.37]         C:\Alex\Soft\Demo\Jinja2.NET\Jinja2.NET\Parsers\TemplateBodyParser.cs(23,0): at Jinja2.NET.Parsers.TemplateBodyParser.Parse(TokenIterator tokens)
[xUnit.net 00:00:00.37]         C:\Alex\Soft\Demo\Jinja2.NET\Jinja2.NET\MainParser.cs(37,0): at Jinja2.NET.MainParser.Parse(String source)
[xUnit.net 00:00:00.37]         C:\Alex\Soft\Demo\Jinja2.NET\Jinja2.NET\Template.cs(24,0): at Jinja2.NET.Template..ctor(String source, Func`2 rendererFactory)
[xUnit.net 00:00:00.37]         C:\Alex\Soft\Demo\Jinja2.NET\Jinja2.NET.Tests\TemplateTests.cs(93,0): at Jinja2.NET.Tests.TemplateTests.Template_Should_Render_Loop_Index0()
[xUnit.net 00:00:00.37]            at System.RuntimeMethodHandle.InvokeMethod(Object target, Void** arguments, Signature sig, Boolean isConstructor)
[xUnit.net 00:00:00.37]            at System.Reflection.MethodBaseInvoker.InvokeWithNoArgs(Object obj, BindingFlags invokeAttr)
[xUnit.net 00:00:00.37]       Expected output to be "42" with a length of 2, but "" has a length of 0, differs near "" (index 0).
[xUnit.net 00:00:00.37]       Stack Trace:
[xUnit.net 00:00:00.37]            at FluentAssertions.Execution.LateBoundTestFramework.Throw(String message)
[xUnit.net 00:00:00.37]            at FluentAssertions.Execution.DefaultAssertionStrategy.HandleFailure(String message)
[xUnit.net 00:00:00.37]            at FluentAssertions.Execution.AssertionScope.AddPreFormattedFailure(String formattedFailureMessage)
[xUnit.net 00:00:00.37]            at FluentAssertions.Execution.AssertionChain.FailWith(Func`1 getFailureReason)
[xUnit.net 00:00:00.37]            at FluentAssertions.Execution.AssertionChain.FailWith(Func`1 getFailureReason)
[xUnit.net 00:00:00.37]            at FluentAssertions.Primitives.StringEqualityStrategy.ValidateAgainstLengthDifferences(AssertionChain assertion, String subject, String expected)
[xUnit.net 00:00:00.37]            at FluentAssertions.Primitives.StringEqualityStrategy.AssertForEquality(AssertionChain assertionChain, String subject, String expected)
[xUnit.net 00:00:00.37]            at FluentAssertions.Primitives.StringValidator.Validate(String subject, String expected)
[xUnit.net 00:00:00.37]            at FluentAssertions.Primitives.StringAssertions`1.Be(String expected, String because, Object[] becauseArgs)
[xUnit.net 00:00:00.37]         C:\Alex\Soft\Demo\Jinja2.NET\Jinja2.NET.Tests\RendererTests.cs(398,0): at Jinja2.NET.Tests.RendererTests.Renderer_Should_Render_Set_Block()
[xUnit.net 00:00:00.37]            at System.RuntimeMethodHandle.InvokeMethod(Object target, Void** arguments, Signature sig, Boolean isConstructor)
[xUnit.net 00:00:00.37]            at System.Reflection.MethodBaseInvoker.InvokeWithNoArgs(Object obj, BindingFlags invokeAttr)
[xUnit.net 00:00:00.38]       Expected textNodes to contain a single item matching (t.Content.EndsWith("
") OrElse t.Content.EndsWith("
[xUnit.net 00:00:00.38]       ")), but no such item was found.
[xUnit.net 00:00:00.38]       Stack Trace:
[xUnit.net 00:00:00.38]            at FluentAssertions.Execution.LateBoundTestFramework.Throw(String message)
[xUnit.net 00:00:00.38]            at FluentAssertions.Execution.DefaultAssertionStrategy.HandleFailure(String message)
[xUnit.net 00:00:00.38]            at FluentAssertions.Execution.AssertionScope.AddPreFormattedFailure(String formattedFailureMessage)
[xUnit.net 00:00:00.38]            at FluentAssertions.Execution.AssertionChain.FailWith(Func`1 getFailureReason)
[xUnit.net 00:00:00.38]            at FluentAssertions.Execution.AssertionChain.FailWith(Func`1 getFailureReason)
[xUnit.net 00:00:00.38]            at FluentAssertions.Execution.AssertionChain.FailWith(String message, Object[] args)
[xUnit.net 00:00:00.38]            at FluentAssertions.Collections.GenericCollectionAssertions`3.ContainSingle(Expression`1 predicate, String because, Object[] becauseArgs)
[xUnit.net 00:00:00.38]         C:\Alex\Soft\Demo\Jinja2.NET\Jinja2.NET.Tests\ParserTests.cs(271,0): at Jinja2.NET.Tests.ParserTests.Parser_Should_Parse_For_Loop_With_Newlines()
[xUnit.net 00:00:00.38]            at System.RuntimeMethodHandle.InvokeMethod(Object target, Void** arguments, Signature sig, Boolean isConstructor)
[xUnit.net 00:00:00.38]            at System.Reflection.MethodBaseInvoker.InvokeWithNoArgs(Object obj, BindingFlags invokeAttr)
[xUnit.net 00:00:00.38]       Output:
[xUnit.net 00:00:00.38]         Tokens:
[xUnit.net 00:00:00.38]         Token: BlockStart [{%]
[xUnit.net 00:00:00.38]         Token: Text [ ]
[xUnit.net 00:00:00.38]         Token: Identifier [for]
[xUnit.net 00:00:00.38]         Token: Text [ ]
[xUnit.net 00:00:00.38]         Token: Identifier [item]
[xUnit.net 00:00:00.38]         Token: Text [ ]
[xUnit.net 00:00:00.38]         Token: Identifier [in]
[xUnit.net 00:00:00.38]         Token: Text [ ]
[xUnit.net 00:00:00.38]         Token: Identifier [items]
[xUnit.net 00:00:00.38]         Token: Text [ ]
[xUnit.net 00:00:00.38]         Token: BlockEnd [%}]
[xUnit.net 00:00:00.38]         Token: Text [- ]
[xUnit.net 00:00:00.38]         Token: VariableStart [{{]
[xUnit.net 00:00:00.38]         Token: Text [ ]
[xUnit.net 00:00:00.38]         Token: Identifier [item]
[xUnit.net 00:00:00.38]         Token: Text [ ]
[xUnit.net 00:00:00.38]         Token: VariableEnd [}}]
[xUnit.net 00:00:00.38]         Token: Text [\r\n]
[xUnit.net 00:00:00.38]         Token: BlockStart [{%]
[xUnit.net 00:00:00.38]         Token: Text [ ]
[xUnit.net 00:00:00.38]         Token: Identifier [endfor]
[xUnit.net 00:00:00.38]         Token: Text [ ]
[xUnit.net 00:00:00.38]         Token: BlockEnd [%}]
[xUnit.net 00:00:00.38]         Token: EOF []
[xUnit.net 00:00:00.38]         AST:
[xUnit.net 00:00:00.38]         TemplateNode
[xUnit.net 00:00:00.38]           BlockNode: for
[xUnit.net 00:00:00.38]             TextNode: "- "
[xUnit.net 00:00:00.38]             VariableNode
[xUnit.net 00:00:00.38]         
[xUnit.net 00:00:00.38]         Captured TextNode: [- ]
  Passed Jinja2.NET.Tests.LexerTests.Lexer_Validate_Should_Return_Syntax_Error_On_Unclosed_Tag(template: "Hello {% if true ") [< 1 ms]
  Passed Jinja2.NET.Tests.LexerTests.Lexer_Validate_Should_Return_Syntax_Error_On_Unclosed_Tag(template: "Hello {# comment ") [< 1 ms]
  Failed Jinja2.NET.Tests.IntegrationTests.Should_Render_For_Loop_NoNewLines [7 ms]
  Error Message:
   System.InvalidOperationException : Expected Identifier at line 1, column 3
  Stack Trace:
     at Jinja2.NET.TokenIterator.Consume(ETokenType expectedType) in C:\Alex\Soft\Demo\Jinja2.NET\Jinja2.NET\TokenIterator.cs:line 25
   at Jinja2.NET.Parsers.StatementParser.ParseBlock(TokenIterator tokens) in C:\Alex\Soft\Demo\Jinja2.NET\Jinja2.NET\Parsers\StatementParser.cs:line 50
   at Jinja2.NET.Parsers.StatementParser.Parse(TokenIterator tokens) in C:\Alex\Soft\Demo\Jinja2.NET\Jinja2.NET\Parsers\StatementParser.cs:line 24
   at Jinja2.NET.Parsers.TemplateBodyParser.Parse(TokenIterator tokens) in C:\Alex\Soft\Demo\Jinja2.NET\Jinja2.NET\Parsers\TemplateBodyParser.cs:line 23
   at Jinja2.NET.MainParser.Parse(String source) in C:\Alex\Soft\Demo\Jinja2.NET\Jinja2.NET\MainParser.cs:line 37
   at Jinja2.NET.Template..ctor(String source, Func`2 rendererFactory) in C:\Alex\Soft\Demo\Jinja2.NET\Jinja2.NET\Template.cs:line 24
   at Jinja2.NET.Tests.IntegrationTests.Should_Render_For_Loop_NoNewLines() in C:\Alex\Soft\Demo\Jinja2.NET\Jinja2.NET.Tests\IntegrationTests.cs:line 103
   at System.RuntimeMethodHandle.InvokeMethod(Object target, Void** arguments, Signature sig, Boolean isConstructor)
   at System.Reflection.MethodBaseInvoker.InvokeWithNoArgs(Object obj, BindingFlags invokeAttr)
  Failed Jinja2.NET.Tests.TemplateTests.Template_Should_Trim_Whitespace_With_Variable_Dash [11 ms]
  Error Message:
   System.InvalidOperationException : Expected Identifier at line 2, column 12
  Stack Trace:
     at Jinja2.NET.TokenIterator.Consume(ETokenType expectedType) in C:\Alex\Soft\Demo\Jinja2.NET\Jinja2.NET\TokenIterator.cs:line 25
   at Jinja2.NET.Parsers.ExpressionParser.ParsePrimary(TokenIterator tokens) in C:\Alex\Soft\Demo\Jinja2.NET\Jinja2.NET\Parsers\ExpressionParser.cs:line 100
   at Jinja2.NET.Parsers.ExpressionParser.ParseAttribute(TokenIterator tokens) in C:\Alex\Soft\Demo\Jinja2.NET\Jinja2.NET\Parsers\ExpressionParser.cs:line 53
   at Jinja2.NET.Parsers.ExpressionParser.ParseBinary(TokenIterator tokens, Int32 parentPrecedence) in C:\Alex\Soft\Demo\Jinja2.NET\Jinja2.NET\Parsers\ExpressionParser.cs:line 76
   at Jinja2.NET.Parsers.ExpressionParser.Parse(TokenIterator tokens) in C:\Alex\Soft\Demo\Jinja2.NET\Jinja2.NET\Parsers\ExpressionParser.cs:line 10
   at Jinja2.NET.Parsers.StatementParser.ParseVariable(TokenIterator tokens) in C:\Alex\Soft\Demo\Jinja2.NET\Jinja2.NET\Parsers\StatementParser.cs:line 41
   at Jinja2.NET.Parsers.StatementParser.Parse(TokenIterator tokens) in C:\Alex\Soft\Demo\Jinja2.NET\Jinja2.NET\Parsers\StatementParser.cs:line 23
   at Jinja2.NET.Parsers.TemplateBodyParser.Parse(TokenIterator tokens) in C:\Alex\Soft\Demo\Jinja2.NET\Jinja2.NET\Parsers\TemplateBodyParser.cs:line 23
   at Jinja2.NET.MainParser.Parse(String source) in C:\Alex\Soft\Demo\Jinja2.NET\Jinja2.NET\MainParser.cs:line 37
   at Jinja2.NET.Template..ctor(String source, Func`2 rendererFactory) in C:\Alex\Soft\Demo\Jinja2.NET\Jinja2.NET\Template.cs:line 24
   at Jinja2.NET.Tests.TemplateTests.Template_Should_Trim_Whitespace_With_Variable_Dash() in C:\Alex\Soft\Demo\Jinja2.NET\Jinja2.NET.Tests\TemplateTests.cs:line 164
   at System.RuntimeMethodHandle.InvokeMethod(Object target, Void** arguments, Signature sig, Boolean isConstructor)
   at System.Reflection.MethodBaseInvoker.InvokeWithNoArgs(Object obj, BindingFlags invokeAttr)
  Failed Jinja2.NET.Tests.TemplateTests.Template_Should_Render_Loop_Index0 [7 ms]
  Error Message:
   System.InvalidOperationException : Expected Identifier at line 1, column 3
  Stack Trace:
     at Jinja2.NET.TokenIterator.Consume(ETokenType expectedType) in C:\Alex\Soft\Demo\Jinja2.NET\Jinja2.NET\TokenIterator.cs:line 25
   at Jinja2.NET.Parsers.StatementParser.ParseBlock(TokenIterator tokens) in C:\Alex\Soft\Demo\Jinja2.NET\Jinja2.NET\Parsers\StatementParser.cs:line 50
   at Jinja2.NET.Parsers.StatementParser.Parse(TokenIterator tokens) in C:\Alex\Soft\Demo\Jinja2.NET\Jinja2.NET\Parsers\StatementParser.cs:line 24
   at Jinja2.NET.Parsers.TemplateBodyParser.Parse(TokenIterator tokens) in C:\Alex\Soft\Demo\Jinja2.NET\Jinja2.NET\Parsers\TemplateBodyParser.cs:line 23
   at Jinja2.NET.MainParser.Parse(String source) in C:\Alex\Soft\Demo\Jinja2.NET\Jinja2.NET\MainParser.cs:line 37
   at Jinja2.NET.Template..ctor(String source, Func`2 rendererFactory) in C:\Alex\Soft\Demo\Jinja2.NET\Jinja2.NET\Template.cs:line 24
   at Jinja2.NET.Tests.TemplateTests.Template_Should_Render_Loop_Index0() in C:\Alex\Soft\Demo\Jinja2.NET\Jinja2.NET.Tests\TemplateTests.cs:line 93
   at System.RuntimeMethodHandle.InvokeMethod(Object target, Void** arguments, Signature sig, Boolean isConstructor)
   at System.Reflection.MethodBaseInvoker.InvokeWithNoArgs(Object obj, BindingFlags invokeAttr)
  Passed Jinja2.NET.Tests.LexerTests.Lexer_Should_Tokenize_For_Loop_With_Newlines [16 ms]
  Failed Jinja2.NET.Tests.RendererTests.Renderer_Should_Render_Set_Block [40 ms]
  Error Message:
   Expected output to be "42" with a length of 2, but "" has a length of 0, differs near "" (index 0).
  Stack Trace:
     at FluentAssertions.Execution.LateBoundTestFramework.Throw(String message)
   at FluentAssertions.Execution.DefaultAssertionStrategy.HandleFailure(String message)
   at FluentAssertions.Execution.AssertionScope.AddPreFormattedFailure(String formattedFailureMessage)
   at FluentAssertions.Execution.AssertionChain.FailWith(Func`1 getFailureReason)
   at FluentAssertions.Execution.AssertionChain.FailWith(Func`1 getFailureReason)
   at FluentAssertions.Primitives.StringEqualityStrategy.ValidateAgainstLengthDifferences(AssertionChain assertion, String subject, String expected)
   at FluentAssertions.Primitives.StringEqualityStrategy.AssertForEquality(AssertionChain assertionChain, String subject, String expected)
   at FluentAssertions.Primitives.StringValidator.Validate(String subject, String expected)
   at FluentAssertions.Primitives.StringAssertions`1.Be(String expected, String because, Object[] becauseArgs)
   at Jinja2.NET.Tests.RendererTests.Renderer_Should_Render_Set_Block() in C:\Alex\Soft\Demo\Jinja2.NET\Jinja2.NET.Tests\RendererTests.cs:line 398
   at System.RuntimeMethodHandle.InvokeMethod(Object target, Void** arguments, Signature sig, Boolean isConstructor)
   at System.Reflection.MethodBaseInvoker.InvokeWithNoArgs(Object obj, BindingFlags invokeAttr)
  Failed Jinja2.NET.Tests.ParserTests.Parser_Should_Parse_For_Loop_With_Newlines [53 ms]
  Error Message:
   Expected textNodes to contain a single item matching (t.Content.EndsWith("
") OrElse t.Content.EndsWith("
")), but no such item was found.
  Stack Trace:
     at FluentAssertions.Execution.LateBoundTestFramework.Throw(String message)
   at FluentAssertions.Execution.DefaultAssertionStrategy.HandleFailure(String message)
   at FluentAssertions.Execution.AssertionScope.AddPreFormattedFailure(String formattedFailureMessage)
   at FluentAssertions.Execution.AssertionChain.FailWith(Func`1 getFailureReason)
   at FluentAssertions.Execution.AssertionChain.FailWith(Func`1 getFailureReason)
   at FluentAssertions.Execution.AssertionChain.FailWith(String message, Object[] args)
   at FluentAssertions.Collections.GenericCollectionAssertions`3.ContainSingle(Expression`1 predicate, String because, Object[] becauseArgs)
   at Jinja2.NET.Tests.ParserTests.Parser_Should_Parse_For_Loop_With_Newlines() in C:\Alex\Soft\Demo\Jinja2.NET\Jinja2.NET.Tests\ParserTests.cs:line 271
   at System.RuntimeMethodHandle.InvokeMethod(Object target, Void** arguments, Signature sig, Boolean isConstructor)
   at System.Reflection.MethodBaseInvoker.InvokeWithNoArgs(Object obj, BindingFlags invokeAttr)
  Standard Output Messages:
 Tokens:
 Token: BlockStart [{%]
 Token: Text [ ]
 Token: Identifier [for]
 Token: Text [ ]
 Token: Identifier [item]
 Token: Text [ ]
 Token: Identifier [in]
 Token: Text [ ]
 Token: Identifier [items]
 Token: Text [ ]
 Token: BlockEnd [%}]
 Token: Text [- ]
 Token: VariableStart [{{]
 Token: Text [ ]
 Token: Identifier [item]
 Token: Text [ ]
 Token: VariableEnd [}}]
 Token: Text [\r\n]
 Token: BlockStart [{%]
 Token: Text [ ]
 Token: Identifier [endfor]
 Token: Text [ ]
 Token: BlockEnd [%}]
 Token: EOF []
 AST:
 TemplateNode
   BlockNode: for
     TextNode: "- "
     VariableNode
 
 Captured TextNode: [- ]


[xUnit.net 00:00:00.38]       System.InvalidOperationException : Expected Identifier at line 1, column 11
[xUnit.net 00:00:00.38]       Stack Trace:
[xUnit.net 00:00:00.38]         C:\Alex\Soft\Demo\Jinja2.NET\Jinja2.NET\TokenIterator.cs(25,0): at Jinja2.NET.TokenIterator.Consume(ETokenType expectedType)
[xUnit.net 00:00:00.38]         C:\Alex\Soft\Demo\Jinja2.NET\Jinja2.NET\Parsers\ExpressionParser.cs(100,0): at Jinja2.NET.Parsers.ExpressionParser.ParsePrimary(TokenIterator tokens)
[xUnit.net 00:00:00.38]         C:\Alex\Soft\Demo\Jinja2.NET\Jinja2.NET\Parsers\ExpressionParser.cs(53,0): at Jinja2.NET.Parsers.ExpressionParser.ParseAttribute(TokenIterator tokens)
[xUnit.net 00:00:00.38]         C:\Alex\Soft\Demo\Jinja2.NET\Jinja2.NET\Parsers\ExpressionParser.cs(76,0): at Jinja2.NET.Parsers.ExpressionParser.ParseBinary(TokenIterator tokens, Int32 parentPrecedence)
[xUnit.net 00:00:00.38]         C:\Alex\Soft\Demo\Jinja2.NET\Jinja2.NET\Parsers\ExpressionParser.cs(10,0): at Jinja2.NET.Parsers.ExpressionParser.Parse(TokenIterator tokens)
[xUnit.net 00:00:00.38]         C:\Alex\Soft\Demo\Jinja2.NET\Jinja2.NET\Parsers\StatementParser.cs(41,0): at Jinja2.NET.Parsers.StatementParser.ParseVariable(TokenIterator tokens)
[xUnit.net 00:00:00.38]         C:\Alex\Soft\Demo\Jinja2.NET\Jinja2.NET\Parsers\StatementParser.cs(23,0): at Jinja2.NET.Parsers.StatementParser.Parse(TokenIterator tokens)
[xUnit.net 00:00:00.38]         C:\Alex\Soft\Demo\Jinja2.NET\Jinja2.NET\Parsers\TemplateBodyParser.cs(23,0): at Jinja2.NET.Parsers.TemplateBodyParser.Parse(TokenIterator tokens)
[xUnit.net 00:00:00.38]         C:\Alex\Soft\Demo\Jinja2.NET\Jinja2.NET\MainParser.cs(37,0): at Jinja2.NET.MainParser.Parse(String source)
[xUnit.net 00:00:00.38]         C:\Alex\Soft\Demo\Jinja2.NET\Jinja2.NET\Template.cs(24,0): at Jinja2.NET.Template..ctor(String source, Func`2 rendererFactory)
[xUnit.net 00:00:00.38]         C:\Alex\Soft\Demo\Jinja2.NET\Jinja2.NET.Tests\TemplateTests.cs(125,0): at Jinja2.NET.Tests.TemplateTests.Template_Should_Render_With_Filters()
[xUnit.net 00:00:00.38]            at System.RuntimeMethodHandle.InvokeMethod(Object target, Void** arguments, Signature sig, Boolean isConstructor)
[xUnit.net 00:00:00.38]            at System.Reflection.MethodBaseInvoker.InvokeWithNoArgs(Object obj, BindingFlags invokeAttr)
[xUnit.net 00:00:00.38]       System.InvalidOperationException : Expected '=' (at line 1, column 9, token: Comma, value: ',')
[xUnit.net 00:00:00.38]       Stack Trace:
[xUnit.net 00:00:00.38]         C:\Alex\Soft\Demo\Jinja2.NET\Jinja2.NET\OLdCode\Parser_old.cs(60,0): at Jinja2.NET.Parser_old.Consume(ETokenType type, String message)
[xUnit.net 00:00:00.38]         C:\Alex\Soft\Demo\Jinja2.NET\Jinja2.NET\OLdCode\Parsers\SetBlockParser.cs(15,0): at Jinja2.NET.Parsers.SetBlockParser.Parse(Parser_old parser, BlockNode block)
[xUnit.net 00:00:00.38]         C:\Alex\Soft\Demo\Jinja2.NET\Jinja2.NET\OLdCode\Parser_old.cs(310,0): at Jinja2.NET.Parser_old.ParseBlock()
[xUnit.net 00:00:00.38]         C:\Alex\Soft\Demo\Jinja2.NET\Jinja2.NET\OLdCode\Parser_old.cs(352,0): at Jinja2.NET.Parser_old.ParseNode()
[xUnit.net 00:00:00.38]         C:\Alex\Soft\Demo\Jinja2.NET\Jinja2.NET\OLdCode\Parser_old.cs(103,0): at Jinja2.NET.Parser_old.Parse()
[xUnit.net 00:00:00.38]         C:\Alex\Soft\Demo\Jinja2.NET\Jinja2.NET.Tests\RendererTests.cs(320,0): at Jinja2.NET.Tests.RendererTests.Renderer_Should_Render_MultiTarget_Set()
[xUnit.net 00:00:00.38]            at System.RuntimeMethodHandle.InvokeMethod(Object target, Void** arguments, Signature sig, Boolean isConstructor)
[xUnit.net 00:00:00.38]            at System.Reflection.MethodBaseInvoker.InvokeWithNoArgs(Object obj, BindingFlags invokeAttr)
[xUnit.net 00:00:00.38]       System.InvalidOperationException : Expected Identifier at line 1, column 8
[xUnit.net 00:00:00.38]       Stack Trace:
[xUnit.net 00:00:00.38]         C:\Alex\Soft\Demo\Jinja2.NET\Jinja2.NET\TokenIterator.cs(25,0): at Jinja2.NET.TokenIterator.Consume(ETokenType expectedType)
[xUnit.net 00:00:00.38]         C:\Alex\Soft\Demo\Jinja2.NET\Jinja2.NET\Parsers\ExpressionParser.cs(100,0): at Jinja2.NET.Parsers.ExpressionParser.ParsePrimary(TokenIterator tokens)
[xUnit.net 00:00:00.38]         C:\Alex\Soft\Demo\Jinja2.NET\Jinja2.NET\Parsers\ExpressionParser.cs(53,0): at Jinja2.NET.Parsers.ExpressionParser.ParseAttribute(TokenIterator tokens)
[xUnit.net 00:00:00.38]         C:\Alex\Soft\Demo\Jinja2.NET\Jinja2.NET\Parsers\ExpressionParser.cs(76,0): at Jinja2.NET.Parsers.ExpressionParser.ParseBinary(TokenIterator tokens, Int32 parentPrecedence)
[xUnit.net 00:00:00.38]         C:\Alex\Soft\Demo\Jinja2.NET\Jinja2.NET\Parsers\ExpressionParser.cs(10,0): at Jinja2.NET.Parsers.ExpressionParser.Parse(TokenIterator tokens)
[xUnit.net 00:00:00.38]         C:\Alex\Soft\Demo\Jinja2.NET\Jinja2.NET\Parsers\StatementParser.cs(41,0): at Jinja2.NET.Parsers.StatementParser.ParseVariable(TokenIterator tokens)
[xUnit.net 00:00:00.39]         C:\Alex\Soft\Demo\Jinja2.NET\Jinja2.NET\Parsers\StatementParser.cs(23,0): at Jinja2.NET.Parsers.StatementParser.Parse(TokenIterator tokens)
[xUnit.net 00:00:00.39]         C:\Alex\Soft\Demo\Jinja2.NET\Jinja2.NET\Parsers\TemplateBodyParser.cs(23,0): at Jinja2.NET.Parsers.TemplateBodyParser.Parse(TokenIterator tokens)
[xUnit.net 00:00:00.39]         C:\Alex\Soft\Demo\Jinja2.NET\Jinja2.NET\MainParser.cs(37,0): at Jinja2.NET.MainParser.Parse(String source)
[xUnit.net 00:00:00.39]         C:\Alex\Soft\Demo\Jinja2.NET\Jinja2.NET\Template.cs(24,0): at Jinja2.NET.Template..ctor(String source, Func`2 rendererFactory)
[xUnit.net 00:00:00.39]         C:\Alex\Soft\Demo\Jinja2.NET\Jinja2.NET.Tests\TemplateTests.cs(37,0): at Jinja2.NET.Tests.TemplateTests.Template_Should_Render_Chained_Filters()
[xUnit.net 00:00:00.39]            at System.RuntimeMethodHandle.InvokeMethod(Object target, Void** arguments, Signature sig, Boolean isConstructor)
[xUnit.net 00:00:00.39]            at System.Reflection.MethodBaseInvoker.InvokeWithNoArgs(Object obj, BindingFlags invokeAttr)
  Passed Jinja2.NET.Tests.RendererTests.Renderer_Should_Render_BinaryExpressionNode_Equality [< 1 ms]
  Failed Jinja2.NET.Tests.TemplateTests.Template_Should_Render_With_Filters [10 ms]
  Error Message:
   System.InvalidOperationException : Expected Identifier at line 1, column 11
  Stack Trace:
     at Jinja2.NET.TokenIterator.Consume(ETokenType expectedType) in C:\Alex\Soft\Demo\Jinja2.NET\Jinja2.NET\TokenIterator.cs:line 25
   at Jinja2.NET.Parsers.ExpressionParser.ParsePrimary(TokenIterator tokens) in C:\Alex\Soft\Demo\Jinja2.NET\Jinja2.NET\Parsers\ExpressionParser.cs:line 100
   at Jinja2.NET.Parsers.ExpressionParser.ParseAttribute(TokenIterator tokens) in C:\Alex\Soft\Demo\Jinja2.NET\Jinja2.NET\Parsers\ExpressionParser.cs:line 53
   at Jinja2.NET.Parsers.ExpressionParser.ParseBinary(TokenIterator tokens, Int32 parentPrecedence) in C:\Alex\Soft\Demo\Jinja2.NET\Jinja2.NET\Parsers\ExpressionParser.cs:line 76
   at Jinja2.NET.Parsers.ExpressionParser.Parse(TokenIterator tokens) in C:\Alex\Soft\Demo\Jinja2.NET\Jinja2.NET\Parsers\ExpressionParser.cs:line 10
   at Jinja2.NET.Parsers.StatementParser.ParseVariable(TokenIterator tokens) in C:\Alex\Soft\Demo\Jinja2.NET\Jinja2.NET\Parsers\StatementParser.cs:line 41
   at Jinja2.NET.Parsers.StatementParser.Parse(TokenIterator tokens) in C:\Alex\Soft\Demo\Jinja2.NET\Jinja2.NET\Parsers\StatementParser.cs:line 23
   at Jinja2.NET.Parsers.TemplateBodyParser.Parse(TokenIterator tokens) in C:\Alex\Soft\Demo\Jinja2.NET\Jinja2.NET\Parsers\TemplateBodyParser.cs:line 23
   at Jinja2.NET.MainParser.Parse(String source) in C:\Alex\Soft\Demo\Jinja2.NET\Jinja2.NET\MainParser.cs:line 37
   at Jinja2.NET.Template..ctor(String source, Func`2 rendererFactory) in C:\Alex\Soft\Demo\Jinja2.NET\Jinja2.NET\Template.cs:line 24
   at Jinja2.NET.Tests.TemplateTests.Template_Should_Render_With_Filters() in C:\Alex\Soft\Demo\Jinja2.NET\Jinja2.NET.Tests\TemplateTests.cs:line 125
   at System.RuntimeMethodHandle.InvokeMethod(Object target, Void** arguments, Signature sig, Boolean isConstructor)
   at System.Reflection.MethodBaseInvoker.InvokeWithNoArgs(Object obj, BindingFlags invokeAttr)
  Passed Jinja2.NET.Tests.LexerTests.Lexer_Should_Tokenize_Set_Block_With_Leading_Whitespace [12 ms]
  Standard Output Messages:
 Tokens:
 Token: Text [\n]
 Token: BlockStart [{%]
 Token: Text [ ]
 Token: Identifier [set]
 Token: Text [ ]
 Token: Identifier [foo]
 Token: Text [ ]
 Token: Equals [=]
 Token: Text [ ]
 Token: Number [1]
 Token: Text [ ]
 Token: BlockEnd [%}]
 Token: EOF []
 


  Passed Jinja2.NET.Tests.ParserTests.Parser_Should_Parse_For_Block_With_Whitespace [8 ms]
  Failed Jinja2.NET.Tests.RendererTests.Renderer_Should_Render_MultiTarget_Set [8 ms]
  Error Message:
   System.InvalidOperationException : Expected '=' (at line 1, column 9, token: Comma, value: ',')
  Stack Trace:
     at Jinja2.NET.Parser_old.Consume(ETokenType type, String message) in C:\Alex\Soft\Demo\Jinja2.NET\Jinja2.NET\OLdCode\Parser_old.cs:line 60
   at Jinja2.NET.Parsers.SetBlockParser.Parse(Parser_old parser, BlockNode block) in C:\Alex\Soft\Demo\Jinja2.NET\Jinja2.NET\OLdCode\Parsers\SetBlockParser.cs:line 15
   at Jinja2.NET.Parser_old.ParseBlock() in C:\Alex\Soft\Demo\Jinja2.NET\Jinja2.NET\OLdCode\Parser_old.cs:line 310
   at Jinja2.NET.Parser_old.ParseNode() in C:\Alex\Soft\Demo\Jinja2.NET\Jinja2.NET\OLdCode\Parser_old.cs:line 352
   at Jinja2.NET.Parser_old.Parse() in C:\Alex\Soft\Demo\Jinja2.NET\Jinja2.NET\OLdCode\Parser_old.cs:line 103
   at Jinja2.NET.Tests.RendererTests.Renderer_Should_Render_MultiTarget_Set() in C:\Alex\Soft\Demo\Jinja2.NET\Jinja2.NET.Tests\RendererTests.cs:line 320
   at System.RuntimeMethodHandle.InvokeMethod(Object target, Void** arguments, Signature sig, Boolean isConstructor)
   at System.Reflection.MethodBaseInvoker.InvokeWithNoArgs(Object obj, BindingFlags invokeAttr)
  Failed Jinja2.NET.Tests.TemplateTests.Template_Should_Render_Chained_Filters [7 ms]
  Error Message:
   System.InvalidOperationException : Expected Identifier at line 1, column 8
  Stack Trace:
     at Jinja2.NET.TokenIterator.Consume(ETokenType expectedType) in C:\Alex\Soft\Demo\Jinja2.NET\Jinja2.NET\TokenIterator.cs:line 25
   at Jinja2.NET.Parsers.ExpressionParser.ParsePrimary(TokenIterator tokens) in C:\Alex\Soft\Demo\Jinja2.NET\Jinja2.NET\Parsers\ExpressionParser.cs:line 100
   at Jinja2.NET.Parsers.ExpressionParser.ParseAttribute(TokenIterator tokens) in C:\Alex\Soft\Demo\Jinja2.NET\Jinja2.NET\Parsers\ExpressionParser.cs:line 53
   at Jinja2.NET.Parsers.ExpressionParser.ParseBinary(TokenIterator tokens, Int32 parentPrecedence) in C:\Alex\Soft\Demo\Jinja2.NET\Jinja2.NET\Parsers\ExpressionParser.cs:line 76
   at Jinja2.NET.Parsers.ExpressionParser.Parse(TokenIterator tokens) in C:\Alex\Soft\Demo\Jinja2.NET\Jinja2.NET\Parsers\ExpressionParser.cs:line 10
   at Jinja2.NET.Parsers.StatementParser.ParseVariable(TokenIterator tokens) in C:\Alex\Soft\Demo\Jinja2.NET\Jinja2.NET\Parsers\StatementParser.cs:line 41
   at Jinja2.NET.Parsers.StatementParser.Parse(TokenIterator tokens) in C:\Alex\Soft\Demo\Jinja2.NET\Jinja2.NET\Parsers\StatementParser.cs:line 23
   at Jinja2.NET.Parsers.TemplateBodyParser.Parse(TokenIterator tokens) in C:\Alex\Soft\Demo\Jinja2.NET\Jinja2.NET\Parsers\TemplateBodyParser.cs:line 23
   at Jinja2.NET.MainParser.Parse(String source) in C:\Alex\Soft\Demo\Jinja2.NET\Jinja2.NET\MainParser.cs:line 37
   at Jinja2.NET.Template..ctor(String source, Func`2 rendererFactory) in C:\Alex\Soft\Demo\Jinja2.NET\Jinja2.NET\Template.cs:line 24
   at Jinja2.NET.Tests.TemplateTests.Template_Should_Render_Chained_Filters() in C:\Alex\Soft\Demo\Jinja2.NET\Jinja2.NET.Tests\TemplateTests.cs:line 37
   at System.RuntimeMethodHandle.InvokeMethod(Object target, Void** arguments, Signature sig, Boolean isConstructor)
   at System.Reflection.MethodBaseInvoker.InvokeWithNoArgs(Object obj, BindingFlags invokeAttr)
  Passed Jinja2.NET.Tests.LexerTests.Lexer_Should_Tokenize_Variable_And_Text [10 ms]
[xUnit.net 00:00:00.40]       System.InvalidOperationException : Unclosed block: 'raw' (at line 1, column 29, token: EOF, value: '')
[xUnit.net 00:00:00.40]       Stack Trace:
[xUnit.net 00:00:00.40]         C:\Alex\Soft\Demo\Jinja2.NET\Jinja2.NET\OLdCode\Parser_old.cs(112,0): at Jinja2.NET.Parser_old.Parse()
[xUnit.net 00:00:00.40]         C:\Alex\Soft\Demo\Jinja2.NET\Jinja2.NET.Tests\RendererTests.cs(356,0): at Jinja2.NET.Tests.RendererTests.Renderer_Should_Render_Raw_With_NonText()
[xUnit.net 00:00:00.40]            at System.RuntimeMethodHandle.InvokeMethod(Object target, Void** arguments, Signature sig, Boolean isConstructor)
[xUnit.net 00:00:00.40]            at System.Reflection.MethodBaseInvoker.InvokeWithNoArgs(Object obj, BindingFlags invokeAttr)
[xUnit.net 00:00:00.40]       Output:
[xUnit.net 00:00:00.40]         Tokens:
[xUnit.net 00:00:00.40]         Token: BlockStart [{%]
[xUnit.net 00:00:00.40]         Token: Text [ ]
[xUnit.net 00:00:00.40]         Token: Identifier [raw]
[xUnit.net 00:00:00.40]         Token: Text [ ]
[xUnit.net 00:00:00.40]         Token: BlockEnd [%}]
[xUnit.net 00:00:00.40]         Token: VariableStart [{{]
[xUnit.net 00:00:00.40]         Token: Text [ ]
[xUnit.net 00:00:00.40]         Token: Identifier [x]
[xUnit.net 00:00:00.40]         Token: Text [ ]
[xUnit.net 00:00:00.40]         Token: VariableEnd [}}]
[xUnit.net 00:00:00.40]         Token: BlockStart [{%]
[xUnit.net 00:00:00.40]         Token: Text [ ]
[xUnit.net 00:00:00.40]         Token: Identifier [endraw]
[xUnit.net 00:00:00.40]         Token: Text [ ]
[xUnit.net 00:00:00.40]         Token: BlockEnd [%}]
[xUnit.net 00:00:00.40]         Token: EOF []
[xUnit.net 00:00:00.40]         
[xUnit.net 00:00:00.41]       Expected exception where value(System.String[]).Any(opt => ex.Message.Contains(opt)), but the condition was not met by:
[xUnit.net 00:00:00.41]       
[xUnit.net 00:00:00.41]       {System.InvalidOperationException: Mismatched end block 'endif' for 'for' (at line 1, column 36, token: EOF, value: '')
[xUnit.net 00:00:00.41]          at Jinja2.NET.Parser_old.PopBlock(String endBlockName) in C:\Alex\Soft\Demo\Jinja2.NET\Jinja2.NET\OLdCode\Parser_old.cs:line 192
[xUnit.net 00:00:00.41]          at Jinja2.NET.Parsers.EndBlockParser.Parse(Parser_old parser, BlockNode block) in C:\Alex\Soft\Demo\Jinja2.NET\Jinja2.NET\OLdCode\Parsers\EndBlockParser.cs:line 21
[xUnit.net 00:00:00.41]          at Jinja2.NET.Parser_old.ParseBlock() in C:\Alex\Soft\Demo\Jinja2.NET\Jinja2.NET\OLdCode\Parser_old.cs:line 310
[xUnit.net 00:00:00.41]          at Jinja2.NET.Parser_old.ParseNode() in C:\Alex\Soft\Demo\Jinja2.NET\Jinja2.NET\OLdCode\Parser_old.cs:line 352
[xUnit.net 00:00:00.41]          at Jinja2.NET.Parser_old.ParseBlockBody(Parser_old parser, List`1 children, String[] endBlockNames) in C:\Alex\Soft\Demo\Jinja2.NET\Jinja2.NET\OLdCode\Parser_old.cs:line 122
[xUnit.net 00:00:00.41]          at Jinja2.NET.Parsers.ForBlockParser.Parse(Parser_old parser, BlockNode block) in C:\Alex\Soft\Demo\Jinja2.NET\Jinja2.NET\OLdCode\Parsers\ForBlockParser.cs:line 32
[xUnit.net 00:00:00.41]          at Jinja2.NET.Parser_old.ParseBlock() in C:\Alex\Soft\Demo\Jinja2.NET\Jinja2.NET\OLdCode\Parser_old.cs:line 310
[xUnit.net 00:00:00.41]          at Jinja2.NET.Parser_old.ParseNode() in C:\Alex\Soft\Demo\Jinja2.NET\Jinja2.NET\OLdCode\Parser_old.cs:line 352
[xUnit.net 00:00:00.41]          at Jinja2.NET.Parser_old.Parse() in C:\Alex\Soft\Demo\Jinja2.NET\Jinja2.NET\OLdCode\Parser_old.cs:line 103
[xUnit.net 00:00:00.41]          at Jinja2.NET.Tests.ParserTests.<>c__DisplayClass28_0.<Parser_Should_Throw_Syntax_Error_On_Invalid_Template>b__0() in C:\Alex\Soft\Demo\Jinja2.NET\Jinja2.NET.Tests\ParserTests.cs:line 575
[xUnit.net 00:00:00.41]          at FluentAssertions.Specialized.ActionAssertions.InvokeSubject()
[xUnit.net 00:00:00.41]          at FluentAssertions.Specialized.DelegateAssertions`2.InvokeSubjectWithInterception()}.
[xUnit.net 00:00:00.41]       Stack Trace:
[xUnit.net 00:00:00.41]            at FluentAssertions.Execution.LateBoundTestFramework.Throw(String message)
[xUnit.net 00:00:00.41]            at FluentAssertions.Execution.DefaultAssertionStrategy.HandleFailure(String message)
[xUnit.net 00:00:00.41]            at FluentAssertions.Execution.AssertionScope.AddPreFormattedFailure(String formattedFailureMessage)
[xUnit.net 00:00:00.41]            at FluentAssertions.Execution.AssertionChain.FailWith(Func`1 getFailureReason)
[xUnit.net 00:00:00.41]            at FluentAssertions.Execution.AssertionChain.FailWith(Func`1 getFailureReason)
[xUnit.net 00:00:00.41]            at FluentAssertions.Execution.AssertionChain.FailWith(String message, Object[] args)
[xUnit.net 00:00:00.41]            at FluentAssertions.Specialized.ExceptionAssertions`1.Where(Expression`1 exceptionExpression, String because, Object[] becauseArgs)
[xUnit.net 00:00:00.41]         C:\Alex\Soft\Demo\Jinja2.NET\Jinja2.NET.Tests\ParserTests.cs(581,0): at Jinja2.NET.Tests.ParserTests.Parser_Should_Throw_Syntax_Error_On_Invalid_Template(String template, String expectedError)
[xUnit.net 00:00:00.41]            at System.RuntimeMethodHandle.InvokeMethod(Object target, Void** arguments, Signature sig, Boolean isConstructor)
[xUnit.net 00:00:00.41]            at System.Reflection.MethodBaseInvoker.InvokeDirectByRefWithFewArgs(Object obj, Span`1 copyOfArgs, BindingFlags invokeAttr)
[xUnit.net 00:00:00.41]       Expected output to be "B" with a length of 1, but "BC" has a length of 2, differs near "C" (index 1).
[xUnit.net 00:00:00.41]       Stack Trace:
[xUnit.net 00:00:00.41]            at FluentAssertions.Execution.LateBoundTestFramework.Throw(String message)
[xUnit.net 00:00:00.41]            at FluentAssertions.Execution.DefaultAssertionStrategy.HandleFailure(String message)
[xUnit.net 00:00:00.41]            at FluentAssertions.Execution.AssertionScope.AddPreFormattedFailure(String formattedFailureMessage)
[xUnit.net 00:00:00.41]            at FluentAssertions.Execution.AssertionChain.FailWith(Func`1 getFailureReason)
[xUnit.net 00:00:00.41]            at FluentAssertions.Execution.AssertionChain.FailWith(Func`1 getFailureReason)
[xUnit.net 00:00:00.41]            at FluentAssertions.Primitives.StringEqualityStrategy.ValidateAgainstLengthDifferences(AssertionChain assertion, String subject, String expected)
[xUnit.net 00:00:00.41]            at FluentAssertions.Primitives.StringEqualityStrategy.AssertForEquality(AssertionChain assertionChain, String subject, String expected)
[xUnit.net 00:00:00.41]            at FluentAssertions.Primitives.StringValidator.Validate(String subject, String expected)
[xUnit.net 00:00:00.41]            at FluentAssertions.Primitives.StringAssertions`1.Be(String expected, String because, Object[] becauseArgs)
[xUnit.net 00:00:00.41]         C:\Alex\Soft\Demo\Jinja2.NET\Jinja2.NET.Tests\RendererTests.cs(262,0): at Jinja2.NET.Tests.RendererTests.Renderer_Should_Render_If_With_Elif()
[xUnit.net 00:00:00.41]            at System.RuntimeMethodHandle.InvokeMethod(Object target, Void** arguments, Signature sig, Boolean isConstructor)
[xUnit.net 00:00:00.41]            at System.Reflection.MethodBaseInvoker.InvokeWithNoArgs(Object obj, BindingFlags invokeAttr)
[xUnit.net 00:00:00.41]       Output:
[xUnit.net 00:00:00.41]         Tokens:
[xUnit.net 00:00:00.41]         Token: BlockStart [{%]
[xUnit.net 00:00:00.41]         Token: Text [ ]
[xUnit.net 00:00:00.41]         Token: Identifier [if]
[xUnit.net 00:00:00.41]         Token: Text [ ]
[xUnit.net 00:00:00.41]         Token: Identifier [x]
[xUnit.net 00:00:00.41]         Token: Text [ ]
[xUnit.net 00:00:00.41]         Token: BlockEnd [%}]
[xUnit.net 00:00:00.41]         Token: Text [A]
[xUnit.net 00:00:00.41]         Token: BlockStart [{%]
[xUnit.net 00:00:00.41]         Token: Text [ ]
[xUnit.net 00:00:00.41]         Token: Identifier [elif]
[xUnit.net 00:00:00.41]         Token: Text [ ]
[xUnit.net 00:00:00.41]         Token: Identifier [y]
[xUnit.net 00:00:00.41]         Token: Text [ ]
[xUnit.net 00:00:00.41]         Token: BlockEnd [%}]
[xUnit.net 00:00:00.41]         Token: Text [B]
[xUnit.net 00:00:00.41]         Token: BlockStart [{%]
[xUnit.net 00:00:00.41]         Token: Text [ ]
[xUnit.net 00:00:00.41]         Token: Identifier [else]
[xUnit.net 00:00:00.41]         Token: Text [ ]
[xUnit.net 00:00:00.41]         Token: BlockEnd [%}]
[xUnit.net 00:00:00.41]         Token: Text [C]
[xUnit.net 00:00:00.41]         Token: BlockStart [{%]
[xUnit.net 00:00:00.41]         Token: Text [ ]
[xUnit.net 00:00:00.41]         Token: Identifier [endif]
[xUnit.net 00:00:00.41]         Token: Text [ ]
[xUnit.net 00:00:00.41]         Token: BlockEnd [%}]
[xUnit.net 00:00:00.41]         Token: EOF []
[xUnit.net 00:00:00.41]         
[xUnit.net 00:00:00.41]         AST:
[xUnit.net 00:00:00.41]         TemplateNode
[xUnit.net 00:00:00.41]           BlockNode: if
[xUnit.net 00:00:00.41]             TextNode: "A"
[xUnit.net 00:00:00.41]             BlockNode: elif
[xUnit.net 00:00:00.41]               TextNode: "B"
[xUnit.net 00:00:00.41]               BlockNode: else
[xUnit.net 00:00:00.41]                 TextNode: "C"
[xUnit.net 00:00:00.41]         
[xUnit.net 00:00:00.41]         Tokens:
[xUnit.net 00:00:00.41]         Token: BlockStart [{%]
[xUnit.net 00:00:00.41]         Token: Text [ ]
[xUnit.net 00:00:00.41]         Token: Identifier [if]
[xUnit.net 00:00:00.41]         Token: Text [ ]
[xUnit.net 00:00:00.41]         Token: Identifier [x]
[xUnit.net 00:00:00.41]         Token: Text [ ]
[xUnit.net 00:00:00.41]         Token: BlockEnd [%}]
[xUnit.net 00:00:00.41]         Token: Text [A]
[xUnit.net 00:00:00.41]         Token: BlockStart [{%]
[xUnit.net 00:00:00.41]         Token: Text [ ]
[xUnit.net 00:00:00.41]         Token: Identifier [elif]
[xUnit.net 00:00:00.41]         Token: Text [ ]
[xUnit.net 00:00:00.41]         Token: Identifier [y]
[xUnit.net 00:00:00.41]         Token: Text [ ]
[xUnit.net 00:00:00.41]         Token: BlockEnd [%}]
[xUnit.net 00:00:00.41]         Token: Text [B]
[xUnit.net 00:00:00.41]         Token: BlockStart [{%]
[xUnit.net 00:00:00.41]         Token: Text [ ]
[xUnit.net 00:00:00.41]         Token: Identifier [else]
[xUnit.net 00:00:00.41]         Token: Text [ ]
[xUnit.net 00:00:00.41]         Token: BlockEnd [%}]
[xUnit.net 00:00:00.41]         Token: Text [C]
[xUnit.net 00:00:00.41]         Token: BlockStart [{%]
[xUnit.net 00:00:00.41]         Token: Text [ ]
[xUnit.net 00:00:00.41]         Token: Identifier [endif]
[xUnit.net 00:00:00.41]         Token: Text [ ]
[xUnit.net 00:00:00.41]         Token: BlockEnd [%}]
[xUnit.net 00:00:00.41]         Token: EOF []
[xUnit.net 00:00:00.41]         
[xUnit.net 00:00:00.41]         AST:
[xUnit.net 00:00:00.41]         TemplateNode
[xUnit.net 00:00:00.41]           BlockNode: if
[xUnit.net 00:00:00.41]             TextNode: "A"
[xUnit.net 00:00:00.41]             BlockNode: elif
[xUnit.net 00:00:00.41]               TextNode: "B"
[xUnit.net 00:00:00.41]               BlockNode: else
[xUnit.net 00:00:00.41]                 TextNode: "C"
[xUnit.net 00:00:00.41]         
Warning: '{% for x items %}' is deprecated. Use '{% for x in items %}' instead.
  Failed Jinja2.NET.Tests.RendererTests.Renderer_Should_Render_Raw_With_NonText [11 ms]
  Error Message:
   System.InvalidOperationException : Unclosed block: 'raw' (at line 1, column 29, token: EOF, value: '')
  Stack Trace:
     at Jinja2.NET.Parser_old.Parse() in C:\Alex\Soft\Demo\Jinja2.NET\Jinja2.NET\OLdCode\Parser_old.cs:line 112
   at Jinja2.NET.Tests.RendererTests.Renderer_Should_Render_Raw_With_NonText() in C:\Alex\Soft\Demo\Jinja2.NET\Jinja2.NET.Tests\RendererTests.cs:line 356
   at System.RuntimeMethodHandle.InvokeMethod(Object target, Void** arguments, Signature sig, Boolean isConstructor)
   at System.Reflection.MethodBaseInvoker.InvokeWithNoArgs(Object obj, BindingFlags invokeAttr)
  Standard Output Messages:
 Tokens:
 Token: BlockStart [{%]
 Token: Text [ ]
 Token: Identifier [raw]
 Token: Text [ ]
 Token: BlockEnd [%}]
 Token: VariableStart [{{]
 Token: Text [ ]
 Token: Identifier [x]
 Token: Text [ ]
 Token: VariableEnd [}}]
 Token: BlockStart [{%]
 Token: Text [ ]
 Token: Identifier [endraw]
 Token: Text [ ]
 Token: BlockEnd [%}]
 Token: EOF []
 


  Passed Jinja2.NET.Tests.LexerTests.Lexer_Should_Tokenize_Indented_Complex_Blocks_With_Whitespace [15 ms]
  Standard Output Messages:
 Text: '\n'
 BlockStart: '{%'
 Text: ' '
 Identifier: 'set'
 Text: ' '
 Identifier: 'foo'
 Text: ' '
 Equals: '='
 Text: ' '
 Number: '1'
 Text: ' '
 BlockEnd: '%}'
 Text: '\n'
 BlockStart: '{%'
 Text: ' '
 Identifier: 'for'
 Text: ' '
 Identifier: 'i'
 Text: ' '
 Identifier: 'in'
 Text: ' '
 LeftBracket: '['
 Number: '1'
 Comma: ','
 Number: '2'
 RightBracket: ']'
 Text: ' '
 BlockEnd: '%}'
 Text: '\n    '
 BlockStart: '{%'
 Text: ' '
 Identifier: 'if'
 Text: ' '
 Identifier: 'i'
 Text: ' '
 Operator: '=='
 Text: ' '
 Number: '1'
 Text: ' '
 BlockEnd: '%}'
 Text: '\n        One\n    '
 BlockStart: '{%'
 Text: ' '
 Identifier: 'else'
 Text: ' '
 BlockEnd: '%}'
 Text: '\n        Not one\n    '
 BlockStart: '{%'
 Text: ' '
 Identifier: 'endif'
 Text: ' '
 BlockEnd: '%}'
 Text: '\n'
 BlockStart: '{%'
 Text: ' '
 Identifier: 'endfor'
 Text: ' '
 BlockEnd: '%}'
 Text: '\n'
 EOF: ''


  Failed Jinja2.NET.Tests.ParserTests.Parser_Should_Throw_Syntax_Error_On_Invalid_Template(template: "{% for i in [1,2] %}item{% endif %}", expectedError: "Unclosed 'for' block|Expected '{%' for endfor") [23 ms]
  Error Message:
   Expected exception where value(System.String[]).Any(opt => ex.Message.Contains(opt)), but the condition was not met by:

{System.InvalidOperationException: Mismatched end block 'endif' for 'for' (at line 1, column 36, token: EOF, value: '')
   at Jinja2.NET.Parser_old.PopBlock(String endBlockName) in C:\Alex\Soft\Demo\Jinja2.NET\Jinja2.NET\OLdCode\Parser_old.cs:line 192
   at Jinja2.NET.Parsers.EndBlockParser.Parse(Parser_old parser, BlockNode block) in C:\Alex\Soft\Demo\Jinja2.NET\Jinja2.NET\OLdCode\Parsers\EndBlockParser.cs:line 21
   at Jinja2.NET.Parser_old.ParseBlock() in C:\Alex\Soft\Demo\Jinja2.NET\Jinja2.NET\OLdCode\Parser_old.cs:line 310
   at Jinja2.NET.Parser_old.ParseNode() in C:\Alex\Soft\Demo\Jinja2.NET\Jinja2.NET\OLdCode\Parser_old.cs:line 352
   at Jinja2.NET.Parser_old.ParseBlockBody(Parser_old parser, List`1 children, String[] endBlockNames) in C:\Alex\Soft\Demo\Jinja2.NET\Jinja2.NET\OLdCode\Parser_old.cs:line 122
   at Jinja2.NET.Parsers.ForBlockParser.Parse(Parser_old parser, BlockNode block) in C:\Alex\Soft\Demo\Jinja2.NET\Jinja2.NET\OLdCode\Parsers\ForBlockParser.cs:line 32
   at Jinja2.NET.Parser_old.ParseBlock() in C:\Alex\Soft\Demo\Jinja2.NET\Jinja2.NET\OLdCode\Parser_old.cs:line 310
   at Jinja2.NET.Parser_old.ParseNode() in C:\Alex\Soft\Demo\Jinja2.NET\Jinja2.NET\OLdCode\Parser_old.cs:line 352
   at Jinja2.NET.Parser_old.Parse() in C:\Alex\Soft\Demo\Jinja2.NET\Jinja2.NET\OLdCode\Parser_old.cs:line 103
   at Jinja2.NET.Tests.ParserTests.<>c__DisplayClass28_0.<Parser_Should_Throw_Syntax_Error_On_Invalid_Template>b__0() in C:\Alex\Soft\Demo\Jinja2.NET\Jinja2.NET.Tests\ParserTests.cs:line 575
   at FluentAssertions.Specialized.ActionAssertions.InvokeSubject()
   at FluentAssertions.Specialized.DelegateAssertions`2.InvokeSubjectWithInterception()}.
  Stack Trace:
     at FluentAssertions.Execution.LateBoundTestFramework.Throw(String message)
   at FluentAssertions.Execution.DefaultAssertionStrategy.HandleFailure(String message)
   at FluentAssertions.Execution.AssertionScope.AddPreFormattedFailure(String formattedFailureMessage)
   at FluentAssertions.Execution.AssertionChain.FailWith(Func`1 getFailureReason)
   at FluentAssertions.Execution.AssertionChain.FailWith(Func`1 getFailureReason)
   at FluentAssertions.Execution.AssertionChain.FailWith(String message, Object[] args)
   at FluentAssertions.Specialized.ExceptionAssertions`1.Where(Expression`1 exceptionExpression, String because, Object[] becauseArgs)
   at Jinja2.NET.Tests.ParserTests.Parser_Should_Throw_Syntax_Error_On_Invalid_Template(String template, String expectedError) in C:\Alex\Soft\Demo\Jinja2.NET\Jinja2.NET.Tests\ParserTests.cs:line 581
   at System.RuntimeMethodHandle.InvokeMethod(Object target, Void** arguments, Signature sig, Boolean isConstructor)
   at System.Reflection.MethodBaseInvoker.InvokeDirectByRefWithFewArgs(Object obj, Span`1 copyOfArgs, BindingFlags invokeAttr)
  Failed Jinja2.NET.Tests.RendererTests.Renderer_Should_Render_If_With_Elif [11 ms]
  Error Message:
   Expected output to be "B" with a length of 1, but "BC" has a length of 2, differs near "C" (index 1).
  Stack Trace:
     at FluentAssertions.Execution.LateBoundTestFramework.Throw(String message)
   at FluentAssertions.Execution.DefaultAssertionStrategy.HandleFailure(String message)
   at FluentAssertions.Execution.AssertionScope.AddPreFormattedFailure(String formattedFailureMessage)
   at FluentAssertions.Execution.AssertionChain.FailWith(Func`1 getFailureReason)
   at FluentAssertions.Execution.AssertionChain.FailWith(Func`1 getFailureReason)
   at FluentAssertions.Primitives.StringEqualityStrategy.ValidateAgainstLengthDifferences(AssertionChain assertion, String subject, String expected)
   at FluentAssertions.Primitives.StringEqualityStrategy.AssertForEquality(AssertionChain assertionChain, String subject, String expected)
   at FluentAssertions.Primitives.StringValidator.Validate(String subject, String expected)
   at FluentAssertions.Primitives.StringAssertions`1.Be(String expected, String because, Object[] becauseArgs)
   at Jinja2.NET.Tests.RendererTests.Renderer_Should_Render_If_With_Elif() in C:\Alex\Soft\Demo\Jinja2.NET\Jinja2.NET.Tests\RendererTests.cs:line 262
   at System.RuntimeMethodHandle.InvokeMethod(Object target, Void** arguments, Signature sig, Boolean isConstructor)
   at System.Reflection.MethodBaseInvoker.InvokeWithNoArgs(Object obj, BindingFlags invokeAttr)
  Standard Output Messages:
 Tokens:
 Token: BlockStart [{%]
 Token: Text [ ]
 Token: Identifier [if]
 Token: Text [ ]
 Token: Identifier [x]
 Token: Text [ ]
 Token: BlockEnd [%}]
 Token: Text [A]
 Token: BlockStart [{%]
 Token: Text [ ]
 Token: Identifier [elif]
 Token: Text [ ]
 Token: Identifier [y]
 Token: Text [ ]
 Token: BlockEnd [%}]
 Token: Text [B]
 Token: BlockStart [{%]
 Token: Text [ ]
 Token: Identifier [else]
 Token: Text [ ]
 Token: BlockEnd [%}]
 Token: Text [C]
 Token: BlockStart [{%]
 Token: Text [ ]
 Token: Identifier [endif]
 Token: Text [ ]
 Token: BlockEnd [%}]
 Token: EOF []
 
 AST:
 TemplateNode
   BlockNode: if
     TextNode: "A"
     BlockNode: elif
       TextNode: "B"
       BlockNode: else
         TextNode: "C"
 
 Tokens:
 Token: BlockStart [{%]
 Token: Text [ ]
 Token: Identifier [if]
 Token: Text [ ]
 Token: Identifier [x]
 Token: Text [ ]
 Token: BlockEnd [%}]
 Token: Text [A]
 Token: BlockStart [{%]
 Token: Text [ ]
 Token: Identifier [elif]
 Token: Text [ ]
 Token: Identifier [y]
 Token: Text [ ]
 Token: BlockEnd [%}]
 Token: Text [B]
 Token: BlockStart [{%]
 Token: Text [ ]
 Token: Identifier [else]
 Token: Text [ ]
 Token: BlockEnd [%}]
 Token: Text [C]
 Token: BlockStart [{%]
 Token: Text [ ]
 Token: Identifier [endif]
 Token: Text [ ]
 Token: BlockEnd [%}]
 Token: EOF []
 
 AST:
 TemplateNode
   BlockNode: if
     TextNode: "A"
     BlockNode: elif
       TextNode: "B"
       BlockNode: else
         TextNode: "C"
 


  Passed Jinja2.NET.Tests.RendererTests.Renderer_Should_Render_FilterNode [< 1 ms]
  Passed Jinja2.NET.Tests.RendererTests.Renderer_Should_Render_IdentifierNode [< 1 ms]
  Passed Jinja2.NET.Tests.ParserTests.Parser_Should_Throw_Syntax_Error_On_Invalid_Template(template: "{{ }}", expectedError: "Unexpected token") [1 ms]
[xUnit.net 00:00:00.42]       Expected exception where value(System.String[]).Any(opt => ex.Message.Contains(opt)), but the condition was not met by:
[xUnit.net 00:00:00.42]       
[xUnit.net 00:00:00.42]       {System.InvalidOperationException: Unclosed block: 'for' (at line 1, column 25, token: EOF, value: '')
[xUnit.net 00:00:00.42]          at Jinja2.NET.Parser_old.Parse() in C:\Alex\Soft\Demo\Jinja2.NET\Jinja2.NET\OLdCode\Parser_old.cs:line 112
[xUnit.net 00:00:00.42]          at Jinja2.NET.Tests.ParserTests.<>c__DisplayClass28_0.<Parser_Should_Throw_Syntax_Error_On_Invalid_Template>b__0() in C:\Alex\Soft\Demo\Jinja2.NET\Jinja2.NET.Tests\ParserTests.cs:line 575
[xUnit.net 00:00:00.42]          at FluentAssertions.Specialized.ActionAssertions.InvokeSubject()
[xUnit.net 00:00:00.42]          at FluentAssertions.Specialized.DelegateAssertions`2.InvokeSubjectWithInterception()}.
[xUnit.net 00:00:00.42]       Stack Trace:
[xUnit.net 00:00:00.42]            at FluentAssertions.Execution.LateBoundTestFramework.Throw(String message)
[xUnit.net 00:00:00.42]            at FluentAssertions.Execution.DefaultAssertionStrategy.HandleFailure(String message)
[xUnit.net 00:00:00.42]            at FluentAssertions.Execution.AssertionScope.AddPreFormattedFailure(String formattedFailureMessage)
[xUnit.net 00:00:00.42]            at FluentAssertions.Execution.AssertionChain.FailWith(Func`1 getFailureReason)
[xUnit.net 00:00:00.42]            at FluentAssertions.Execution.AssertionChain.FailWith(Func`1 getFailureReason)
[xUnit.net 00:00:00.42]            at FluentAssertions.Execution.AssertionChain.FailWith(String message, Object[] args)
[xUnit.net 00:00:00.42]            at FluentAssertions.Specialized.ExceptionAssertions`1.Where(Expression`1 exceptionExpression, String because, Object[] becauseArgs)
[xUnit.net 00:00:00.42]         C:\Alex\Soft\Demo\Jinja2.NET\Jinja2.NET.Tests\ParserTests.cs(581,0): at Jinja2.NET.Tests.ParserTests.Parser_Should_Throw_Syntax_Error_On_Invalid_Template(String template, String expectedError)
[xUnit.net 00:00:00.42]            at InvokeStub_ParserTests.Parser_Should_Throw_Syntax_Error_On_Invalid_Template(Object, Span`1)
[xUnit.net 00:00:00.42]            at System.Reflection.MethodBaseInvoker.InvokeWithFewArgs(Object obj, BindingFlags invokeAttr, Binder binder, Object[] parameters, CultureInfo culture)
  Passed Jinja2.NET.Tests.RendererTests.Renderer_Should_Render_AttributeNode [< 1 ms]
  Passed Jinja2.NET.Tests.RendererTests.Renderer_Should_Render_BinaryExpressionNode_Inequality [< 1 ms]
  Passed Jinja2.NET.Tests.RendererTests.Renderer_Should_Render_For_Loop_With_Three_Arguments [6 ms]
  Passed Jinja2.NET.Tests.RendererTests.Renderer_Should_Render_TextNode [< 1 ms]
  Passed Jinja2.NET.Tests.RendererTests.Renderer_Should_Render_ListLiteralNode [1 ms]
  Passed Jinja2.NET.Tests.LexerTests.Lexer_Should_Tokenize_Complex_Set_Statement [10 ms]
  Passed Jinja2.NET.Tests.RendererTests.Renderer_Should_Render_IndexNode [< 1 ms]
  Failed Jinja2.NET.Tests.ParserTests.Parser_Should_Throw_Syntax_Error_On_Invalid_Template(template: "{% for i in [1,2] %}item", expectedError: "Unclosed if block|Unclosed 'for' block|Expected '{") [12 ms]
  Error Message:
   Expected exception where value(System.String[]).Any(opt => ex.Message.Contains(opt)), but the condition was not met by:

{System.InvalidOperationException: Unclosed block: 'for' (at line 1, column 25, token: EOF, value: '')
   at Jinja2.NET.Parser_old.Parse() in C:\Alex\Soft\Demo\Jinja2.NET\Jinja2.NET\OLdCode\Parser_old.cs:line 112
   at Jinja2.NET.Tests.ParserTests.<>c__DisplayClass28_0.<Parser_Should_Throw_Syntax_Error_On_Invalid_Template>b__0() in C:\Alex\Soft\Demo\Jinja2.NET\Jinja2.NET.Tests\ParserTests.cs:line 575
   at FluentAssertions.Specialized.ActionAssertions.InvokeSubject()
   at FluentAssertions.Specialized.DelegateAssertions`2.InvokeSubjectWithInterception()}.
  Stack Trace:
     at FluentAssertions.Execution.LateBoundTestFramework.Throw(String message)
   at FluentAssertions.Execution.DefaultAssertionStrategy.HandleFailure(String message)
   at FluentAssertions.Execution.AssertionScope.AddPreFormattedFailure(String formattedFailureMessage)
   at FluentAssertions.Execution.AssertionChain.FailWith(Func`1 getFailureReason)
   at FluentAssertions.Execution.AssertionChain.FailWith(Func`1 getFailureReason)
   at FluentAssertions.Execution.AssertionChain.FailWith(String message, Object[] args)
   at FluentAssertions.Specialized.ExceptionAssertions`1.Where(Expression`1 exceptionExpression, String because, Object[] becauseArgs)
   at Jinja2.NET.Tests.ParserTests.Parser_Should_Throw_Syntax_Error_On_Invalid_Template(String template, String expectedError) in C:\Alex\Soft\Demo\Jinja2.NET\Jinja2.NET.Tests\ParserTests.cs:line 581
   at InvokeStub_ParserTests.Parser_Should_Throw_Syntax_Error_On_Invalid_Template(Object, Span`1)
   at System.Reflection.MethodBaseInvoker.InvokeWithFewArgs(Object obj, BindingFlags invokeAttr, Binder binder, Object[] parameters, CultureInfo culture)
Warning: '{% for x items %}' is deprecated. Use '{% for x in items %}' instead.
Warning: '{% for x items %}' is deprecated. Use '{% for x in items %}' instead.
[xUnit.net 00:00:00.43]       Expected exception where value(System.String[]).Any(opt => ex.Message.Contains(opt)), but the condition was not met by:
[xUnit.net 00:00:00.43]       
[xUnit.net 00:00:00.43]       {System.InvalidOperationException: Mismatched end block 'endfor' for 'if' (at line 1, column 29, token: EOF, value: '')
[xUnit.net 00:00:00.43]          at Jinja2.NET.Parser_old.PopBlock(String endBlockName) in C:\Alex\Soft\Demo\Jinja2.NET\Jinja2.NET\OLdCode\Parser_old.cs:line 192
[xUnit.net 00:00:00.43]          at Jinja2.NET.Parsers.EndBlockParser.Parse(Parser_old parser, BlockNode block) in C:\Alex\Soft\Demo\Jinja2.NET\Jinja2.NET\OLdCode\Parsers\EndBlockParser.cs:line 21
[xUnit.net 00:00:00.43]          at Jinja2.NET.Parser_old.ParseBlock() in C:\Alex\Soft\Demo\Jinja2.NET\Jinja2.NET\OLdCode\Parser_old.cs:line 310
[xUnit.net 00:00:00.43]          at Jinja2.NET.Parser_old.ParseNode() in C:\Alex\Soft\Demo\Jinja2.NET\Jinja2.NET\OLdCode\Parser_old.cs:line 352
[xUnit.net 00:00:00.43]          at Jinja2.NET.Parser_old.ParseBlockBody(Parser_old parser, List`1 children, String[] endBlockNames) in C:\Alex\Soft\Demo\Jinja2.NET\Jinja2.NET\OLdCode\Parser_old.cs:line 122
[xUnit.net 00:00:00.43]          at Jinja2.NET.Parsers.IfBlockParser.Parse(Parser_old parser, BlockNode block) in C:\Alex\Soft\Demo\Jinja2.NET\Jinja2.NET\OLdCode\Parsers\IfBlockParser.cs:line 21
[xUnit.net 00:00:00.43]          at Jinja2.NET.Parser_old.ParseBlock() in C:\Alex\Soft\Demo\Jinja2.NET\Jinja2.NET\OLdCode\Parser_old.cs:line 310
[xUnit.net 00:00:00.43]          at Jinja2.NET.Parser_old.ParseNode() in C:\Alex\Soft\Demo\Jinja2.NET\Jinja2.NET\OLdCode\Parser_old.cs:line 352
[xUnit.net 00:00:00.43]          at Jinja2.NET.Parser_old.Parse() in C:\Alex\Soft\Demo\Jinja2.NET\Jinja2.NET\OLdCode\Parser_old.cs:line 103
[xUnit.net 00:00:00.43]          at Jinja2.NET.Tests.ParserTests.<>c__DisplayClass28_0.<Parser_Should_Throw_Syntax_Error_On_Invalid_Template>b__0() in C:\Alex\Soft\Demo\Jinja2.NET\Jinja2.NET.Tests\ParserTests.cs:line 575
[xUnit.net 00:00:00.43]          at FluentAssertions.Specialized.ActionAssertions.InvokeSubject()
[xUnit.net 00:00:00.43]          at FluentAssertions.Specialized.DelegateAssertions`2.InvokeSubjectWithInterception()}.
[xUnit.net 00:00:00.43]       Stack Trace:
[xUnit.net 00:00:00.43]            at FluentAssertions.Execution.LateBoundTestFramework.Throw(String message)
[xUnit.net 00:00:00.43]            at FluentAssertions.Execution.DefaultAssertionStrategy.HandleFailure(String message)
[xUnit.net 00:00:00.43]            at FluentAssertions.Execution.AssertionScope.AddPreFormattedFailure(String formattedFailureMessage)
[xUnit.net 00:00:00.43]            at FluentAssertions.Execution.AssertionChain.FailWith(Func`1 getFailureReason)
[xUnit.net 00:00:00.43]            at FluentAssertions.Execution.AssertionChain.FailWith(Func`1 getFailureReason)
[xUnit.net 00:00:00.43]            at FluentAssertions.Execution.AssertionChain.FailWith(String message, Object[] args)
[xUnit.net 00:00:00.43]            at FluentAssertions.Specialized.ExceptionAssertions`1.Where(Expression`1 exceptionExpression, String because, Object[] becauseArgs)
[xUnit.net 00:00:00.43]         C:\Alex\Soft\Demo\Jinja2.NET\Jinja2.NET.Tests\ParserTests.cs(581,0): at Jinja2.NET.Tests.ParserTests.Parser_Should_Throw_Syntax_Error_On_Invalid_Template(String template, String expectedError)
[xUnit.net 00:00:00.43]            at InvokeStub_ParserTests.Parser_Should_Throw_Syntax_Error_On_Invalid_Template(Object, Span`1)
[xUnit.net 00:00:00.43]            at System.Reflection.MethodBaseInvoker.InvokeWithFewArgs(Object obj, BindingFlags invokeAttr, Binder binder, Object[] parameters, CultureInfo culture)
[xUnit.net 00:00:00.44]       System.InvalidOperationException : Unclosed block: 'raw' (at line 1, column 46, token: EOF, value: '')
[xUnit.net 00:00:00.44]       Stack Trace:
[xUnit.net 00:00:00.44]         C:\Alex\Soft\Demo\Jinja2.NET\Jinja2.NET\OLdCode\Parser_old.cs(112,0): at Jinja2.NET.Parser_old.Parse()
[xUnit.net 00:00:00.44]         C:\Alex\Soft\Demo\Jinja2.NET\Jinja2.NET.Tests\RendererTests.cs(376,0): at Jinja2.NET.Tests.RendererTests.Renderer_Should_Render_Raw_With_Text()
[xUnit.net 00:00:00.44]            at System.RuntimeMethodHandle.InvokeMethod(Object target, Void** arguments, Signature sig, Boolean isConstructor)
[xUnit.net 00:00:00.44]            at System.Reflection.MethodBaseInvoker.InvokeWithNoArgs(Object obj, BindingFlags invokeAttr)
[xUnit.net 00:00:00.44]       Expected exception where value(System.String[]).Any(opt => ex.Message.Contains(opt)), but the condition was not met by:
[xUnit.net 00:00:00.44]       
[xUnit.net 00:00:00.44]       {System.InvalidOperationException: Unclosed block: 'if' (at line 1, column 14, token: EOF, value: '')
[xUnit.net 00:00:00.44]          at Jinja2.NET.Parser_old.Parse() in C:\Alex\Soft\Demo\Jinja2.NET\Jinja2.NET\OLdCode\Parser_old.cs:line 112
[xUnit.net 00:00:00.44]          at Jinja2.NET.Tests.ParserTests.<>c__DisplayClass28_0.<Parser_Should_Throw_Syntax_Error_On_Invalid_Template>b__0() in C:\Alex\Soft\Demo\Jinja2.NET\Jinja2.NET.Tests\ParserTests.cs:line 575
[xUnit.net 00:00:00.44]          at FluentAssertions.Specialized.ActionAssertions.InvokeSubject()
[xUnit.net 00:00:00.44]          at FluentAssertions.Specialized.DelegateAssertions`2.InvokeSubjectWithInterception()}.
[xUnit.net 00:00:00.44]       Stack Trace:
[xUnit.net 00:00:00.44]            at FluentAssertions.Execution.LateBoundTestFramework.Throw(String message)
[xUnit.net 00:00:00.44]            at FluentAssertions.Execution.DefaultAssertionStrategy.HandleFailure(String message)
[xUnit.net 00:00:00.44]            at FluentAssertions.Execution.AssertionScope.AddPreFormattedFailure(String formattedFailureMessage)
[xUnit.net 00:00:00.44]            at FluentAssertions.Execution.AssertionChain.FailWith(Func`1 getFailureReason)
[xUnit.net 00:00:00.44]            at FluentAssertions.Execution.AssertionChain.FailWith(Func`1 getFailureReason)
[xUnit.net 00:00:00.44]            at FluentAssertions.Execution.AssertionChain.FailWith(String message, Object[] args)
[xUnit.net 00:00:00.44]            at FluentAssertions.Specialized.ExceptionAssertions`1.Where(Expression`1 exceptionExpression, String because, Object[] becauseArgs)
[xUnit.net 00:00:00.44]         C:\Alex\Soft\Demo\Jinja2.NET\Jinja2.NET.Tests\ParserTests.cs(581,0): at Jinja2.NET.Tests.ParserTests.Parser_Should_Throw_Syntax_Error_On_Invalid_Template(String template, String expectedError)
[xUnit.net 00:00:00.44]            at InvokeStub_ParserTests.Parser_Should_Throw_Syntax_Error_On_Invalid_Template(Object, Span`1)
[xUnit.net 00:00:00.44]            at System.Reflection.MethodBaseInvoker.InvokeWithFewArgs(Object obj, BindingFlags invokeAttr, Binder binder, Object[] parameters, CultureInfo culture)
  Passed Jinja2.NET.Tests.ParserTests.Parser_Should_Throw_Syntax_Error_On_Invalid_Template(template: "{% set foo = 1 ", expectedError: "Unclosed set block|Unclosed tag") [1 ms]
  Passed Jinja2.NET.Tests.RendererTests.Renderer_Should_Render_Nested_For_And_If [8 ms]
  Passed Jinja2.NET.Tests.LexerTests.Lexer_Should_Tokenize_Variable_And_Text_With_Newline [10 ms]
  Failed Jinja2.NET.Tests.ParserTests.Parser_Should_Throw_Syntax_Error_On_Invalid_Template(template: "{% if true %}yes{% endfor %}", expectedError: "Unexpected token|Unclosed 'if' block|Unclosed for ") [9 ms]
  Error Message:
   Expected exception where value(System.String[]).Any(opt => ex.Message.Contains(opt)), but the condition was not met by:

{System.InvalidOperationException: Mismatched end block 'endfor' for 'if' (at line 1, column 29, token: EOF, value: '')
   at Jinja2.NET.Parser_old.PopBlock(String endBlockName) in C:\Alex\Soft\Demo\Jinja2.NET\Jinja2.NET\OLdCode\Parser_old.cs:line 192
   at Jinja2.NET.Parsers.EndBlockParser.Parse(Parser_old parser, BlockNode block) in C:\Alex\Soft\Demo\Jinja2.NET\Jinja2.NET\OLdCode\Parsers\EndBlockParser.cs:line 21
   at Jinja2.NET.Parser_old.ParseBlock() in C:\Alex\Soft\Demo\Jinja2.NET\Jinja2.NET\OLdCode\Parser_old.cs:line 310
   at Jinja2.NET.Parser_old.ParseNode() in C:\Alex\Soft\Demo\Jinja2.NET\Jinja2.NET\OLdCode\Parser_old.cs:line 352
   at Jinja2.NET.Parser_old.ParseBlockBody(Parser_old parser, List`1 children, String[] endBlockNames) in C:\Alex\Soft\Demo\Jinja2.NET\Jinja2.NET\OLdCode\Parser_old.cs:line 122
   at Jinja2.NET.Parsers.IfBlockParser.Parse(Parser_old parser, BlockNode block) in C:\Alex\Soft\Demo\Jinja2.NET\Jinja2.NET\OLdCode\Parsers\IfBlockParser.cs:line 21
   at Jinja2.NET.Parser_old.ParseBlock() in C:\Alex\Soft\Demo\Jinja2.NET\Jinja2.NET\OLdCode\Parser_old.cs:line 310
   at Jinja2.NET.Parser_old.ParseNode() in C:\Alex\Soft\Demo\Jinja2.NET\Jinja2.NET\OLdCode\Parser_old.cs:line 352
   at Jinja2.NET.Parser_old.Parse() in C:\Alex\Soft\Demo\Jinja2.NET\Jinja2.NET\OLdCode\Parser_old.cs:line 103
   at Jinja2.NET.Tests.ParserTests.<>c__DisplayClass28_0.<Parser_Should_Throw_Syntax_Error_On_Invalid_Template>b__0() in C:\Alex\Soft\Demo\Jinja2.NET\Jinja2.NET.Tests\ParserTests.cs:line 575
   at FluentAssertions.Specialized.ActionAssertions.InvokeSubject()
   at FluentAssertions.Specialized.DelegateAssertions`2.InvokeSubjectWithInterception()}.
  Stack Trace:
     at FluentAssertions.Execution.LateBoundTestFramework.Throw(String message)
   at FluentAssertions.Execution.DefaultAssertionStrategy.HandleFailure(String message)
   at FluentAssertions.Execution.AssertionScope.AddPreFormattedFailure(String formattedFailureMessage)
   at FluentAssertions.Execution.AssertionChain.FailWith(Func`1 getFailureReason)
   at FluentAssertions.Execution.AssertionChain.FailWith(Func`1 getFailureReason)
   at FluentAssertions.Execution.AssertionChain.FailWith(String message, Object[] args)
   at FluentAssertions.Specialized.ExceptionAssertions`1.Where(Expression`1 exceptionExpression, String because, Object[] becauseArgs)
   at Jinja2.NET.Tests.ParserTests.Parser_Should_Throw_Syntax_Error_On_Invalid_Template(String template, String expectedError) in C:\Alex\Soft\Demo\Jinja2.NET\Jinja2.NET.Tests\ParserTests.cs:line 581
   at InvokeStub_ParserTests.Parser_Should_Throw_Syntax_Error_On_Invalid_Template(Object, Span`1)
   at System.Reflection.MethodBaseInvoker.InvokeWithFewArgs(Object obj, BindingFlags invokeAttr, Binder binder, Object[] parameters, CultureInfo culture)
  Passed Jinja2.NET.Tests.RendererTests.Renderer_Should_Render_For_Three_Arguments [7 ms]
  Failed Jinja2.NET.Tests.RendererTests.Renderer_Should_Render_Raw_With_Text [6 ms]
  Error Message:
   System.InvalidOperationException : Unclosed block: 'raw' (at line 1, column 46, token: EOF, value: '')
  Stack Trace:
     at Jinja2.NET.Parser_old.Parse() in C:\Alex\Soft\Demo\Jinja2.NET\Jinja2.NET\OLdCode\Parser_old.cs:line 112
   at Jinja2.NET.Tests.RendererTests.Renderer_Should_Render_Raw_With_Text() in C:\Alex\Soft\Demo\Jinja2.NET\Jinja2.NET.Tests\RendererTests.cs:line 376
   at System.RuntimeMethodHandle.InvokeMethod(Object target, Void** arguments, Signature sig, Boolean isConstructor)
   at System.Reflection.MethodBaseInvoker.InvokeWithNoArgs(Object obj, BindingFlags invokeAttr)
  Failed Jinja2.NET.Tests.ParserTests.Parser_Should_Throw_Syntax_Error_On_Invalid_Template(template: "{% if true %}", expectedError: "Unclosed if block|Unclosed 'if' block") [7 ms]
  Error Message:
   Expected exception where value(System.String[]).Any(opt => ex.Message.Contains(opt)), but the condition was not met by:

{System.InvalidOperationException: Unclosed block: 'if' (at line 1, column 14, token: EOF, value: '')
   at Jinja2.NET.Parser_old.Parse() in C:\Alex\Soft\Demo\Jinja2.NET\Jinja2.NET\OLdCode\Parser_old.cs:line 112
   at Jinja2.NET.Tests.ParserTests.<>c__DisplayClass28_0.<Parser_Should_Throw_Syntax_Error_On_Invalid_Template>b__0() in C:\Alex\Soft\Demo\Jinja2.NET\Jinja2.NET.Tests\ParserTests.cs:line 575
   at FluentAssertions.Specialized.ActionAssertions.InvokeSubject()
   at FluentAssertions.Specialized.DelegateAssertions`2.InvokeSubjectWithInterception()}.
  Stack Trace:
     at FluentAssertions.Execution.LateBoundTestFramework.Throw(String message)
   at FluentAssertions.Execution.DefaultAssertionStrategy.HandleFailure(String message)
   at FluentAssertions.Execution.AssertionScope.AddPreFormattedFailure(String formattedFailureMessage)
   at FluentAssertions.Execution.AssertionChain.FailWith(Func`1 getFailureReason)
   at FluentAssertions.Execution.AssertionChain.FailWith(Func`1 getFailureReason)
   at FluentAssertions.Execution.AssertionChain.FailWith(String message, Object[] args)
   at FluentAssertions.Specialized.ExceptionAssertions`1.Where(Expression`1 exceptionExpression, String because, Object[] becauseArgs)
   at Jinja2.NET.Tests.ParserTests.Parser_Should_Throw_Syntax_Error_On_Invalid_Template(String template, String expectedError) in C:\Alex\Soft\Demo\Jinja2.NET\Jinja2.NET.Tests\ParserTests.cs:line 581
   at InvokeStub_ParserTests.Parser_Should_Throw_Syntax_Error_On_Invalid_Template(Object, Span`1)
   at System.Reflection.MethodBaseInvoker.InvokeWithFewArgs(Object obj, BindingFlags invokeAttr, Binder binder, Object[] parameters, CultureInfo culture)
  Passed Jinja2.NET.Tests.ParserTests.Parser_Should_Throw_Syntax_Error_On_Invalid_Template(template: "{% %}", expectedError: "Unexpected token|Expected block name") [1 ms]
  Passed Jinja2.NET.Tests.ParserTests.Parser_Should_Throw_Syntax_Error_On_Invalid_Template(template: "{% set foo = %}", expectedError: "Expected expression|Unexpected token: BlockEnd") [7 ms]
[xUnit.net 00:00:00.46]       System.InvalidOperationException : Expected '%}' or '-%}' after if condition (at line 3, column 9, token: Operator, value: '==')
[xUnit.net 00:00:00.46]       Stack Trace:
[xUnit.net 00:00:00.46]         C:\Alex\Soft\Demo\Jinja2.NET\Jinja2.NET\OLdCode\Parser_old.cs(60,0): at Jinja2.NET.Parser_old.Consume(ETokenType type, String message)
[xUnit.net 00:00:00.46]         C:\Alex\Soft\Demo\Jinja2.NET\Jinja2.NET\OLdCode\Parsers\IfBlockParser.cs(18,0): at Jinja2.NET.Parsers.IfBlockParser.Parse(Parser_old parser, BlockNode block)
[xUnit.net 00:00:00.46]         C:\Alex\Soft\Demo\Jinja2.NET\Jinja2.NET\OLdCode\Parser_old.cs(310,0): at Jinja2.NET.Parser_old.ParseBlock()
[xUnit.net 00:00:00.46]         C:\Alex\Soft\Demo\Jinja2.NET\Jinja2.NET\OLdCode\Parser_old.cs(352,0): at Jinja2.NET.Parser_old.ParseNode()
[xUnit.net 00:00:00.46]         C:\Alex\Soft\Demo\Jinja2.NET\Jinja2.NET\OLdCode\Parser_old.cs(122,0): at Jinja2.NET.Parser_old.ParseBlockBody(Parser_old parser, List`1 children, String[] endBlockNames)
[xUnit.net 00:00:00.46]         C:\Alex\Soft\Demo\Jinja2.NET\Jinja2.NET\OLdCode\Parsers\ForBlockParser.cs(32,0): at Jinja2.NET.Parsers.ForBlockParser.Parse(Parser_old parser, BlockNode block)
[xUnit.net 00:00:00.46]         C:\Alex\Soft\Demo\Jinja2.NET\Jinja2.NET\OLdCode\Parser_old.cs(310,0): at Jinja2.NET.Parser_old.ParseBlock()
[xUnit.net 00:00:00.46]         C:\Alex\Soft\Demo\Jinja2.NET\Jinja2.NET\OLdCode\Parser_old.cs(352,0): at Jinja2.NET.Parser_old.ParseNode()
[xUnit.net 00:00:00.46]         C:\Alex\Soft\Demo\Jinja2.NET\Jinja2.NET\OLdCode\Parser_old.cs(103,0): at Jinja2.NET.Parser_old.Parse()
[xUnit.net 00:00:00.46]         C:\Alex\Soft\Demo\Jinja2.NET\Jinja2.NET.Tests\ParserTests.cs(214,0): at Jinja2.NET.Tests.ParserTests.Parser_Should_Parse_For_Block_With_Nested_If_Else_And_Extra_Whitespace()
[xUnit.net 00:00:00.46]            at System.RuntimeMethodHandle.InvokeMethod(Object target, Void** arguments, Signature sig, Boolean isConstructor)
[xUnit.net 00:00:00.46]            at System.Reflection.MethodBaseInvoker.InvokeWithNoArgs(Object obj, BindingFlags invokeAttr)
[xUnit.net 00:00:00.48]       Expected blocks to contain 2 item(s), but found 1: {
[xUnit.net 00:00:00.48]           Jinja2.NET.Nodes.BlockNode
[xUnit.net 00:00:00.48]           {
[xUnit.net 00:00:00.48]               Arguments = Jinja2.NET.Nodes.IdentifierNode
[xUnit.net 00:00:00.48]               {
[xUnit.net 00:00:00.48]                   {
[xUnit.net 00:00:00.48]                       Name = "foo"
[xUnit.net 00:00:00.48]                   },
[xUnit.net 00:00:00.48]                   Jinja2.NET.Nodes.LiteralNode
[xUnit.net 00:00:00.48]                   {
[xUnit.net 00:00:00.48]                       Value = 1
[xUnit.net 00:00:00.48]                   }
[xUnit.net 00:00:00.48]               }
[xUnit.net 00:00:00.48]           ,
[xUnit.net 00:00:00.48]               Children = Jinja2.NET.Nodes.BlockNode
[xUnit.net 00:00:00.49]               {
[xUnit.net 00:00:00.49]                   {
[xUnit.net 00:00:00.49]                       Arguments = Jinja2.NET.Nodes.IdentifierNode
[xUnit.net 00:00:00.49]                       {
[xUnit.net 00:00:00.49]                           {
[xUnit.net 00:00:00.49]                               Name =
[xUnit.net 00:00:00.49]                           Maximum recursion depth of 5 was reached.  Increase MaxDepth on AssertionScope or AssertionConfiguration to get more details.
[xUnit.net 00:00:00.49]                           }
[xUnit.net 00:00:00.49]                       }
[xUnit.net 00:00:00.49]                   ,
[xUnit.net 00:00:00.49]                       Children = Jinja2.NET.Nodes.TextNode
[xUnit.net 00:00:00.49]                       {
[xUnit.net 00:00:00.49]                           {
[xUnit.net 00:00:00.49]                               Content =
[xUnit.net 00:00:00.49]                           Maximum recursion depth of 5 was reached.  Increase MaxDepth on AssertionScope or AssertionConfiguration to get more details.
[xUnit.net 00:00:00.49]                           ,
[xUnit.net 00:00:00.49]                               TrimLeadingWhitespace =
[xUnit.net 00:00:00.49]                           Maximum recursion depth of 5 was reached.  Increase MaxDepth on AssertionScope or AssertionConfiguration to get more details.
[xUnit.net 00:00:00.49]                           ,
[xUnit.net 00:00:00.49]                               TrimTrailingWhitespace =
[xUnit.net 00:00:00.49]                           Maximum recursion depth of 5 was reached.  Increase MaxDepth on AssertionScope or AssertionConfiguration to get more details.
[xUnit.net 00:00:00.49]                           },
[xUnit.net 00:00:00.49]                           Jinja2.NET.Nodes.BlockNode
[xUnit.net 00:00:00.49]                           {
[xUnit.net 00:00:00.49]                               Arguments =
[xUnit.net 00:00:00.49]                           Maximum recursion depth of 5 was reached.  Increase MaxDepth on AssertionScope or AssertionConfiguration to get more details.
[xUnit.net 00:00:00.49]                           ,
[xUnit.net 00:00:00.49]                               Children =
[xUnit.net 00:00:00.49]                           Maximum recursion depth of 5 was reached.  Increase MaxDepth on AssertionScope or AssertionConfiguration to get more details.
[xUnit.net 00:00:00.49]                           ,
[xUnit.net 00:00:00.49]                               EndMarkerType =
[xUnit.net 00:00:00.49]                           Maximum recursion depth of 5 was reached.  Increase MaxDepth on AssertionScope or AssertionConfiguration to get more details.
[xUnit.net 00:00:00.49]                           ,
[xUnit.net 00:00:00.49]                               Name =
[xUnit.net 00:00:00.49]                           Maximum recursion depth of 5 was reached.  Increase MaxDepth on AssertionScope or AssertionConfiguration to get more details.
[xUnit.net 00:00:00.49]                           ,
[xUnit.net 00:00:00.49]                               StartMarkerType =
[xUnit.net 00:00:00.49]                           Maximum recursion depth of 5 was reached.  Increase MaxDepth on AssertionScope or AssertionConfiguration to get more details.
[xUnit.net 00:00:00.49]                           }
[xUnit.net 00:00:00.49]                       }
[xUnit.net 00:00:00.49]                   ,
[xUnit.net 00:00:00.49]                       EndMarkerType = ETokenType.Text {value: 0},
[xUnit.net 00:00:00.49]                       Name = "if",
[xUnit.net 00:00:00.49]                       StartMarkerType = ETokenType.Text {value: 0}
[xUnit.net 00:00:00.49]                   }
[xUnit.net 00:00:00.49]               }
[xUnit.net 00:00:00.49]           ,
[xUnit.net 00:00:00.49]               EndMarkerType = ETokenType.Text {value: 0},
[xUnit.net 00:00:00.49]               Name = "set",
[xUnit.net 00:00:00.49]               StartMarkerType = ETokenType.Text {value: 0}
[xUnit.net 00:00:00.49]           }
[xUnit.net 00:00:00.49]       }.
[xUnit.net 00:00:00.49]       Stack Trace:
[xUnit.net 00:00:00.49]            at FluentAssertions.Execution.LateBoundTestFramework.Throw(String message)
[xUnit.net 00:00:00.49]            at FluentAssertions.Execution.DefaultAssertionStrategy.HandleFailure(String message)
[xUnit.net 00:00:00.49]            at FluentAssertions.Execution.AssertionScope.AddPreFormattedFailure(String formattedFailureMessage)
[xUnit.net 00:00:00.49]            at FluentAssertions.Execution.AssertionChain.FailWith(Func`1 getFailureReason)
[xUnit.net 00:00:00.49]            at FluentAssertions.Execution.AssertionChain.FailWith(Func`1 getFailureReason)
[xUnit.net 00:00:00.49]            at FluentAssertions.Execution.AssertionChain.FailWith(String message, Object[] args)
[xUnit.net 00:00:00.49]            at FluentAssertions.Collections.GenericCollectionAssertions`3.HaveCount(Int32 expected, String because, Object[] becauseArgs)
[xUnit.net 00:00:00.49]         C:\Alex\Soft\Demo\Jinja2.NET\Jinja2.NET.Tests\ParserTests.cs(103,0): at Jinja2.NET.Tests.ParserTests.Parser_Should_Handle_Whitespace_Between_Blocks()
[xUnit.net 00:00:00.49]            at System.RuntimeMethodHandle.InvokeMethod(Object target, Void** arguments, Signature sig, Boolean isConstructor)
[xUnit.net 00:00:00.49]            at System.Reflection.MethodBaseInvoker.InvokeWithNoArgs(Object obj, BindingFlags invokeAttr)
[xUnit.net 00:00:00.50]       System.InvalidOperationException : Expected '=' (at line 1, column 9, token: Comma, value: ',')
[xUnit.net 00:00:00.50]       Stack Trace:
[xUnit.net 00:00:00.50]         C:\Alex\Soft\Demo\Jinja2.NET\Jinja2.NET\OLdCode\Parser_old.cs(60,0): at Jinja2.NET.Parser_old.Consume(ETokenType type, String message)
[xUnit.net 00:00:00.50]         C:\Alex\Soft\Demo\Jinja2.NET\Jinja2.NET\OLdCode\Parsers\SetBlockParser.cs(15,0): at Jinja2.NET.Parsers.SetBlockParser.Parse(Parser_old parser, BlockNode block)
[xUnit.net 00:00:00.50]         C:\Alex\Soft\Demo\Jinja2.NET\Jinja2.NET\OLdCode\Parser_old.cs(310,0): at Jinja2.NET.Parser_old.ParseBlock()
[xUnit.net 00:00:00.50]         C:\Alex\Soft\Demo\Jinja2.NET\Jinja2.NET\OLdCode\Parser_old.cs(352,0): at Jinja2.NET.Parser_old.ParseNode()
[xUnit.net 00:00:00.50]         C:\Alex\Soft\Demo\Jinja2.NET\Jinja2.NET\OLdCode\Parser_old.cs(103,0): at Jinja2.NET.Parser_old.Parse()
[xUnit.net 00:00:00.50]         C:\Alex\Soft\Demo\Jinja2.NET\Jinja2.NET.Tests\ParserTests.cs(449,0): at Jinja2.NET.Tests.ParserTests.Parser_Should_Parse_MultiTarget_Set()
[xUnit.net 00:00:00.50]            at System.RuntimeMethodHandle.InvokeMethod(Object target, Void** arguments, Signature sig, Boolean isConstructor)
[xUnit.net 00:00:00.50]            at System.Reflection.MethodBaseInvoker.InvokeWithNoArgs(Object obj, BindingFlags invokeAttr)
  Failed Jinja2.NET.Tests.ParserTests.Parser_Should_Parse_For_Block_With_Nested_If_Else_And_Extra_Whitespace [9 ms]
  Error Message:
   System.InvalidOperationException : Expected '%}' or '-%}' after if condition (at line 3, column 9, token: Operator, value: '==')
  Stack Trace:
     at Jinja2.NET.Parser_old.Consume(ETokenType type, String message) in C:\Alex\Soft\Demo\Jinja2.NET\Jinja2.NET\OLdCode\Parser_old.cs:line 60
   at Jinja2.NET.Parsers.IfBlockParser.Parse(Parser_old parser, BlockNode block) in C:\Alex\Soft\Demo\Jinja2.NET\Jinja2.NET\OLdCode\Parsers\IfBlockParser.cs:line 18
   at Jinja2.NET.Parser_old.ParseBlock() in C:\Alex\Soft\Demo\Jinja2.NET\Jinja2.NET\OLdCode\Parser_old.cs:line 310
   at Jinja2.NET.Parser_old.ParseNode() in C:\Alex\Soft\Demo\Jinja2.NET\Jinja2.NET\OLdCode\Parser_old.cs:line 352
   at Jinja2.NET.Parser_old.ParseBlockBody(Parser_old parser, List`1 children, String[] endBlockNames) in C:\Alex\Soft\Demo\Jinja2.NET\Jinja2.NET\OLdCode\Parser_old.cs:line 122
   at Jinja2.NET.Parsers.ForBlockParser.Parse(Parser_old parser, BlockNode block) in C:\Alex\Soft\Demo\Jinja2.NET\Jinja2.NET\OLdCode\Parsers\ForBlockParser.cs:line 32
   at Jinja2.NET.Parser_old.ParseBlock() in C:\Alex\Soft\Demo\Jinja2.NET\Jinja2.NET\OLdCode\Parser_old.cs:line 310
   at Jinja2.NET.Parser_old.ParseNode() in C:\Alex\Soft\Demo\Jinja2.NET\Jinja2.NET\OLdCode\Parser_old.cs:line 352
   at Jinja2.NET.Parser_old.Parse() in C:\Alex\Soft\Demo\Jinja2.NET\Jinja2.NET\OLdCode\Parser_old.cs:line 103
   at Jinja2.NET.Tests.ParserTests.Parser_Should_Parse_For_Block_With_Nested_If_Else_And_Extra_Whitespace() in C:\Alex\Soft\Demo\Jinja2.NET\Jinja2.NET.Tests\ParserTests.cs:line 214
   at System.RuntimeMethodHandle.InvokeMethod(Object target, Void** arguments, Signature sig, Boolean isConstructor)
   at System.Reflection.MethodBaseInvoker.InvokeWithNoArgs(Object obj, BindingFlags invokeAttr)
  Passed Jinja2.NET.Tests.ParserTests.Parser_Should_Parse_For_Three_Arguments [6 ms]
  Passed Jinja2.NET.Tests.ParserTests.VisitListLiteral_Should_Return_List_Of_Values [< 1 ms]
  Failed Jinja2.NET.Tests.ParserTests.Parser_Should_Handle_Whitespace_Between_Blocks [16 ms]
  Error Message:
   Expected blocks to contain 2 item(s), but found 1: {
    Jinja2.NET.Nodes.BlockNode
    {
        Arguments = Jinja2.NET.Nodes.IdentifierNode
        {
            {
                Name = "foo"
            },
            Jinja2.NET.Nodes.LiteralNode
            {
                Value = 1
            }
        }
    ,
        Children = Jinja2.NET.Nodes.BlockNode
        {
            {
                Arguments = Jinja2.NET.Nodes.IdentifierNode
                {
                    {
                        Name =
                    Maximum recursion depth of 5 was reached.  Increase MaxDepth on AssertionScope or AssertionConfiguration to get more details.
                    }
                }
            ,
                Children = Jinja2.NET.Nodes.TextNode
                {
                    {
                        Content =
                    Maximum recursion depth of 5 was reached.  Increase MaxDepth on AssertionScope or AssertionConfiguration to get more details.
                    ,
                        TrimLeadingWhitespace =
                    Maximum recursion depth of 5 was reached.  Increase MaxDepth on AssertionScope or AssertionConfiguration to get more details.
                    ,
                        TrimTrailingWhitespace =
                    Maximum recursion depth of 5 was reached.  Increase MaxDepth on AssertionScope or AssertionConfiguration to get more details.
                    },
                    Jinja2.NET.Nodes.BlockNode
                    {
                        Arguments =
                    Maximum recursion depth of 5 was reached.  Increase MaxDepth on AssertionScope or AssertionConfiguration to get more details.
                    ,
                        Children =
                    Maximum recursion depth of 5 was reached.  Increase MaxDepth on AssertionScope or AssertionConfiguration to get more details.
                    ,
                        EndMarkerType =
                    Maximum recursion depth of 5 was reached.  Increase MaxDepth on AssertionScope or AssertionConfiguration to get more details.
                    ,
                        Name =
                    Maximum recursion depth of 5 was reached.  Increase MaxDepth on AssertionScope or AssertionConfiguration to get more details.
                    ,
                        StartMarkerType =
                    Maximum recursion depth of 5 was reached.  Increase MaxDepth on AssertionScope or AssertionConfiguration to get more details.
                    }
                }
            ,
                EndMarkerType = ETokenType.Text {value: 0},
                Name = "if",
                StartMarkerType = ETokenType.Text {value: 0}
            }
        }
    ,
        EndMarkerType = ETokenType.Text {value: 0},
        Name = "set",
        StartMarkerType = ETokenType.Text {value: 0}
    }
}.
  Stack Trace:
     at FluentAssertions.Execution.LateBoundTestFramework.Throw(String message)
   at FluentAssertions.Execution.DefaultAssertionStrategy.HandleFailure(String message)
   at FluentAssertions.Execution.AssertionScope.AddPreFormattedFailure(String formattedFailureMessage)
   at FluentAssertions.Execution.AssertionChain.FailWith(Func`1 getFailureReason)
   at FluentAssertions.Execution.AssertionChain.FailWith(Func`1 getFailureReason)
   at FluentAssertions.Execution.AssertionChain.FailWith(String message, Object[] args)
   at FluentAssertions.Collections.GenericCollectionAssertions`3.HaveCount(Int32 expected, String because, Object[] becauseArgs)
   at Jinja2.NET.Tests.ParserTests.Parser_Should_Handle_Whitespace_Between_Blocks() in C:\Alex\Soft\Demo\Jinja2.NET\Jinja2.NET.Tests\ParserTests.cs:line 103
   at System.RuntimeMethodHandle.InvokeMethod(Object target, Void** arguments, Signature sig, Boolean isConstructor)
   at System.Reflection.MethodBaseInvoker.InvokeWithNoArgs(Object obj, BindingFlags invokeAttr)
  Passed Jinja2.NET.Tests.ParserTests.Parser_Should_Parse_Complex_Set_Statement [7 ms]
  Passed Jinja2.NET.Tests.ParserTests.Parser_Should_Parse_Simple_If_Block [5 ms]
  Passed Jinja2.NET.Tests.ParserTests.Parser_Should_Parse_TextNode [< 1 ms]
  Failed Jinja2.NET.Tests.ParserTests.Parser_Should_Parse_MultiTarget_Set [5 ms]
  Error Message:
   System.InvalidOperationException : Expected '=' (at line 1, column 9, token: Comma, value: ',')
  Stack Trace:
     at Jinja2.NET.Parser_old.Consume(ETokenType type, String message) in C:\Alex\Soft\Demo\Jinja2.NET\Jinja2.NET\OLdCode\Parser_old.cs:line 60
   at Jinja2.NET.Parsers.SetBlockParser.Parse(Parser_old parser, BlockNode block) in C:\Alex\Soft\Demo\Jinja2.NET\Jinja2.NET\OLdCode\Parsers\SetBlockParser.cs:line 15
   at Jinja2.NET.Parser_old.ParseBlock() in C:\Alex\Soft\Demo\Jinja2.NET\Jinja2.NET\OLdCode\Parser_old.cs:line 310
   at Jinja2.NET.Parser_old.ParseNode() in C:\Alex\Soft\Demo\Jinja2.NET\Jinja2.NET\OLdCode\Parser_old.cs:line 352
   at Jinja2.NET.Parser_old.Parse() in C:\Alex\Soft\Demo\Jinja2.NET\Jinja2.NET\OLdCode\Parser_old.cs:line 103
   at Jinja2.NET.Tests.ParserTests.Parser_Should_Parse_MultiTarget_Set() in C:\Alex\Soft\Demo\Jinja2.NET\Jinja2.NET.Tests\ParserTests.cs:line 449
   at System.RuntimeMethodHandle.InvokeMethod(Object target, Void** arguments, Signature sig, Boolean isConstructor)
   at System.Reflection.MethodBaseInvoker.InvokeWithNoArgs(Object obj, BindingFlags invokeAttr)
  Passed Jinja2.NET.Tests.ParserTests.Parser_Should_Parse_LiteralNode_Number [7 ms]
[xUnit.net 00:00:00.54]       System.InvalidOperationException : Expected '%}' or '-%}' after if condition (at line 2, column 9, token: Operator, value: '==')
[xUnit.net 00:00:00.54]       Stack Trace:
[xUnit.net 00:00:00.54]         C:\Alex\Soft\Demo\Jinja2.NET\Jinja2.NET\OLdCode\Parser_old.cs(60,0): at Jinja2.NET.Parser_old.Consume(ETokenType type, String message)
[xUnit.net 00:00:00.54]         C:\Alex\Soft\Demo\Jinja2.NET\Jinja2.NET\OLdCode\Parsers\IfBlockParser.cs(18,0): at Jinja2.NET.Parsers.IfBlockParser.Parse(Parser_old parser, BlockNode block)
[xUnit.net 00:00:00.54]         C:\Alex\Soft\Demo\Jinja2.NET\Jinja2.NET\OLdCode\Parser_old.cs(310,0): at Jinja2.NET.Parser_old.ParseBlock()
[xUnit.net 00:00:00.54]         C:\Alex\Soft\Demo\Jinja2.NET\Jinja2.NET\OLdCode\Parser_old.cs(352,0): at Jinja2.NET.Parser_old.ParseNode()
[xUnit.net 00:00:00.54]         C:\Alex\Soft\Demo\Jinja2.NET\Jinja2.NET\OLdCode\Parser_old.cs(122,0): at Jinja2.NET.Parser_old.ParseBlockBody(Parser_old parser, List`1 children, String[] endBlockNames)
[xUnit.net 00:00:00.54]         C:\Alex\Soft\Demo\Jinja2.NET\Jinja2.NET\OLdCode\Parsers\ForBlockParser.cs(32,0): at Jinja2.NET.Parsers.ForBlockParser.Parse(Parser_old parser, BlockNode block)
[xUnit.net 00:00:00.54]         C:\Alex\Soft\Demo\Jinja2.NET\Jinja2.NET\OLdCode\Parser_old.cs(310,0): at Jinja2.NET.Parser_old.ParseBlock()
[xUnit.net 00:00:00.54]         C:\Alex\Soft\Demo\Jinja2.NET\Jinja2.NET\OLdCode\Parser_old.cs(352,0): at Jinja2.NET.Parser_old.ParseNode()
[xUnit.net 00:00:00.54]         C:\Alex\Soft\Demo\Jinja2.NET\Jinja2.NET\OLdCode\Parser_old.cs(103,0): at Jinja2.NET.Parser_old.Parse()
[xUnit.net 00:00:00.54]         C:\Alex\Soft\Demo\Jinja2.NET\Jinja2.NET.Tests\ParserTests.cs(162,0): at Jinja2.NET.Tests.ParserTests.Parser_Should_Parse_For_Block_With_Nested_If_And_No_Else()
[xUnit.net 00:00:00.54]            at System.RuntimeMethodHandle.InvokeMethod(Object target, Void** arguments, Signature sig, Boolean isConstructor)
[xUnit.net 00:00:00.54]            at System.Reflection.MethodBaseInvoker.InvokeWithNoArgs(Object obj, BindingFlags invokeAttr)
[xUnit.net 00:00:00.55]       System.InvalidOperationException : Unclosed block: 'raw' (at line 1, column 29, token: EOF, value: '')
[xUnit.net 00:00:00.55]       Stack Trace:
[xUnit.net 00:00:00.55]         C:\Alex\Soft\Demo\Jinja2.NET\Jinja2.NET\OLdCode\Parser_old.cs(112,0): at Jinja2.NET.Parser_old.Parse()
[xUnit.net 00:00:00.55]         C:\Alex\Soft\Demo\Jinja2.NET\Jinja2.NET.Tests\ParserTests.cs(485,0): at Jinja2.NET.Tests.ParserTests.Parser_Should_Parse_Raw_With_NonText()
[xUnit.net 00:00:00.55]            at System.RuntimeMethodHandle.InvokeMethod(Object target, Void** arguments, Signature sig, Boolean isConstructor)
[xUnit.net 00:00:00.55]            at System.Reflection.MethodBaseInvoker.InvokeWithNoArgs(Object obj, BindingFlags invokeAttr)
[xUnit.net 00:00:00.55]       Output:
[xUnit.net 00:00:00.55]         Tokens:
[xUnit.net 00:00:00.55]         Token: BlockStart [{%]
[xUnit.net 00:00:00.55]         Token: Text [ ]
[xUnit.net 00:00:00.55]         Token: Identifier [raw]
[xUnit.net 00:00:00.55]         Token: Text [ ]
[xUnit.net 00:00:00.55]         Token: BlockEnd [%}]
[xUnit.net 00:00:00.55]         Token: VariableStart [{{]
[xUnit.net 00:00:00.55]         Token: Text [ ]
[xUnit.net 00:00:00.55]         Token: Identifier [x]
[xUnit.net 00:00:00.55]         Token: Text [ ]
[xUnit.net 00:00:00.55]         Token: VariableEnd [}}]
[xUnit.net 00:00:00.55]         Token: BlockStart [{%]
[xUnit.net 00:00:00.55]         Token: Text [ ]
[xUnit.net 00:00:00.55]         Token: Identifier [endraw]
[xUnit.net 00:00:00.55]         Token: Text [ ]
[xUnit.net 00:00:00.55]         Token: BlockEnd [%}]
[xUnit.net 00:00:00.55]         Token: EOF []
[xUnit.net 00:00:00.55]         
[xUnit.net 00:00:00.56]       Expected ifBlock.Children to contain 3 item(s), but found 2: {
[xUnit.net 00:00:00.56]           Jinja2.NET.Nodes.TextNode
[xUnit.net 00:00:00.56]           {
[xUnit.net 00:00:00.56]               Content = "A",
[xUnit.net 00:00:00.56]               TrimLeadingWhitespace = False,
[xUnit.net 00:00:00.56]               TrimTrailingWhitespace = False
[xUnit.net 00:00:00.56]           },
[xUnit.net 00:00:00.56]           Jinja2.NET.Nodes.BlockNode
[xUnit.net 00:00:00.56]           {
[xUnit.net 00:00:00.56]               Arguments = Jinja2.NET.Nodes.IdentifierNode
[xUnit.net 00:00:00.56]               {
[xUnit.net 00:00:00.56]                   {
[xUnit.net 00:00:00.56]                       Name = "y"
[xUnit.net 00:00:00.56]                   }
[xUnit.net 00:00:00.56]               }
[xUnit.net 00:00:00.56]           ,
[xUnit.net 00:00:00.56]               Children = Jinja2.NET.Nodes.TextNode
[xUnit.net 00:00:00.56]               {
[xUnit.net 00:00:00.56]                   {
[xUnit.net 00:00:00.56]                       Content = "B",
[xUnit.net 00:00:00.56]                       TrimLeadingWhitespace = False,
[xUnit.net 00:00:00.56]                       TrimTrailingWhitespace = False
[xUnit.net 00:00:00.56]                   },
[xUnit.net 00:00:00.56]                   Jinja2.NET.Nodes.BlockNode
[xUnit.net 00:00:00.56]                   {
[xUnit.net 00:00:00.56]                       Arguments = {empty},
[xUnit.net 00:00:00.56]                       Children = Jinja2.NET.Nodes.TextNode
[xUnit.net 00:00:00.56]                       {
[xUnit.net 00:00:00.56]                           {
[xUnit.net 00:00:00.56]                               Content =
[xUnit.net 00:00:00.56]                           Maximum recursion depth of 5 was reached.  Increase MaxDepth on AssertionScope or AssertionConfiguration to get more details.
[xUnit.net 00:00:00.56]                           ,
[xUnit.net 00:00:00.56]                               TrimLeadingWhitespace =
[xUnit.net 00:00:00.56]                           Maximum recursion depth of 5 was reached.  Increase MaxDepth on AssertionScope or AssertionConfiguration to get more details.
[xUnit.net 00:00:00.56]                           ,
[xUnit.net 00:00:00.56]                               TrimTrailingWhitespace =
[xUnit.net 00:00:00.56]                           Maximum recursion depth of 5 was reached.  Increase MaxDepth on AssertionScope or AssertionConfiguration to get more details.
[xUnit.net 00:00:00.56]                           }
[xUnit.net 00:00:00.56]                       }
[xUnit.net 00:00:00.56]                   ,
[xUnit.net 00:00:00.56]                       EndMarkerType = ETokenType.Text {value: 0},
[xUnit.net 00:00:00.56]                       Name = "else",
[xUnit.net 00:00:00.56]                       StartMarkerType = ETokenType.Text {value: 0}
[xUnit.net 00:00:00.56]                   }
[xUnit.net 00:00:00.56]               }
[xUnit.net 00:00:00.56]           ,
[xUnit.net 00:00:00.56]               EndMarkerType = ETokenType.Text {value: 0},
[xUnit.net 00:00:00.56]               Name = "elif",
[xUnit.net 00:00:00.56]               StartMarkerType = ETokenType.Text {value: 0}
[xUnit.net 00:00:00.56]           }
[xUnit.net 00:00:00.56]       }.
[xUnit.net 00:00:00.56]       Stack Trace:
[xUnit.net 00:00:00.56]            at FluentAssertions.Execution.LateBoundTestFramework.Throw(String message)
[xUnit.net 00:00:00.56]            at FluentAssertions.Execution.DefaultAssertionStrategy.HandleFailure(String message)
[xUnit.net 00:00:00.56]            at FluentAssertions.Execution.AssertionScope.AddPreFormattedFailure(String formattedFailureMessage)
[xUnit.net 00:00:00.56]            at FluentAssertions.Execution.AssertionChain.FailWith(Func`1 getFailureReason)
[xUnit.net 00:00:00.56]            at FluentAssertions.Execution.AssertionChain.FailWith(Func`1 getFailureReason)
[xUnit.net 00:00:00.56]            at FluentAssertions.Execution.AssertionChain.FailWith(String message, Object[] args)
[xUnit.net 00:00:00.56]            at FluentAssertions.Collections.GenericCollectionAssertions`3.HaveCount(Int32 expected, String because, Object[] becauseArgs)
[xUnit.net 00:00:00.56]         C:\Alex\Soft\Demo\Jinja2.NET\Jinja2.NET.Tests\ParserTests.cs(412,0): at Jinja2.NET.Tests.ParserTests.Parser_Should_Parse_If_With_Elif()
[xUnit.net 00:00:00.56]            at System.RuntimeMethodHandle.InvokeMethod(Object target, Void** arguments, Signature sig, Boolean isConstructor)
[xUnit.net 00:00:00.56]            at System.Reflection.MethodBaseInvoker.InvokeWithNoArgs(Object obj, BindingFlags invokeAttr)
  Passed Jinja2.NET.Tests.ParserTests.Parser_Should_Parse_If_Block_With_Whitespace [9 ms]
  Passed Jinja2.NET.Tests.ParserTests.Parser_Should_Throw_On_Unexpected_Token [1 ms]
  Passed Jinja2.NET.Tests.ParserTests.Parser_Should_Parse_For_With_Else [7 ms]
  Failed Jinja2.NET.Tests.ParserTests.Parser_Should_Parse_For_Block_With_Nested_If_And_No_Else [5 ms]
  Error Message:
   System.InvalidOperationException : Expected '%}' or '-%}' after if condition (at line 2, column 9, token: Operator, value: '==')
  Stack Trace:
     at Jinja2.NET.Parser_old.Consume(ETokenType type, String message) in C:\Alex\Soft\Demo\Jinja2.NET\Jinja2.NET\OLdCode\Parser_old.cs:line 60
   at Jinja2.NET.Parsers.IfBlockParser.Parse(Parser_old parser, BlockNode block) in C:\Alex\Soft\Demo\Jinja2.NET\Jinja2.NET\OLdCode\Parsers\IfBlockParser.cs:line 18
   at Jinja2.NET.Parser_old.ParseBlock() in C:\Alex\Soft\Demo\Jinja2.NET\Jinja2.NET\OLdCode\Parser_old.cs:line 310
   at Jinja2.NET.Parser_old.ParseNode() in C:\Alex\Soft\Demo\Jinja2.NET\Jinja2.NET\OLdCode\Parser_old.cs:line 352
   at Jinja2.NET.Parser_old.ParseBlockBody(Parser_old parser, List`1 children, String[] endBlockNames) in C:\Alex\Soft\Demo\Jinja2.NET\Jinja2.NET\OLdCode\Parser_old.cs:line 122
   at Jinja2.NET.Parsers.ForBlockParser.Parse(Parser_old parser, BlockNode block) in C:\Alex\Soft\Demo\Jinja2.NET\Jinja2.NET\OLdCode\Parsers\ForBlockParser.cs:line 32
   at Jinja2.NET.Parser_old.ParseBlock() in C:\Alex\Soft\Demo\Jinja2.NET\Jinja2.NET\OLdCode\Parser_old.cs:line 310
   at Jinja2.NET.Parser_old.ParseNode() in C:\Alex\Soft\Demo\Jinja2.NET\Jinja2.NET\OLdCode\Parser_old.cs:line 352
   at Jinja2.NET.Parser_old.Parse() in C:\Alex\Soft\Demo\Jinja2.NET\Jinja2.NET\OLdCode\Parser_old.cs:line 103
   at Jinja2.NET.Tests.ParserTests.Parser_Should_Parse_For_Block_With_Nested_If_And_No_Else() in C:\Alex\Soft\Demo\Jinja2.NET\Jinja2.NET.Tests\ParserTests.cs:line 162
   at System.RuntimeMethodHandle.InvokeMethod(Object target, Void** arguments, Signature sig, Boolean isConstructor)
   at System.Reflection.MethodBaseInvoker.InvokeWithNoArgs(Object obj, BindingFlags invokeAttr)
  Passed Jinja2.NET.Tests.ParserTests.Parser_Should_Allow_Simple_Unknown_Block [8 ms]
  Failed Jinja2.NET.Tests.ParserTests.Parser_Should_Parse_Raw_With_NonText [7 ms]
  Error Message:
   System.InvalidOperationException : Unclosed block: 'raw' (at line 1, column 29, token: EOF, value: '')
  Stack Trace:
     at Jinja2.NET.Parser_old.Parse() in C:\Alex\Soft\Demo\Jinja2.NET\Jinja2.NET\OLdCode\Parser_old.cs:line 112
   at Jinja2.NET.Tests.ParserTests.Parser_Should_Parse_Raw_With_NonText() in C:\Alex\Soft\Demo\Jinja2.NET\Jinja2.NET.Tests\ParserTests.cs:line 485
   at System.RuntimeMethodHandle.InvokeMethod(Object target, Void** arguments, Signature sig, Boolean isConstructor)
   at System.Reflection.MethodBaseInvoker.InvokeWithNoArgs(Object obj, BindingFlags invokeAttr)
  Standard Output Messages:
 Tokens:
 Token: BlockStart [{%]
 Token: Text [ ]
 Token: Identifier [raw]
 Token: Text [ ]
 Token: BlockEnd [%}]
 Token: VariableStart [{{]
 Token: Text [ ]
 Token: Identifier [x]
 Token: Text [ ]
 Token: VariableEnd [}}]
 Token: BlockStart [{%]
 Token: Text [ ]
 Token: Identifier [endraw]
 Token: Text [ ]
 Token: BlockEnd [%}]
 Token: EOF []
 


  Failed Jinja2.NET.Tests.ParserTests.Parser_Should_Parse_If_With_Elif [9 ms]
  Error Message:
   Expected ifBlock.Children to contain 3 item(s), but found 2: {
    Jinja2.NET.Nodes.TextNode
    {
        Content = "A",
        TrimLeadingWhitespace = False,
        TrimTrailingWhitespace = False
    },
    Jinja2.NET.Nodes.BlockNode
    {
        Arguments = Jinja2.NET.Nodes.IdentifierNode
        {
            {
                Name = "y"
            }
        }
    ,
        Children = Jinja2.NET.Nodes.TextNode
        {
            {
                Content = "B",
                TrimLeadingWhitespace = False,
                TrimTrailingWhitespace = False
            },
            Jinja2.NET.Nodes.BlockNode
            {
                Arguments = {empty},
                Children = Jinja2.NET.Nodes.TextNode
                {
                    {
                        Content =
                    Maximum recursion depth of 5 was reached.  Increase MaxDepth on AssertionScope or AssertionConfiguration to get more details.
                    ,
                        TrimLeadingWhitespace =
                    Maximum recursion depth of 5 was reached.  Increase MaxDepth on AssertionScope or AssertionConfiguration to get more details.
                    ,
                        TrimTrailingWhitespace =
                    Maximum recursion depth of 5 was reached.  Increase MaxDepth on AssertionScope or AssertionConfiguration to get more details.
                    }
                }
            ,
                EndMarkerType = ETokenType.Text {value: 0},
                Name = "else",
                StartMarkerType = ETokenType.Text {value: 0}
            }
        }
    ,
        EndMarkerType = ETokenType.Text {value: 0},
        Name = "elif",
        StartMarkerType = ETokenType.Text {value: 0}
    }
}.
  Stack Trace:
     at FluentAssertions.Execution.LateBoundTestFramework.Throw(String message)
   at FluentAssertions.Execution.DefaultAssertionStrategy.HandleFailure(String message)
   at FluentAssertions.Execution.AssertionScope.AddPreFormattedFailure(String formattedFailureMessage)
   at FluentAssertions.Execution.AssertionChain.FailWith(Func`1 getFailureReason)
   at FluentAssertions.Execution.AssertionChain.FailWith(Func`1 getFailureReason)
   at FluentAssertions.Execution.AssertionChain.FailWith(String message, Object[] args)
   at FluentAssertions.Collections.GenericCollectionAssertions`3.HaveCount(Int32 expected, String because, Object[] becauseArgs)
   at Jinja2.NET.Tests.ParserTests.Parser_Should_Parse_If_With_Elif() in C:\Alex\Soft\Demo\Jinja2.NET\Jinja2.NET.Tests\ParserTests.cs:line 412
   at System.RuntimeMethodHandle.InvokeMethod(Object target, Void** arguments, Signature sig, Boolean isConstructor)
   at System.Reflection.MethodBaseInvoker.InvokeWithNoArgs(Object obj, BindingFlags invokeAttr)
  Passed Jinja2.NET.Tests.ParserTests.Parser_Should_Allow_NonWhitespace_Text_Between_Else_And_Endif [6 ms]
  Passed Jinja2.NET.Tests.ParserTests.Parser_Should_Parse_VariableNode [10 ms]
[xUnit.net 00:00:00.59]       System.InvalidOperationException : Expected '%}' or '-%}' after if condition (at line 4, column 13, token: Operator, value: '==')
[xUnit.net 00:00:00.59]       Stack Trace:
[xUnit.net 00:00:00.59]         C:\Alex\Soft\Demo\Jinja2.NET\Jinja2.NET\OLdCode\Parser_old.cs(60,0): at Jinja2.NET.Parser_old.Consume(ETokenType type, String message)
[xUnit.net 00:00:00.59]         C:\Alex\Soft\Demo\Jinja2.NET\Jinja2.NET\OLdCode\Parsers\IfBlockParser.cs(18,0): at Jinja2.NET.Parsers.IfBlockParser.Parse(Parser_old parser, BlockNode block)
[xUnit.net 00:00:00.59]         C:\Alex\Soft\Demo\Jinja2.NET\Jinja2.NET\OLdCode\Parser_old.cs(310,0): at Jinja2.NET.Parser_old.ParseBlock()
[xUnit.net 00:00:00.59]         C:\Alex\Soft\Demo\Jinja2.NET\Jinja2.NET\OLdCode\Parser_old.cs(352,0): at Jinja2.NET.Parser_old.ParseNode()
[xUnit.net 00:00:00.59]         C:\Alex\Soft\Demo\Jinja2.NET\Jinja2.NET\OLdCode\Parser_old.cs(122,0): at Jinja2.NET.Parser_old.ParseBlockBody(Parser_old parser, List`1 children, String[] endBlockNames)
[xUnit.net 00:00:00.59]         C:\Alex\Soft\Demo\Jinja2.NET\Jinja2.NET\OLdCode\Parsers\ForBlockParser.cs(32,0): at Jinja2.NET.Parsers.ForBlockParser.Parse(Parser_old parser, BlockNode block)
[xUnit.net 00:00:00.59]         C:\Alex\Soft\Demo\Jinja2.NET\Jinja2.NET\OLdCode\Parser_old.cs(310,0): at Jinja2.NET.Parser_old.ParseBlock()
[xUnit.net 00:00:00.59]         C:\Alex\Soft\Demo\Jinja2.NET\Jinja2.NET\OLdCode\Parser_old.cs(352,0): at Jinja2.NET.Parser_old.ParseNode()
[xUnit.net 00:00:00.59]         C:\Alex\Soft\Demo\Jinja2.NET\Jinja2.NET\OLdCode\Parser_old.cs(122,0): at Jinja2.NET.Parser_old.ParseBlockBody(Parser_old parser, List`1 children, String[] endBlockNames)
[xUnit.net 00:00:00.59]         C:\Alex\Soft\Demo\Jinja2.NET\Jinja2.NET\OLdCode\Parsers\SetBlockParser.cs(25,0): at Jinja2.NET.Parsers.SetBlockParser.Parse(Parser_old parser, BlockNode block)
[xUnit.net 00:00:00.59]         C:\Alex\Soft\Demo\Jinja2.NET\Jinja2.NET\OLdCode\Parser_old.cs(310,0): at Jinja2.NET.Parser_old.ParseBlock()
[xUnit.net 00:00:00.59]         C:\Alex\Soft\Demo\Jinja2.NET\Jinja2.NET\OLdCode\Parser_old.cs(352,0): at Jinja2.NET.Parser_old.ParseNode()
[xUnit.net 00:00:00.59]         C:\Alex\Soft\Demo\Jinja2.NET\Jinja2.NET\OLdCode\Parser_old.cs(103,0): at Jinja2.NET.Parser_old.Parse()
[xUnit.net 00:00:00.59]         C:\Alex\Soft\Demo\Jinja2.NET\Jinja2.NET.Tests\ParserTests.cs(68,0): at Jinja2.NET.Tests.ParserTests.Parser_Should_Handle_Indented_Complex_Blocks()
[xUnit.net 00:00:00.59]            at System.RuntimeMethodHandle.InvokeMethod(Object target, Void** arguments, Signature sig, Boolean isConstructor)
[xUnit.net 00:00:00.59]            at System.Reflection.MethodBaseInvoker.InvokeWithNoArgs(Object obj, BindingFlags invokeAttr)
[xUnit.net 00:00:00.60]       System.InvalidOperationException : Expected 'in' keyword (at line 1, column 15, token: Text, value: ' ')
[xUnit.net 00:00:00.60]       Stack Trace:
[xUnit.net 00:00:00.60]         C:\Alex\Soft\Demo\Jinja2.NET\Jinja2.NET\OLdCode\Parsers\ForBlockParser.cs(20,0): at Jinja2.NET.Parsers.ForBlockParser.Parse(Parser_old parser, BlockNode block)
[xUnit.net 00:00:00.60]         C:\Alex\Soft\Demo\Jinja2.NET\Jinja2.NET\OLdCode\Parser_old.cs(310,0): at Jinja2.NET.Parser_old.ParseBlock()
[xUnit.net 00:00:00.60]         C:\Alex\Soft\Demo\Jinja2.NET\Jinja2.NET\OLdCode\Parser_old.cs(352,0): at Jinja2.NET.Parser_old.ParseNode()
[xUnit.net 00:00:00.60]         C:\Alex\Soft\Demo\Jinja2.NET\Jinja2.NET\OLdCode\Parser_old.cs(103,0): at Jinja2.NET.Parser_old.Parse()
[xUnit.net 00:00:00.60]         C:\Alex\Soft\Demo\Jinja2.NET\Jinja2.NET.Tests\ParserTests.cs(316,0): at Jinja2.NET.Tests.ParserTests.Parser_Should_Parse_For_Two_Arguments()
[xUnit.net 00:00:00.60]            at System.RuntimeMethodHandle.InvokeMethod(Object target, Void** arguments, Signature sig, Boolean isConstructor)
[xUnit.net 00:00:00.60]            at System.Reflection.MethodBaseInvoker.InvokeWithNoArgs(Object obj, BindingFlags invokeAttr)
[xUnit.net 00:00:00.60]       System.InvalidOperationException : Expected '%}' or '-%}' after if condition (at line 2, column 9, token: Operator, value: '==')
[xUnit.net 00:00:00.60]       Stack Trace:
[xUnit.net 00:00:00.60]         C:\Alex\Soft\Demo\Jinja2.NET\Jinja2.NET\OLdCode\Parser_old.cs(60,0): at Jinja2.NET.Parser_old.Consume(ETokenType type, String message)
[xUnit.net 00:00:00.60]         C:\Alex\Soft\Demo\Jinja2.NET\Jinja2.NET\OLdCode\Parsers\IfBlockParser.cs(18,0): at Jinja2.NET.Parsers.IfBlockParser.Parse(Parser_old parser, BlockNode block)
[xUnit.net 00:00:00.60]         C:\Alex\Soft\Demo\Jinja2.NET\Jinja2.NET\OLdCode\Parser_old.cs(310,0): at Jinja2.NET.Parser_old.ParseBlock()
[xUnit.net 00:00:00.60]         C:\Alex\Soft\Demo\Jinja2.NET\Jinja2.NET\OLdCode\Parser_old.cs(352,0): at Jinja2.NET.Parser_old.ParseNode()
[xUnit.net 00:00:00.60]         C:\Alex\Soft\Demo\Jinja2.NET\Jinja2.NET\OLdCode\Parser_old.cs(122,0): at Jinja2.NET.Parser_old.ParseBlockBody(Parser_old parser, List`1 children, String[] endBlockNames)
[xUnit.net 00:00:00.60]         C:\Alex\Soft\Demo\Jinja2.NET\Jinja2.NET\OLdCode\Parsers\ForBlockParser.cs(32,0): at Jinja2.NET.Parsers.ForBlockParser.Parse(Parser_old parser, BlockNode block)
[xUnit.net 00:00:00.60]         C:\Alex\Soft\Demo\Jinja2.NET\Jinja2.NET\OLdCode\Parser_old.cs(310,0): at Jinja2.NET.Parser_old.ParseBlock()
[xUnit.net 00:00:00.61]         C:\Alex\Soft\Demo\Jinja2.NET\Jinja2.NET\OLdCode\Parser_old.cs(352,0): at Jinja2.NET.Parser_old.ParseNode()
[xUnit.net 00:00:00.61]         C:\Alex\Soft\Demo\Jinja2.NET\Jinja2.NET\OLdCode\Parser_old.cs(103,0): at Jinja2.NET.Parser_old.Parse()
[xUnit.net 00:00:00.61]         C:\Alex\Soft\Demo\Jinja2.NET\Jinja2.NET.Tests\ParserTests.cs(185,0): at Jinja2.NET.Tests.ParserTests.Parser_Should_Parse_For_Block_With_Nested_If_Else()
[xUnit.net 00:00:00.61]            at System.RuntimeMethodHandle.InvokeMethod(Object target, Void** arguments, Signature sig, Boolean isConstructor)
[xUnit.net 00:00:00.61]            at System.Reflection.MethodBaseInvoker.InvokeWithNoArgs(Object obj, BindingFlags invokeAttr)
[xUnit.net 00:00:00.61]   Finished:    Jinja2.NET.Tests
  Failed Jinja2.NET.Tests.ParserTests.Parser_Should_Handle_Indented_Complex_Blocks [8 ms]
  Error Message:
   System.InvalidOperationException : Expected '%}' or '-%}' after if condition (at line 4, column 13, token: Operator, value: '==')
  Stack Trace:
     at Jinja2.NET.Parser_old.Consume(ETokenType type, String message) in C:\Alex\Soft\Demo\Jinja2.NET\Jinja2.NET\OLdCode\Parser_old.cs:line 60
   at Jinja2.NET.Parsers.IfBlockParser.Parse(Parser_old parser, BlockNode block) in C:\Alex\Soft\Demo\Jinja2.NET\Jinja2.NET\OLdCode\Parsers\IfBlockParser.cs:line 18
   at Jinja2.NET.Parser_old.ParseBlock() in C:\Alex\Soft\Demo\Jinja2.NET\Jinja2.NET\OLdCode\Parser_old.cs:line 310
   at Jinja2.NET.Parser_old.ParseNode() in C:\Alex\Soft\Demo\Jinja2.NET\Jinja2.NET\OLdCode\Parser_old.cs:line 352
   at Jinja2.NET.Parser_old.ParseBlockBody(Parser_old parser, List`1 children, String[] endBlockNames) in C:\Alex\Soft\Demo\Jinja2.NET\Jinja2.NET\OLdCode\Parser_old.cs:line 122
   at Jinja2.NET.Parsers.ForBlockParser.Parse(Parser_old parser, BlockNode block) in C:\Alex\Soft\Demo\Jinja2.NET\Jinja2.NET\OLdCode\Parsers\ForBlockParser.cs:line 32
   at Jinja2.NET.Parser_old.ParseBlock() in C:\Alex\Soft\Demo\Jinja2.NET\Jinja2.NET\OLdCode\Parser_old.cs:line 310
   at Jinja2.NET.Parser_old.ParseNode() in C:\Alex\Soft\Demo\Jinja2.NET\Jinja2.NET\OLdCode\Parser_old.cs:line 352
   at Jinja2.NET.Parser_old.ParseBlockBody(Parser_old parser, List`1 children, String[] endBlockNames) in C:\Alex\Soft\Demo\Jinja2.NET\Jinja2.NET\OLdCode\Parser_old.cs:line 122
   at Jinja2.NET.Parsers.SetBlockParser.Parse(Parser_old parser, BlockNode block) in C:\Alex\Soft\Demo\Jinja2.NET\Jinja2.NET\OLdCode\Parsers\SetBlockParser.cs:line 25
   at Jinja2.NET.Parser_old.ParseBlock() in C:\Alex\Soft\Demo\Jinja2.NET\Jinja2.NET\OLdCode\Parser_old.cs:line 310
   at Jinja2.NET.Parser_old.ParseNode() in C:\Alex\Soft\Demo\Jinja2.NET\Jinja2.NET\OLdCode\Parser_old.cs:line 352
   at Jinja2.NET.Parser_old.Parse() in C:\Alex\Soft\Demo\Jinja2.NET\Jinja2.NET\OLdCode\Parser_old.cs:line 103
   at Jinja2.NET.Tests.ParserTests.Parser_Should_Handle_Indented_Complex_Blocks() in C:\Alex\Soft\Demo\Jinja2.NET\Jinja2.NET.Tests\ParserTests.cs:line 68
   at System.RuntimeMethodHandle.InvokeMethod(Object target, Void** arguments, Signature sig, Boolean isConstructor)
   at System.Reflection.MethodBaseInvoker.InvokeWithNoArgs(Object obj, BindingFlags invokeAttr)
  Failed Jinja2.NET.Tests.ParserTests.Parser_Should_Parse_For_Two_Arguments [8 ms]
  Error Message:
   System.InvalidOperationException : Expected 'in' keyword (at line 1, column 15, token: Text, value: ' ')
  Stack Trace:
     at Jinja2.NET.Parsers.ForBlockParser.Parse(Parser_old parser, BlockNode block) in C:\Alex\Soft\Demo\Jinja2.NET\Jinja2.NET\OLdCode\Parsers\ForBlockParser.cs:line 20
   at Jinja2.NET.Parser_old.ParseBlock() in C:\Alex\Soft\Demo\Jinja2.NET\Jinja2.NET\OLdCode\Parser_old.cs:line 310
   at Jinja2.NET.Parser_old.ParseNode() in C:\Alex\Soft\Demo\Jinja2.NET\Jinja2.NET\OLdCode\Parser_old.cs:line 352
   at Jinja2.NET.Parser_old.Parse() in C:\Alex\Soft\Demo\Jinja2.NET\Jinja2.NET\OLdCode\Parser_old.cs:line 103
   at Jinja2.NET.Tests.ParserTests.Parser_Should_Parse_For_Two_Arguments() in C:\Alex\Soft\Demo\Jinja2.NET\Jinja2.NET.Tests\ParserTests.cs:line 316
   at System.RuntimeMethodHandle.InvokeMethod(Object target, Void** arguments, Signature sig, Boolean isConstructor)
   at System.Reflection.MethodBaseInvoker.InvokeWithNoArgs(Object obj, BindingFlags invokeAttr)
  Failed Jinja2.NET.Tests.ParserTests.Parser_Should_Parse_For_Block_With_Nested_If_Else [7 ms]
  Error Message:
   System.InvalidOperationException : Expected '%}' or '-%}' after if condition (at line 2, column 9, token: Operator, value: '==')
  Stack Trace:
     at Jinja2.NET.Parser_old.Consume(ETokenType type, String message) in C:\Alex\Soft\Demo\Jinja2.NET\Jinja2.NET\OLdCode\Parser_old.cs:line 60
   at Jinja2.NET.Parsers.IfBlockParser.Parse(Parser_old parser, BlockNode block) in C:\Alex\Soft\Demo\Jinja2.NET\Jinja2.NET\OLdCode\Parsers\IfBlockParser.cs:line 18
   at Jinja2.NET.Parser_old.ParseBlock() in C:\Alex\Soft\Demo\Jinja2.NET\Jinja2.NET\OLdCode\Parser_old.cs:line 310
   at Jinja2.NET.Parser_old.ParseNode() in C:\Alex\Soft\Demo\Jinja2.NET\Jinja2.NET\OLdCode\Parser_old.cs:line 352
   at Jinja2.NET.Parser_old.ParseBlockBody(Parser_old parser, List`1 children, String[] endBlockNames) in C:\Alex\Soft\Demo\Jinja2.NET\Jinja2.NET\OLdCode\Parser_old.cs:line 122
   at Jinja2.NET.Parsers.ForBlockParser.Parse(Parser_old parser, BlockNode block) in C:\Alex\Soft\Demo\Jinja2.NET\Jinja2.NET\OLdCode\Parsers\ForBlockParser.cs:line 32
   at Jinja2.NET.Parser_old.ParseBlock() in C:\Alex\Soft\Demo\Jinja2.NET\Jinja2.NET\OLdCode\Parser_old.cs:line 310
   at Jinja2.NET.Parser_old.ParseNode() in C:\Alex\Soft\Demo\Jinja2.NET\Jinja2.NET\OLdCode\Parser_old.cs:line 352
   at Jinja2.NET.Parser_old.Parse() in C:\Alex\Soft\Demo\Jinja2.NET\Jinja2.NET\OLdCode\Parser_old.cs:line 103
   at Jinja2.NET.Tests.ParserTests.Parser_Should_Parse_For_Block_With_Nested_If_Else() in C:\Alex\Soft\Demo\Jinja2.NET\Jinja2.NET.Tests\ParserTests.cs:line 185
   at System.RuntimeMethodHandle.InvokeMethod(Object target, Void** arguments, Signature sig, Boolean isConstructor)
   at System.Reflection.MethodBaseInvoker.InvokeWithNoArgs(Object obj, BindingFlags invokeAttr)

Total tests: 106
     Passed: 63
     Failed: 43
 Total time: 1.5624 Seconds
